<?xml version="1.0" encoding="UTF-8"?>
<coverage generated="1770698421016" clover="3.2.0">
  <project timestamp="1770698421016" name="All files">
    <metrics statements="566" coveredstatements="0" conditionals="245" coveredconditionals="0" methods="48" coveredmethods="0" elements="859" coveredelements="0" complexity="0" loc="566" ncloc="566" packages="1" files="1" classes="1"/>
    <file name="index.ts" path="/Users/rehanrizvi/perched-app/functions/src/index.ts">
      <metrics statements="566" coveredstatements="0" conditionals="245" coveredconditionals="0" methods="48" coveredmethods="0"/>
      <line num="7" count="0" type="stmt"/>
      <line num="8" count="0" type="stmt"/>
      <line num="9" count="0" type="stmt"/>
      <line num="10" count="0" type="stmt"/>
      <line num="11" count="0" type="stmt"/>
      <line num="12" count="0" type="stmt"/>
      <line num="14" count="0" type="stmt"/>
      <line num="16" count="0" type="stmt"/>
      <line num="19" count="0" type="stmt"/>
      <line num="41" count="0" type="stmt"/>
      <line num="55" count="0" type="stmt"/>
      <line num="66" count="0" type="stmt"/>
      <line num="69" count="0" type="stmt"/>
      <line num="82" count="0" type="cond" truecount="0" falsecount="2"/>
      <line num="83" count="0" type="cond" truecount="0" falsecount="1"/>
      <line num="84" count="0" type="stmt"/>
      <line num="85" count="0" type="stmt"/>
      <line num="87" count="0" type="stmt"/>
      <line num="88" count="0" type="stmt"/>
      <line num="94" count="0" type="stmt"/>
      <line num="98" count="0" type="stmt"/>
      <line num="109" count="0" type="stmt"/>
      <line num="110" count="0" type="cond" truecount="0" falsecount="1"/>
      <line num="111" count="0" type="stmt"/>
      <line num="112" count="0" type="stmt"/>
      <line num="114" count="0" type="stmt"/>
      <line num="123" count="0" type="stmt"/>
      <line num="124" count="0" type="cond" truecount="0" falsecount="1"/>
      <line num="125" count="0" type="stmt"/>
      <line num="129" count="0" type="stmt"/>
      <line num="130" count="0" type="cond" truecount="0" falsecount="2"/>
      <line num="131" count="0" type="cond" truecount="0" falsecount="1"/>
      <line num="132" count="0" type="stmt"/>
      <line num="133" count="0" type="stmt"/>
      <line num="136" count="0" type="stmt"/>
      <line num="137" count="0" type="stmt"/>
      <line num="138" count="0" type="stmt"/>
      <line num="140" count="0" type="cond" truecount="0" falsecount="1"/>
      <line num="141" count="0" type="stmt"/>
      <line num="142" count="0" type="stmt"/>
      <line num="145" count="0" type="stmt"/>
      <line num="147" count="0" type="stmt"/>
      <line num="148" count="0" type="stmt"/>
      <line num="153" count="0" type="stmt"/>
      <line num="154" count="0" type="stmt"/>
      <line num="160" count="0" type="stmt"/>
      <line num="161" count="0" type="cond" truecount="0" falsecount="3"/>
      <line num="162" count="0" type="stmt"/>
      <line num="165" count="0" type="stmt"/>
      <line num="166" count="0" type="stmt"/>
      <line num="167" count="0" type="stmt"/>
      <line num="178" count="0" type="stmt"/>
      <line num="181" count="0" type="stmt"/>
      <line num="182" count="0" type="stmt"/>
      <line num="184" count="0" type="cond" truecount="0" falsecount="1"/>
      <line num="185" count="0" type="stmt"/>
      <line num="188" count="0" type="stmt"/>
      <line num="191" count="0" type="stmt"/>
      <line num="196" count="0" type="stmt"/>
      <line num="198" count="0" type="cond" truecount="0" falsecount="2"/>
      <line num="199" count="0" type="stmt"/>
      <line num="202" count="0" type="stmt"/>
      <line num="209" count="0" type="cond" truecount="0" falsecount="1"/>
      <line num="210" count="0" type="stmt"/>
      <line num="214" count="0" type="cond" truecount="0" falsecount="1"/>
      <line num="215" count="0" type="stmt"/>
      <line num="216" count="0" type="stmt"/>
      <line num="217" count="0" type="stmt"/>
      <line num="221" count="0" type="stmt"/>
      <line num="222" count="0" type="stmt"/>
      <line num="224" count="0" type="stmt"/>
      <line num="225" count="0" type="cond" truecount="0" falsecount="2"/>
      <line num="228" count="0" type="cond" truecount="0" falsecount="2"/>
      <line num="229" count="0" type="stmt"/>
      <line num="230" count="0" type="cond" truecount="0" falsecount="2"/>
      <line num="231" count="0" type="stmt"/>
      <line num="234" count="0" type="stmt"/>
      <line num="242" count="0" type="stmt"/>
      <line num="250" count="0" type="stmt"/>
      <line num="251" count="0" type="cond" truecount="0" falsecount="1"/>
      <line num="252" count="0" type="stmt"/>
      <line num="260" count="0" type="stmt"/>
      <line num="261" count="0" type="stmt"/>
      <line num="263" count="0" type="stmt"/>
      <line num="264" count="0" type="stmt"/>
      <line num="265" count="0" type="stmt"/>
      <line num="276" count="0" type="stmt"/>
      <line num="279" count="0" type="stmt"/>
      <line num="280" count="0" type="stmt"/>
      <line num="282" count="0" type="cond" truecount="0" falsecount="1"/>
      <line num="283" count="0" type="stmt"/>
      <line num="286" count="0" type="stmt"/>
      <line num="288" count="0" type="stmt"/>
      <line num="289" count="0" type="cond" truecount="0" falsecount="2"/>
      <line num="290" count="0" type="cond" truecount="0" falsecount="3"/>
      <line num="293" count="0" type="stmt"/>
      <line num="294" count="0" type="cond" truecount="0" falsecount="2"/>
      <line num="295" count="0" type="stmt"/>
      <line num="297" count="0" type="cond" truecount="0" falsecount="1"/>
      <line num="298" count="0" type="stmt"/>
      <line num="299" count="0" type="stmt"/>
      <line num="303" count="0" type="stmt"/>
      <line num="310" count="0" type="stmt"/>
      <line num="311" count="0" type="stmt"/>
      <line num="313" count="0" type="stmt"/>
      <line num="314" count="0" type="stmt"/>
      <line num="321" count="0" type="stmt"/>
      <line num="324" count="0" type="stmt"/>
      <line num="325" count="0" type="stmt"/>
      <line num="329" count="0" type="cond" truecount="0" falsecount="1"/>
      <line num="330" count="0" type="stmt"/>
      <line num="333" count="0" type="stmt"/>
      <line num="335" count="0" type="stmt"/>
      <line num="336" count="0" type="cond" truecount="0" falsecount="2"/>
      <line num="337" count="0" type="cond" truecount="0" falsecount="3"/>
      <line num="340" count="0" type="stmt"/>
      <line num="341" count="0" type="cond" truecount="0" falsecount="2"/>
      <line num="342" count="0" type="stmt"/>
      <line num="344" count="0" type="cond" truecount="0" falsecount="1"/>
      <line num="345" count="0" type="stmt"/>
      <line num="346" count="0" type="stmt"/>
      <line num="350" count="0" type="stmt"/>
      <line num="357" count="0" type="stmt"/>
      <line num="358" count="0" type="stmt"/>
      <line num="360" count="0" type="stmt"/>
      <line num="361" count="0" type="stmt"/>
      <line num="372" count="0" type="stmt"/>
      <line num="375" count="0" type="stmt"/>
      <line num="376" count="0" type="stmt"/>
      <line num="379" count="0" type="cond" truecount="0" falsecount="1"/>
      <line num="380" count="0" type="stmt"/>
      <line num="383" count="0" type="stmt"/>
      <line num="385" count="0" type="stmt"/>
      <line num="386" count="0" type="cond" truecount="0" falsecount="2"/>
      <line num="387" count="0" type="cond" truecount="0" falsecount="3"/>
      <line num="388" count="0" type="cond" truecount="0" falsecount="2"/>
      <line num="390" count="0" type="cond" truecount="0" falsecount="1"/>
      <line num="391" count="0" type="stmt"/>
      <line num="395" count="0" type="stmt"/>
      <line num="396" count="0" type="cond" truecount="0" falsecount="1"/>
      <line num="397" count="0" type="cond" truecount="0" falsecount="2"/>
      <line num="401" count="0" type="stmt"/>
      <line num="403" count="0" type="stmt"/>
      <line num="407" count="0" type="stmt"/>
      <line num="408" count="0" type="stmt"/>
      <line num="409" count="0" type="stmt"/>
      <line num="410" count="0" type="cond" truecount="0" falsecount="1"/>
      <line num="411" count="0" type="stmt"/>
      <line num="415" count="0" type="cond" truecount="0" falsecount="1"/>
      <line num="416" count="0" type="stmt"/>
      <line num="420" count="0" type="stmt"/>
      <line num="433" count="0" type="stmt"/>
      <line num="434" count="0" type="stmt"/>
      <line num="436" count="0" type="stmt"/>
      <line num="438" count="0" type="stmt"/>
      <line num="439" count="0" type="stmt"/>
      <line num="452" count="0" type="stmt"/>
      <line num="453" count="0" type="stmt"/>
      <line num="454" count="0" type="stmt"/>
      <line num="455" count="0" type="stmt"/>
      <line num="456" count="0" type="stmt"/>
      <line num="458" count="0" type="stmt"/>
      <line num="463" count="0" type="stmt"/>
      <line num="464" count="0" type="cond" truecount="0" falsecount="3"/>
      <line num="466" count="0" type="stmt"/>
      <line num="470" count="0" type="cond" truecount="0" falsecount="1"/>
      <line num="471" count="0" type="stmt"/>
      <line num="472" count="0" type="cond" truecount="0" falsecount="2"/>
      <line num="476" count="0" type="stmt"/>
      <line num="477" count="0" type="stmt"/>
      <line num="478" count="0" type="stmt"/>
      <line num="482" count="0" type="cond" truecount="0" falsecount="2"/>
      <line num="483" count="0" type="cond" truecount="0" falsecount="3"/>
      <line num="484" count="0" type="stmt"/>
      <line num="486" count="0" type="stmt"/>
      <line num="487" count="0" type="cond" truecount="0" falsecount="1"/>
      <line num="488" count="0" type="stmt"/>
      <line num="489" count="0" type="stmt"/>
      <line num="490" count="0" type="cond" truecount="0" falsecount="2"/>
      <line num="492" count="0" type="stmt"/>
      <line num="497" count="0" type="cond" truecount="0" falsecount="2"/>
      <line num="498" count="0" type="cond" truecount="0" falsecount="3"/>
      <line num="499" count="0" type="stmt"/>
      <line num="501" count="0" type="stmt"/>
      <line num="502" count="0" type="stmt"/>
      <line num="503" count="0" type="stmt"/>
      <line num="505" count="0" type="stmt"/>
      <line num="510" count="0" type="cond" truecount="0" falsecount="2"/>
      <line num="511" count="0" type="stmt"/>
      <line num="512" count="0" type="stmt"/>
      <line num="513" count="0" type="stmt"/>
      <line num="514" count="0" type="cond" truecount="0" falsecount="1"/>
      <line num="515" count="0" type="stmt"/>
      <line num="517" count="0" type="stmt"/>
      <line num="519" count="0" type="stmt"/>
      <line num="524" count="0" type="cond" truecount="0" falsecount="1"/>
      <line num="525" count="0" type="stmt"/>
      <line num="530" count="0" type="stmt"/>
      <line num="531" count="0" type="cond" truecount="0" falsecount="1"/>
      <line num="532" count="0" type="stmt"/>
      <line num="537" count="0" type="cond" truecount="0" falsecount="1"/>
      <line num="538" count="0" type="stmt"/>
      <line num="539" count="0" type="stmt"/>
      <line num="540" count="0" type="stmt"/>
      <line num="541" count="0" type="stmt"/>
      <line num="547" count="0" type="cond" truecount="0" falsecount="2"/>
      <line num="548" count="0" type="cond" truecount="0" falsecount="1"/>
      <line num="549" count="0" type="cond" truecount="0" falsecount="2"/>
      <line num="551" count="0" type="cond" truecount="0" falsecount="2"/>
      <line num="552" count="0" type="stmt"/>
      <line num="554" count="0" type="stmt"/>
      <line num="564" count="0" type="stmt"/>
      <line num="565" count="0" type="cond" truecount="0" falsecount="1"/>
      <line num="566" count="0" type="stmt"/>
      <line num="571" count="0" type="cond" truecount="0" falsecount="1"/>
      <line num="572" count="0" type="stmt"/>
      <line num="578" count="0" type="stmt"/>
      <line num="579" count="0" type="stmt"/>
      <line num="585" count="0" type="cond" truecount="0" falsecount="2"/>
      <line num="586" count="0" type="cond" truecount="0" falsecount="1"/>
      <line num="587" count="0" type="cond" truecount="0" falsecount="2"/>
      <line num="589" count="0" type="cond" truecount="0" falsecount="2"/>
      <line num="590" count="0" type="stmt"/>
      <line num="592" count="0" type="stmt"/>
      <line num="601" count="0" type="stmt"/>
      <line num="602" count="0" type="stmt"/>
      <line num="603" count="0" type="cond" truecount="0" falsecount="1"/>
      <line num="604" count="0" type="stmt"/>
      <line num="605" count="0" type="stmt"/>
      <line num="607" count="0" type="cond" truecount="0" falsecount="1"/>
      <line num="608" count="0" type="stmt"/>
      <line num="609" count="0" type="stmt"/>
      <line num="613" count="0" type="stmt"/>
      <line num="614" count="0" type="cond" truecount="0" falsecount="1"/>
      <line num="615" count="0" type="stmt"/>
      <line num="620" count="0" type="cond" truecount="0" falsecount="2"/>
      <line num="621" count="0" type="cond" truecount="0" falsecount="2"/>
      <line num="623" count="0" type="stmt"/>
      <line num="628" count="0" type="cond" truecount="0" falsecount="2"/>
      <line num="630" count="0" type="stmt"/>
      <line num="634" count="0" type="stmt"/>
      <line num="636" count="0" type="cond" truecount="0" falsecount="1"/>
      <line num="637" count="0" type="stmt"/>
      <line num="638" count="0" type="cond" truecount="0" falsecount="3"/>
      <line num="639" count="0" type="stmt"/>
      <line num="640" count="0" type="stmt"/>
      <line num="643" count="0" type="cond" truecount="0" falsecount="2"/>
      <line num="644" count="0" type="cond" truecount="0" falsecount="3"/>
      <line num="645" count="0" type="stmt"/>
      <line num="646" count="0" type="cond" truecount="0" falsecount="1"/>
      <line num="647" count="0" type="stmt"/>
      <line num="648" count="0" type="stmt"/>
      <line num="653" count="0" type="cond" truecount="0" falsecount="2"/>
      <line num="655" count="0" type="stmt"/>
      <line num="656" count="0" type="stmt"/>
      <line num="658" count="0" type="stmt"/>
      <line num="663" count="0" type="cond" truecount="0" falsecount="2"/>
      <line num="664" count="0" type="cond" truecount="0" falsecount="2"/>
      <line num="665" count="0" type="cond" truecount="0" falsecount="2"/>
      <line num="667" count="0" type="cond" truecount="0" falsecount="4"/>
      <line num="668" count="0" type="stmt"/>
      <line num="669" count="0" type="stmt"/>
      <line num="672" count="0" type="stmt"/>
      <line num="673" count="0" type="stmt"/>
      <line num="674" count="0" type="cond" truecount="0" falsecount="3"/>
      <line num="675" count="0" type="stmt"/>
      <line num="676" count="0" type="stmt"/>
      <line num="679" count="0" type="stmt"/>
      <line num="680" count="0" type="stmt"/>
      <line num="684" count="0" type="stmt"/>
      <line num="685" count="0" type="stmt"/>
      <line num="686" count="0" type="stmt"/>
      <line num="687" count="0" type="stmt"/>
      <line num="689" count="0" type="stmt"/>
      <line num="690" count="0" type="stmt"/>
      <line num="691" count="0" type="stmt"/>
      <line num="704" count="0" type="stmt"/>
      <line num="705" count="0" type="stmt"/>
      <line num="706" count="0" type="stmt"/>
      <line num="713" count="0" type="stmt"/>
      <line num="715" count="0" type="cond" truecount="0" falsecount="1"/>
      <line num="716" count="0" type="stmt"/>
      <line num="719" count="0" type="stmt"/>
      <line num="720" count="0" type="cond" truecount="0" falsecount="1"/>
      <line num="721" count="0" type="stmt"/>
      <line num="724" count="0" type="stmt"/>
      <line num="726" count="0" type="cond" truecount="0" falsecount="3"/>
      <line num="727" count="0" type="stmt"/>
      <line num="730" count="0" type="stmt"/>
      <line num="732" count="0" type="stmt"/>
      <line num="734" count="0" type="stmt"/>
      <line num="741" count="0" type="stmt"/>
      <line num="747" count="0" type="stmt"/>
      <line num="761" count="0" type="stmt"/>
      <line num="763" count="0" type="stmt"/>
      <line num="764" count="0" type="stmt"/>
      <line num="766" count="0" type="stmt"/>
      <line num="767" count="0" type="stmt"/>
      <line num="775" count="0" type="stmt"/>
      <line num="777" count="0" type="stmt"/>
      <line num="778" count="0" type="stmt"/>
      <line num="781" count="0" type="stmt"/>
      <line num="782" count="0" type="stmt"/>
      <line num="784" count="0" type="cond" truecount="0" falsecount="1"/>
      <line num="785" count="0" type="stmt"/>
      <line num="786" count="0" type="stmt"/>
      <line num="789" count="0" type="cond" truecount="0" falsecount="3"/>
      <line num="790" count="0" type="stmt"/>
      <line num="791" count="0" type="stmt"/>
      <line num="795" count="0" type="cond" truecount="0" falsecount="3"/>
      <line num="796" count="0" type="cond" truecount="0" falsecount="1"/>
      <line num="797" count="0" type="stmt"/>
      <line num="798" count="0" type="stmt"/>
      <line num="801" count="0" type="stmt"/>
      <line num="803" count="0" type="stmt"/>
      <line num="805" count="0" type="cond" truecount="0" falsecount="1"/>
      <line num="806" count="0" type="stmt"/>
      <line num="807" count="0" type="stmt"/>
      <line num="808" count="0" type="stmt"/>
      <line num="811" count="0" type="stmt"/>
      <line num="812" count="0" type="stmt"/>
      <line num="814" count="0" type="cond" truecount="0" falsecount="1"/>
      <line num="815" count="0" type="stmt"/>
      <line num="816" count="0" type="stmt"/>
      <line num="817" count="0" type="stmt"/>
      <line num="821" count="0" type="cond" truecount="0" falsecount="1"/>
      <line num="822" count="0" type="stmt"/>
      <line num="823" count="0" type="stmt"/>
      <line num="824" count="0" type="stmt"/>
      <line num="828" count="0" type="stmt"/>
      <line num="830" count="0" type="stmt"/>
      <line num="831" count="0" type="stmt"/>
      <line num="832" count="0" type="stmt"/>
      <line num="833" count="0" type="stmt"/>
      <line num="835" count="0" type="cond" truecount="0" falsecount="2"/>
      <line num="837" count="0" type="cond" truecount="0" falsecount="2"/>
      <line num="839" count="0" type="stmt"/>
      <line num="843" count="0" type="stmt"/>
      <line num="846" count="0" type="cond" truecount="0" falsecount="1"/>
      <line num="847" count="0" type="stmt"/>
      <line num="850" count="0" type="stmt"/>
      <line num="853" count="0" type="stmt"/>
      <line num="857" count="0" type="cond" truecount="0" falsecount="1"/>
      <line num="858" count="0" type="cond" truecount="0" falsecount="2"/>
      <line num="859" count="0" type="stmt"/>
      <line num="860" count="0" type="stmt"/>
      <line num="861" count="0" type="stmt"/>
      <line num="862" count="0" type="stmt"/>
      <line num="864" count="0" type="stmt"/>
      <line num="868" count="0" type="cond" truecount="0" falsecount="2"/>
      <line num="871" count="0" type="stmt"/>
      <line num="872" count="0" type="stmt"/>
      <line num="873" count="0" type="stmt"/>
      <line num="875" count="0" type="stmt"/>
      <line num="876" count="0" type="stmt"/>
      <line num="877" count="0" type="stmt"/>
      <line num="881" count="0" type="stmt"/>
      <line num="883" count="0" type="cond" truecount="0" falsecount="1"/>
      <line num="884" count="0" type="stmt"/>
      <line num="885" count="0" type="stmt"/>
      <line num="886" count="0" type="stmt"/>
      <line num="889" count="0" type="stmt"/>
      <line num="892" count="0" type="stmt"/>
      <line num="899" count="0" type="stmt"/>
      <line num="900" count="0" type="stmt"/>
      <line num="901" count="0" type="stmt"/>
      <line num="902" count="0" type="stmt"/>
      <line num="903" count="0" type="stmt"/>
      <line num="904" count="0" type="stmt"/>
      <line num="906" count="0" type="stmt"/>
      <line num="907" count="0" type="stmt"/>
      <line num="908" count="0" type="cond" truecount="0" falsecount="1"/>
      <line num="909" count="0" type="stmt"/>
      <line num="910" count="0" type="stmt"/>
      <line num="912" count="0" type="cond" truecount="0" falsecount="1"/>
      <line num="913" count="0" type="stmt"/>
      <line num="914" count="0" type="stmt"/>
      <line num="916" count="0" type="cond" truecount="0" falsecount="1"/>
      <line num="917" count="0" type="stmt"/>
      <line num="918" count="0" type="stmt"/>
      <line num="922" count="0" type="stmt"/>
      <line num="931" count="0" type="stmt"/>
      <line num="934" count="0" type="stmt"/>
      <line num="937" count="0" type="stmt"/>
      <line num="947" count="0" type="stmt"/>
      <line num="959" count="0" type="stmt"/>
      <line num="960" count="0" type="stmt"/>
      <line num="961" count="0" type="stmt"/>
      <line num="969" count="0" type="stmt"/>
      <line num="971" count="0" type="stmt"/>
      <line num="972" count="0" type="stmt"/>
      <line num="975" count="0" type="stmt"/>
      <line num="976" count="0" type="stmt"/>
      <line num="978" count="0" type="cond" truecount="0" falsecount="1"/>
      <line num="979" count="0" type="stmt"/>
      <line num="980" count="0" type="stmt"/>
      <line num="983" count="0" type="cond" truecount="0" falsecount="1"/>
      <line num="984" count="0" type="stmt"/>
      <line num="985" count="0" type="stmt"/>
      <line num="989" count="0" type="cond" truecount="0" falsecount="2"/>
      <line num="990" count="0" type="cond" truecount="0" falsecount="1"/>
      <line num="991" count="0" type="stmt"/>
      <line num="992" count="0" type="stmt"/>
      <line num="995" count="0" type="stmt"/>
      <line num="997" count="0" type="stmt"/>
      <line num="999" count="0" type="cond" truecount="0" falsecount="1"/>
      <line num="1000" count="0" type="stmt"/>
      <line num="1001" count="0" type="stmt"/>
      <line num="1002" count="0" type="stmt"/>
      <line num="1005" count="0" type="stmt"/>
      <line num="1006" count="0" type="stmt"/>
      <line num="1008" count="0" type="cond" truecount="0" falsecount="1"/>
      <line num="1009" count="0" type="stmt"/>
      <line num="1010" count="0" type="stmt"/>
      <line num="1011" count="0" type="stmt"/>
      <line num="1015" count="0" type="cond" truecount="0" falsecount="1"/>
      <line num="1016" count="0" type="stmt"/>
      <line num="1017" count="0" type="stmt"/>
      <line num="1018" count="0" type="stmt"/>
      <line num="1022" count="0" type="stmt"/>
      <line num="1024" count="0" type="stmt"/>
      <line num="1025" count="0" type="stmt"/>
      <line num="1026" count="0" type="stmt"/>
      <line num="1027" count="0" type="stmt"/>
      <line num="1029" count="0" type="cond" truecount="0" falsecount="2"/>
      <line num="1031" count="0" type="cond" truecount="0" falsecount="2"/>
      <line num="1033" count="0" type="stmt"/>
      <line num="1037" count="0" type="stmt"/>
      <line num="1040" count="0" type="cond" truecount="0" falsecount="1"/>
      <line num="1041" count="0" type="stmt"/>
      <line num="1044" count="0" type="stmt"/>
      <line num="1047" count="0" type="stmt"/>
      <line num="1051" count="0" type="cond" truecount="0" falsecount="1"/>
      <line num="1052" count="0" type="cond" truecount="0" falsecount="2"/>
      <line num="1053" count="0" type="stmt"/>
      <line num="1054" count="0" type="stmt"/>
      <line num="1055" count="0" type="stmt"/>
      <line num="1056" count="0" type="stmt"/>
      <line num="1058" count="0" type="stmt"/>
      <line num="1065" count="0" type="stmt"/>
      <line num="1066" count="0" type="stmt"/>
      <line num="1067" count="0" type="stmt"/>
      <line num="1068" count="0" type="stmt"/>
      <line num="1069" count="0" type="stmt"/>
      <line num="1071" count="0" type="stmt"/>
      <line num="1072" count="0" type="stmt"/>
      <line num="1073" count="0" type="stmt"/>
      <line num="1078" count="0" type="stmt"/>
      <line num="1080" count="0" type="stmt"/>
      <line num="1081" count="0" type="stmt"/>
      <line num="1083" count="0" type="stmt"/>
      <line num="1084" count="0" type="stmt"/>
      <line num="1085" count="0" type="cond" truecount="0" falsecount="2"/>
      <line num="1086" count="0" type="cond" truecount="0" falsecount="2"/>
      <line num="1088" count="0" type="cond" truecount="0" falsecount="3"/>
      <line num="1089" count="0" type="stmt"/>
      <line num="1090" count="0" type="cond" truecount="0" falsecount="1"/>
      <line num="1091" count="0" type="stmt"/>
      <line num="1092" count="0" type="stmt"/>
      <line num="1098" count="0" type="stmt"/>
      <line num="1100" count="0" type="stmt"/>
      <line num="1106" count="0" type="stmt"/>
      <line num="1107" count="0" type="stmt"/>
      <line num="1109" count="0" type="stmt"/>
      <line num="1110" count="0" type="stmt"/>
      <line num="1111" count="0" type="cond" truecount="0" falsecount="1"/>
      <line num="1112" count="0" type="stmt"/>
      <line num="1113" count="0" type="stmt"/>
      <line num="1117" count="0" type="stmt"/>
      <line num="1129" count="0" type="stmt"/>
      <line num="1130" count="0" type="cond" truecount="0" falsecount="1"/>
      <line num="1131" count="0" type="cond" truecount="0" falsecount="1"/>
      <line num="1132" count="0" type="stmt"/>
      <line num="1137" count="0" type="stmt"/>
      <line num="1140" count="0" type="stmt"/>
      <line num="1143" count="0" type="stmt"/>
      <line num="1155" count="0" type="stmt"/>
      <line num="1157" count="0" type="stmt"/>
      <line num="1158" count="0" type="stmt"/>
      <line num="1159" count="0" type="stmt"/>
      <line num="1167" count="0" type="stmt"/>
      <line num="1169" count="0" type="cond" truecount="0" falsecount="1"/>
      <line num="1170" count="0" type="stmt"/>
      <line num="1173" count="0" type="cond" truecount="0" falsecount="1"/>
      <line num="1175" count="0" type="cond" truecount="0" falsecount="1"/>
      <line num="1176" count="0" type="stmt"/>
      <line num="1179" count="0" type="stmt"/>
      <line num="1181" count="0" type="stmt"/>
      <line num="1183" count="0" type="cond" truecount="0" falsecount="1"/>
      <line num="1184" count="0" type="stmt"/>
      <line num="1187" count="0" type="stmt"/>
      <line num="1190" count="0" type="stmt"/>
      <line num="1191" count="0" type="cond" truecount="0" falsecount="3"/>
      <line num="1192" count="0" type="stmt"/>
      <line num="1196" count="0" type="stmt"/>
      <line num="1197" count="0" type="stmt"/>
      <line num="1204" count="0" type="stmt"/>
      <line num="1205" count="0" type="stmt"/>
      <line num="1206" count="0" type="stmt"/>
      <line num="1207" count="0" type="stmt"/>
      <line num="1209" count="0" type="stmt"/>
      <line num="1210" count="0" type="stmt"/>
      <line num="1211" count="0" type="stmt"/>
      <line num="1212" count="0" type="stmt"/>
      <line num="1213" count="0" type="cond" truecount="0" falsecount="1"/>
      <line num="1214" count="0" type="cond" truecount="0" falsecount="2"/>
      <line num="1217" count="0" type="stmt"/>
      <line num="1235" count="0" type="stmt"/>
      <line num="1237" count="0" type="stmt"/>
      <line num="1238" count="0" type="stmt"/>
      <line num="1246" count="0" type="stmt"/>
      <line num="1247" count="0" type="stmt"/>
      <line num="1248" count="0" type="stmt"/>
      <line num="1250" count="0" type="stmt"/>
      <line num="1255" count="0" type="stmt"/>
      <line num="1256" count="0" type="stmt"/>
      <line num="1272" count="0" type="stmt"/>
      <line num="1273" count="0" type="stmt"/>
      <line num="1282" count="0" type="stmt"/>
      <line num="1283" count="0" type="stmt"/>
      <line num="1285" count="0" type="stmt"/>
      <line num="1286" count="0" type="stmt"/>
      <line num="1294" count="0" type="stmt"/>
      <line num="1298" count="0" type="stmt"/>
      <line num="1300" count="0" type="stmt"/>
      <line num="1304" count="0" type="stmt"/>
      <line num="1305" count="0" type="stmt"/>
      <line num="1306" count="0" type="stmt"/>
      <line num="1307" count="0" type="cond" truecount="0" falsecount="3"/>
      <line num="1308" count="0" type="stmt"/>
      <line num="1312" count="0" type="cond" truecount="0" falsecount="1"/>
      <line num="1313" count="0" type="stmt"/>
      <line num="1314" count="0" type="stmt"/>
      <line num="1317" count="0" type="stmt"/>
      <line num="1318" count="0" type="stmt"/>
      <line num="1319" count="0" type="stmt"/>
      <line num="1320" count="0" type="stmt"/>
      <line num="1321" count="0" type="stmt"/>
      <line num="1323" count="0" type="stmt"/>
      <line num="1324" count="0" type="stmt"/>
      <line num="1325" count="0" type="stmt"/>
      <line num="1336" count="0" type="stmt"/>
      <line num="1337" count="0" type="stmt"/>
      <line num="1339" count="0" type="stmt"/>
      <line num="1340" count="0" type="cond" truecount="0" falsecount="1"/>
      <line num="1341" count="0" type="cond" truecount="0" falsecount="2"/>
      <line num="1342" count="0" type="cond" truecount="0" falsecount="1"/>
      <line num="1346" count="0" type="stmt"/>
      <line num="1351" count="0" type="cond" truecount="0" falsecount="1"/>
      <line num="1352" count="0" type="stmt"/>
      <line num="1353" count="0" type="stmt"/>
      <line num="1354" count="0" type="stmt"/>
      <line num="1355" count="0" type="stmt"/>
      <line num="1356" count="0" type="cond" truecount="0" falsecount="3"/>
      <line num="1357" count="0" type="stmt"/>
      <line num="1361" count="0" type="stmt"/>
      <line num="1362" count="0" type="cond" truecount="0" falsecount="1"/>
      <line num="1363" count="0" type="stmt"/>
      <line num="1364" count="0" type="stmt"/>
      <line num="1365" count="0" type="stmt"/>
      <line num="1368" count="0" type="cond" truecount="0" falsecount="1"/>
      <line num="1369" count="0" type="stmt"/>
      <line num="1373" count="0" type="stmt"/>
      <line num="1376" count="0" type="stmt"/>
      <line num="1378" count="0" type="stmt"/>
      <line num="1379" count="0" type="stmt"/>
    </file>
  </project>
</coverage>
