{"/Users/rehanrizvi/perched-app/functions/src/index.ts": {"path":"/Users/rehanrizvi/perched-app/functions/src/index.ts","statementMap":{"0":{"start":{"line":7,"column":0},"end":{"line":7,"column":40}},"1":{"start":{"line":8,"column":0},"end":{"line":8,"column":48}},"2":{"start":{"line":9,"column":0},"end":{"line":9,"column":33}},"3":{"start":{"line":10,"column":0},"end":{"line":10,"column":74}},"4":{"start":{"line":11,"column":0},"end":{"line":11,"column":35}},"5":{"start":{"line":12,"column":0},"end":{"line":12,"column":27}},"6":{"start":{"line":14,"column":0},"end":{"line":14,"column":22}},"7":{"start":{"line":16,"column":21},"end":{"line":16,"column":53}},"8":{"start":{"line":19,"column":15},"end":{"line":35,"column":2}},"9":{"start":{"line":41,"column":2},"end":{"line":41,"column":48}},"10":{"start":{"line":55,"column":2},"end":{"line":63,"column":5}},"11":{"start":{"line":66,"column":11},"end":{"line":66,"column":28}},"12":{"start":{"line":69,"column":24},"end":{"line":76,"column":2}},"13":{"start":{"line":82,"column":17},"end":{"line":82,"column":41}},"14":{"start":{"line":83,"column":2},"end":{"line":86,"column":3}},"15":{"start":{"line":84,"column":4},"end":{"line":84,"column":51}},"16":{"start":{"line":85,"column":4},"end":{"line":85,"column":56}},"17":{"start":{"line":87,"column":2},"end":{"line":87,"column":64}},"18":{"start":{"line":88,"column":2},"end":{"line":88,"column":117}},"19":{"start":{"line":94,"column":23},"end":{"line":96,"column":2}},"20":{"start":{"line":98,"column":21},"end":{"line":102,"column":2}},"21":{"start":{"line":109,"column":27},"end":{"line":109,"column":71}},"22":{"start":{"line":110,"column":2},"end":{"line":113,"column":3}},"23":{"start":{"line":111,"column":20},"end":{"line":111,"column":64}},"24":{"start":{"line":111,"column":43},"end":{"line":111,"column":52}},"25":{"start":{"line":112,"column":4},"end":{"line":112,"column":53}},"26":{"start":{"line":114,"column":2},"end":{"line":114,"column":20}},"27":{"start":{"line":123,"column":19},"end":{"line":123,"column":42}},"28":{"start":{"line":124,"column":2},"end":{"line":126,"column":3}},"29":{"start":{"line":125,"column":4},"end":{"line":125,"column":20}},"30":{"start":{"line":129,"column":2},"end":{"line":149,"column":3}},"31":{"start":{"line":130,"column":22},"end":{"line":130,"column":75}},"32":{"start":{"line":131,"column":4},"end":{"line":134,"column":5}},"33":{"start":{"line":132,"column":6},"end":{"line":132,"column":72}},"34":{"start":{"line":133,"column":6},"end":{"line":133,"column":16}},"35":{"start":{"line":136,"column":23},"end":{"line":136,"column":84}},"36":{"start":{"line":137,"column":22},"end":{"line":137,"column":82}},"37":{"start":{"line":138,"column":20},"end":{"line":138,"column":41}},"38":{"start":{"line":140,"column":4},"end":{"line":143,"column":5}},"39":{"start":{"line":141,"column":6},"end":{"line":141,"column":62}},"40":{"start":{"line":142,"column":6},"end":{"line":142,"column":16}},"41":{"start":{"line":145,"column":4},"end":{"line":145,"column":36}},"42":{"start":{"line":147,"column":4},"end":{"line":147,"column":65}},"43":{"start":{"line":148,"column":4},"end":{"line":148,"column":14}},"44":{"start":{"line":153,"column":20},"end":{"line":153,"column":68}},"45":{"start":{"line":154,"column":28},"end":{"line":154,"column":41}},"46":{"start":{"line":160,"column":17},"end":{"line":160,"column":44}},"47":{"start":{"line":161,"column":2},"end":{"line":163,"column":3}},"48":{"start":{"line":162,"column":4},"end":{"line":162,"column":24}},"49":{"start":{"line":165,"column":16},"end":{"line":165,"column":43}},"50":{"start":{"line":166,"column":2},"end":{"line":166,"column":57}},"51":{"start":{"line":167,"column":2},"end":{"line":167,"column":15}},"52":{"start":{"line":178,"column":13},"end":{"line":267,"column":5}},"53":{"start":{"line":181,"column":17},"end":{"line":181,"column":28}},"54":{"start":{"line":182,"column":37},"end":{"line":182,"column":41}},"55":{"start":{"line":184,"column":4},"end":{"line":186,"column":5}},"56":{"start":{"line":185,"column":6},"end":{"line":185,"column":18}},"57":{"start":{"line":188,"column":4},"end":{"line":266,"column":5}},"58":{"start":{"line":191,"column":28},"end":{"line":194,"column":14}},"59":{"start":{"line":196,"column":38},"end":{"line":196,"column":42}},"60":{"start":{"line":198,"column":6},"end":{"line":212,"column":7}},"61":{"start":{"line":199,"column":8},"end":{"line":199,"column":46}},"62":{"start":{"line":202,"column":34},"end":{"line":207,"column":16}},"63":{"start":{"line":209,"column":8},"end":{"line":211,"column":9}},"64":{"start":{"line":210,"column":10},"end":{"line":210,"column":52}},"65":{"start":{"line":214,"column":6},"end":{"line":218,"column":7}},"66":{"start":{"line":215,"column":8},"end":{"line":215,"column":67}},"67":{"start":{"line":216,"column":8},"end":{"line":216,"column":58}},"68":{"start":{"line":217,"column":8},"end":{"line":217,"column":20}},"69":{"start":{"line":221,"column":41},"end":{"line":221,"column":42}},"70":{"start":{"line":222,"column":26},"end":{"line":222,"column":56}},"71":{"start":{"line":224,"column":26},"end":{"line":224,"column":76}},"72":{"start":{"line":225,"column":27},"end":{"line":225,"column":51}},"73":{"start":{"line":228,"column":34},"end":{"line":228,"column":83}},"74":{"start":{"line":229,"column":18},"end":{"line":229,"column":28}},"75":{"start":{"line":230,"column":23},"end":{"line":230,"column":76}},"76":{"start":{"line":231,"column":30},"end":{"line":231,"column":94}},"77":{"start":{"line":234,"column":6},"end":{"line":239,"column":9}},"78":{"start":{"line":242,"column":6},"end":{"line":247,"column":9}},"79":{"start":{"line":250,"column":32},"end":{"line":250,"column":54}},"80":{"start":{"line":251,"column":6},"end":{"line":258,"column":7}},"81":{"start":{"line":252,"column":8},"end":{"line":257,"column":10}},"82":{"start":{"line":260,"column":6},"end":{"line":260,"column":127}},"83":{"start":{"line":261,"column":6},"end":{"line":261,"column":92}},"84":{"start":{"line":263,"column":6},"end":{"line":263,"column":57}},"85":{"start":{"line":264,"column":6},"end":{"line":264,"column":71}},"86":{"start":{"line":265,"column":6},"end":{"line":265,"column":18}},"87":{"start":{"line":276,"column":13},"end":{"line":316,"column":5}},"88":{"start":{"line":279,"column":17},"end":{"line":279,"column":28}},"89":{"start":{"line":280,"column":37},"end":{"line":280,"column":41}},"90":{"start":{"line":282,"column":4},"end":{"line":284,"column":5}},"91":{"start":{"line":283,"column":6},"end":{"line":283,"column":18}},"92":{"start":{"line":286,"column":4},"end":{"line":315,"column":5}},"93":{"start":{"line":288,"column":24},"end":{"line":288,"column":70}},"94":{"start":{"line":289,"column":25},"end":{"line":289,"column":47}},"95":{"start":{"line":290,"column":25},"end":{"line":290,"column":74}},"96":{"start":{"line":293,"column":27},"end":{"line":293,"column":71}},"97":{"start":{"line":294,"column":28},"end":{"line":294,"column":53}},"98":{"start":{"line":295,"column":29},"end":{"line":295,"column":52}},"99":{"start":{"line":297,"column":6},"end":{"line":300,"column":7}},"100":{"start":{"line":298,"column":8},"end":{"line":298,"column":54}},"101":{"start":{"line":299,"column":8},"end":{"line":299,"column":20}},"102":{"start":{"line":303,"column":6},"end":{"line":308,"column":8}},"103":{"start":{"line":310,"column":6},"end":{"line":310,"column":80}},"104":{"start":{"line":311,"column":6},"end":{"line":311,"column":31}},"105":{"start":{"line":313,"column":6},"end":{"line":313,"column":73}},"106":{"start":{"line":314,"column":6},"end":{"line":314,"column":18}},"107":{"start":{"line":321,"column":13},"end":{"line":363,"column":5}},"108":{"start":{"line":324,"column":17},"end":{"line":324,"column":28}},"109":{"start":{"line":325,"column":37},"end":{"line":325,"column":41}},"110":{"start":{"line":329,"column":4},"end":{"line":331,"column":5}},"111":{"start":{"line":330,"column":6},"end":{"line":330,"column":18}},"112":{"start":{"line":333,"column":4},"end":{"line":362,"column":5}},"113":{"start":{"line":335,"column":26},"end":{"line":335,"column":70}},"114":{"start":{"line":336,"column":27},"end":{"line":336,"column":51}},"115":{"start":{"line":337,"column":27},"end":{"line":337,"column":80}},"116":{"start":{"line":340,"column":24},"end":{"line":340,"column":70}},"117":{"start":{"line":341,"column":25},"end":{"line":341,"column":47}},"118":{"start":{"line":342,"column":26},"end":{"line":342,"column":46}},"119":{"start":{"line":344,"column":6},"end":{"line":347,"column":7}},"120":{"start":{"line":345,"column":8},"end":{"line":345,"column":56}},"121":{"start":{"line":346,"column":8},"end":{"line":346,"column":20}},"122":{"start":{"line":350,"column":6},"end":{"line":355,"column":8}},"123":{"start":{"line":357,"column":6},"end":{"line":357,"column":68}},"124":{"start":{"line":358,"column":6},"end":{"line":358,"column":31}},"125":{"start":{"line":360,"column":6},"end":{"line":360,"column":74}},"126":{"start":{"line":361,"column":6},"end":{"line":361,"column":18}},"127":{"start":{"line":372,"column":13},"end":{"line":441,"column":5}},"128":{"start":{"line":375,"column":17},"end":{"line":375,"column":28}},"129":{"start":{"line":376,"column":45},"end":{"line":376,"column":49}},"130":{"start":{"line":379,"column":4},"end":{"line":381,"column":5}},"131":{"start":{"line":380,"column":6},"end":{"line":380,"column":18}},"132":{"start":{"line":383,"column":4},"end":{"line":440,"column":5}},"133":{"start":{"line":385,"column":24},"end":{"line":385,"column":70}},"134":{"start":{"line":386,"column":25},"end":{"line":386,"column":47}},"135":{"start":{"line":387,"column":25},"end":{"line":387,"column":74}},"136":{"start":{"line":388,"column":28},"end":{"line":388,"column":52}},"137":{"start":{"line":390,"column":6},"end":{"line":392,"column":7}},"138":{"start":{"line":391,"column":8},"end":{"line":391,"column":20}},"139":{"start":{"line":395,"column":26},"end":{"line":395,"column":39}},"140":{"start":{"line":396,"column":6},"end":{"line":398,"column":7}},"141":{"start":{"line":397,"column":8},"end":{"line":397,"column":54}},"142":{"start":{"line":401,"column":25},"end":{"line":404,"column":null}},"143":{"start":{"line":403,"column":10},"end":{"line":403,"column":52}},"144":{"start":{"line":407,"column":31},"end":{"line":407,"column":33}},"145":{"start":{"line":408,"column":6},"end":{"line":413,"column":9}},"146":{"start":{"line":409,"column":27},"end":{"line":409,"column":37}},"147":{"start":{"line":410,"column":8},"end":{"line":412,"column":9}},"148":{"start":{"line":411,"column":10},"end":{"line":411,"column":44}},"149":{"start":{"line":415,"column":6},"end":{"line":417,"column":7}},"150":{"start":{"line":416,"column":8},"end":{"line":416,"column":20}},"151":{"start":{"line":420,"column":22},"end":{"line":431,"column":8}},"152":{"start":{"line":433,"column":23},"end":{"line":433,"column":76}},"153":{"start":{"line":434,"column":6},"end":{"line":434,"column":92}},"154":{"start":{"line":436,"column":6},"end":{"line":436,"column":60}},"155":{"start":{"line":438,"column":6},"end":{"line":438,"column":68}},"156":{"start":{"line":439,"column":6},"end":{"line":439,"column":18}},"157":{"start":{"line":452,"column":28},"end":{"line":452,"column":42}},"158":{"start":{"line":453,"column":25},"end":{"line":453,"column":90}},"159":{"start":{"line":454,"column":22},"end":{"line":460,"column":4}},"160":{"start":{"line":455,"column":2},"end":{"line":459,"column":3}},"161":{"start":{"line":456,"column":4},"end":{"line":456,"column":30}},"162":{"start":{"line":458,"column":4},"end":{"line":458,"column":14}},"163":{"start":{"line":463,"column":2},"end":{"line":465,"column":3}},"164":{"start":{"line":464,"column":4},"end":{"line":464,"column":82}},"165":{"start":{"line":464,"column":62},"end":{"line":464,"column":82}},"166":{"start":{"line":466,"column":2},"end":{"line":466,"column":12}},"167":{"start":{"line":470,"column":2},"end":{"line":470,"column":31}},"168":{"start":{"line":470,"column":14},"end":{"line":470,"column":31}},"169":{"start":{"line":471,"column":15},"end":{"line":471,"column":27}},"170":{"start":{"line":472,"column":2},"end":{"line":472,"column":33}},"171":{"start":{"line":476,"column":2},"end":{"line":476,"column":46}},"172":{"start":{"line":477,"column":2},"end":{"line":477,"column":59}},"173":{"start":{"line":478,"column":2},"end":{"line":478,"column":116}},"174":{"start":{"line":482,"column":17},"end":{"line":482,"column":47}},"175":{"start":{"line":483,"column":2},"end":{"line":485,"column":3}},"176":{"start":{"line":484,"column":4},"end":{"line":484,"column":16}},"177":{"start":{"line":486,"column":16},"end":{"line":486,"column":38}},"178":{"start":{"line":487,"column":2},"end":{"line":487,"column":26}},"179":{"start":{"line":487,"column":14},"end":{"line":487,"column":26}},"180":{"start":{"line":488,"column":2},"end":{"line":493,"column":3}},"181":{"start":{"line":489,"column":20},"end":{"line":489,"column":59}},"182":{"start":{"line":490,"column":4},"end":{"line":490,"column":32}},"183":{"start":{"line":492,"column":4},"end":{"line":492,"column":16}},"184":{"start":{"line":497,"column":16},"end":{"line":497,"column":52}},"185":{"start":{"line":498,"column":2},"end":{"line":500,"column":3}},"186":{"start":{"line":499,"column":4},"end":{"line":499,"column":17}},"187":{"start":{"line":501,"column":2},"end":{"line":506,"column":3}},"188":{"start":{"line":502,"column":4},"end":{"line":502,"column":53}},"189":{"start":{"line":503,"column":4},"end":{"line":503,"column":16}},"190":{"start":{"line":505,"column":4},"end":{"line":505,"column":17}},"191":{"start":{"line":510,"column":21},"end":{"line":510,"column":90}},"192":{"start":{"line":511,"column":18},"end":{"line":511,"column":66}},"193":{"start":{"line":511,"column":35},"end":{"line":511,"column":54}},"194":{"start":{"line":512,"column":2},"end":{"line":520,"column":3}},"195":{"start":{"line":513,"column":16},"end":{"line":513,"column":73}},"196":{"start":{"line":514,"column":4},"end":{"line":514,"column":29}},"197":{"start":{"line":514,"column":17},"end":{"line":514,"column":29}},"198":{"start":{"line":515,"column":4},"end":{"line":515,"column":28}},"199":{"start":{"line":517,"column":4},"end":{"line":517,"column":16}},"200":{"start":{"line":519,"column":4},"end":{"line":519,"column":26}},"201":{"start":{"line":524,"column":2},"end":{"line":524,"column":41}},"202":{"start":{"line":524,"column":31},"end":{"line":524,"column":41}},"203":{"start":{"line":525,"column":2},"end":{"line":525,"column":33}},"204":{"start":{"line":530,"column":12},"end":{"line":530,"column":55}},"205":{"start":{"line":531,"column":2},"end":{"line":536,"column":3}},"206":{"start":{"line":532,"column":4},"end":{"line":535,"column":6}},"207":{"start":{"line":537,"column":2},"end":{"line":537,"column":24}},"208":{"start":{"line":537,"column":12},"end":{"line":537,"column":24}},"209":{"start":{"line":538,"column":13},"end":{"line":538,"column":28}},"210":{"start":{"line":539,"column":17},"end":{"line":539,"column":74}},"211":{"start":{"line":540,"column":14},"end":{"line":540,"column":80}},"212":{"start":{"line":541,"column":15},"end":{"line":546,"column":4}},"213":{"start":{"line":547,"column":16},"end":{"line":547,"column":87}},"214":{"start":{"line":548,"column":2},"end":{"line":548,"column":26}},"215":{"start":{"line":548,"column":14},"end":{"line":548,"column":26}},"216":{"start":{"line":549,"column":21},"end":{"line":553,"column":15}},"217":{"start":{"line":551,"column":24},"end":{"line":551,"column":67}},"218":{"start":{"line":552,"column":26},"end":{"line":552,"column":47}},"219":{"start":{"line":554,"column":2},"end":{"line":559,"column":4}},"220":{"start":{"line":564,"column":12},"end":{"line":564,"column":49}},"221":{"start":{"line":565,"column":2},"end":{"line":570,"column":3}},"222":{"start":{"line":566,"column":4},"end":{"line":569,"column":6}},"223":{"start":{"line":571,"column":2},"end":{"line":571,"column":24}},"224":{"start":{"line":571,"column":12},"end":{"line":571,"column":24}},"225":{"start":{"line":572,"column":17},"end":{"line":577,"column":4}},"226":{"start":{"line":578,"column":14},"end":{"line":578,"column":79}},"227":{"start":{"line":579,"column":15},"end":{"line":584,"column":4}},"228":{"start":{"line":585,"column":19},"end":{"line":585,"column":96}},"229":{"start":{"line":586,"column":2},"end":{"line":586,"column":29}},"230":{"start":{"line":586,"column":17},"end":{"line":586,"column":29}},"231":{"start":{"line":587,"column":21},"end":{"line":591,"column":15}},"232":{"start":{"line":589,"column":24},"end":{"line":589,"column":69}},"233":{"start":{"line":590,"column":26},"end":{"line":590,"column":47}},"234":{"start":{"line":592,"column":2},"end":{"line":598,"column":4}},"235":{"start":{"line":601,"column":13},"end":{"line":693,"column":3}},"236":{"start":{"line":602,"column":2},"end":{"line":602,"column":16}},"237":{"start":{"line":603,"column":2},"end":{"line":606,"column":3}},"238":{"start":{"line":604,"column":4},"end":{"line":604,"column":29}},"239":{"start":{"line":605,"column":4},"end":{"line":605,"column":11}},"240":{"start":{"line":607,"column":2},"end":{"line":610,"column":3}},"241":{"start":{"line":608,"column":4},"end":{"line":608,"column":58}},"242":{"start":{"line":609,"column":4},"end":{"line":609,"column":11}},"243":{"start":{"line":613,"column":23},"end":{"line":613,"column":72}},"244":{"start":{"line":614,"column":2},"end":{"line":618,"column":3}},"245":{"start":{"line":615,"column":4},"end":{"line":617,"column":6}},"246":{"start":{"line":620,"column":25},"end":{"line":620,"column":62}},"247":{"start":{"line":621,"column":26},"end":{"line":621,"column":86}},"248":{"start":{"line":623,"column":25},"end":{"line":625,"column":null}},"249":{"start":{"line":628,"column":4},"end":{"line":628,"column":90}},"250":{"start":{"line":630,"column":29},"end":{"line":632,"column":null}},"251":{"start":{"line":634,"column":26},"end":{"line":634,"column":95}},"252":{"start":{"line":636,"column":2},"end":{"line":651,"column":3}},"253":{"start":{"line":637,"column":16},"end":{"line":637,"column":56}},"254":{"start":{"line":638,"column":4},"end":{"line":641,"column":5}},"255":{"start":{"line":639,"column":6},"end":{"line":639,"column":54}},"256":{"start":{"line":640,"column":6},"end":{"line":640,"column":13}},"257":{"start":{"line":643,"column":29},"end":{"line":643,"column":65}},"258":{"start":{"line":644,"column":4},"end":{"line":650,"column":5}},"259":{"start":{"line":645,"column":25},"end":{"line":645,"column":61}},"260":{"start":{"line":646,"column":6},"end":{"line":649,"column":7}},"261":{"start":{"line":647,"column":8},"end":{"line":647,"column":56}},"262":{"start":{"line":648,"column":8},"end":{"line":648,"column":15}},"263":{"start":{"line":653,"column":15},"end":{"line":661,"column":14}},"264":{"start":{"line":655,"column":6},"end":{"line":659,"column":7}},"265":{"start":{"line":656,"column":8},"end":{"line":656,"column":36}},"266":{"start":{"line":658,"column":8},"end":{"line":658,"column":20}},"267":{"start":{"line":663,"column":20},"end":{"line":663,"column":84}},"268":{"start":{"line":664,"column":14},"end":{"line":664,"column":80}},"269":{"start":{"line":665,"column":14},"end":{"line":665,"column":80}},"270":{"start":{"line":667,"column":2},"end":{"line":670,"column":3}},"271":{"start":{"line":668,"column":4},"end":{"line":668,"column":66}},"272":{"start":{"line":669,"column":4},"end":{"line":669,"column":11}},"273":{"start":{"line":672,"column":19},"end":{"line":672,"column":83}},"274":{"start":{"line":673,"column":17},"end":{"line":673,"column":47}},"275":{"start":{"line":674,"column":2},"end":{"line":677,"column":3}},"276":{"start":{"line":675,"column":4},"end":{"line":675,"column":78}},"277":{"start":{"line":676,"column":4},"end":{"line":676,"column":11}},"278":{"start":{"line":679,"column":2},"end":{"line":692,"column":3}},"279":{"start":{"line":680,"column":31},"end":{"line":683,"column":6}},"280":{"start":{"line":684,"column":28},"end":{"line":684,"column":68}},"281":{"start":{"line":685,"column":4},"end":{"line":685,"column":81}},"282":{"start":{"line":686,"column":4},"end":{"line":686,"column":63}},"283":{"start":{"line":687,"column":4},"end":{"line":687,"column":11}},"284":{"start":{"line":689,"column":4},"end":{"line":689,"column":52}},"285":{"start":{"line":690,"column":4},"end":{"line":690,"column":66}},"286":{"start":{"line":691,"column":4},"end":{"line":691,"column":11}},"287":{"start":{"line":704,"column":17},"end":{"line":704,"column":39}},"288":{"start":{"line":705,"column":14},"end":{"line":705,"column":42}},"289":{"start":{"line":706,"column":2},"end":{"line":706,"column":26}},"290":{"start":{"line":713,"column":13},"end":{"line":769,"column":3}},"291":{"start":{"line":715,"column":2},"end":{"line":717,"column":3}},"292":{"start":{"line":716,"column":4},"end":{"line":716,"column":85}},"293":{"start":{"line":719,"column":21},"end":{"line":719,"column":45}},"294":{"start":{"line":720,"column":2},"end":{"line":722,"column":3}},"295":{"start":{"line":721,"column":4},"end":{"line":721,"column":79}},"296":{"start":{"line":724,"column":56},"end":{"line":724,"column":60}},"297":{"start":{"line":726,"column":2},"end":{"line":728,"column":3}},"298":{"start":{"line":727,"column":4},"end":{"line":727,"column":97}},"299":{"start":{"line":730,"column":2},"end":{"line":768,"column":3}},"300":{"start":{"line":732,"column":19},"end":{"line":732,"column":38}},"301":{"start":{"line":734,"column":47},"end":{"line":738,"column":6}},"302":{"start":{"line":741,"column":31},"end":{"line":745,"column":6}},"303":{"start":{"line":747,"column":20},"end":{"line":759,"column":6}},"304":{"start":{"line":761,"column":4},"end":{"line":761,"column":63}},"305":{"start":{"line":763,"column":4},"end":{"line":763,"column":63}},"306":{"start":{"line":764,"column":4},"end":{"line":764,"column":87}},"307":{"start":{"line":766,"column":4},"end":{"line":766,"column":54}},"308":{"start":{"line":767,"column":4},"end":{"line":767,"column":83}},"309":{"start":{"line":775,"column":13},"end":{"line":963,"column":3}},"310":{"start":{"line":777,"column":18},"end":{"line":777,"column":35}},"311":{"start":{"line":778,"column":20},"end":{"line":778,"column":30}},"312":{"start":{"line":781,"column":2},"end":{"line":781,"column":27}},"313":{"start":{"line":782,"column":2},"end":{"line":782,"column":33}},"314":{"start":{"line":784,"column":2},"end":{"line":787,"column":3}},"315":{"start":{"line":785,"column":4},"end":{"line":785,"column":29}},"316":{"start":{"line":786,"column":4},"end":{"line":786,"column":11}},"317":{"start":{"line":789,"column":2},"end":{"line":792,"column":3}},"318":{"start":{"line":790,"column":4},"end":{"line":790,"column":67}},"319":{"start":{"line":791,"column":4},"end":{"line":791,"column":11}},"320":{"start":{"line":795,"column":17},"end":{"line":795,"column":75}},"321":{"start":{"line":796,"column":2},"end":{"line":799,"column":3}},"322":{"start":{"line":797,"column":4},"end":{"line":797,"column":64}},"323":{"start":{"line":798,"column":4},"end":{"line":798,"column":11}},"324":{"start":{"line":801,"column":2},"end":{"line":962,"column":3}},"325":{"start":{"line":803,"column":25},"end":{"line":803,"column":97}},"326":{"start":{"line":805,"column":4},"end":{"line":809,"column":5}},"327":{"start":{"line":806,"column":6},"end":{"line":806,"column":114}},"328":{"start":{"line":807,"column":6},"end":{"line":807,"column":66}},"329":{"start":{"line":808,"column":6},"end":{"line":808,"column":13}},"330":{"start":{"line":811,"column":19},"end":{"line":811,"column":39}},"331":{"start":{"line":812,"column":20},"end":{"line":812,"column":33}},"332":{"start":{"line":814,"column":4},"end":{"line":818,"column":5}},"333":{"start":{"line":815,"column":6},"end":{"line":815,"column":123}},"334":{"start":{"line":816,"column":6},"end":{"line":816,"column":67}},"335":{"start":{"line":817,"column":6},"end":{"line":817,"column":13}},"336":{"start":{"line":821,"column":4},"end":{"line":825,"column":5}},"337":{"start":{"line":822,"column":6},"end":{"line":822,"column":124}},"338":{"start":{"line":823,"column":6},"end":{"line":823,"column":90}},"339":{"start":{"line":824,"column":6},"end":{"line":824,"column":13}},"340":{"start":{"line":828,"column":16},"end":{"line":828,"column":26}},"341":{"start":{"line":830,"column":4},"end":{"line":865,"column":5}},"342":{"start":{"line":831,"column":6},"end":{"line":855,"column":9}},"343":{"start":{"line":832,"column":28},"end":{"line":832,"column":61}},"344":{"start":{"line":833,"column":26},"end":{"line":833,"column":45}},"345":{"start":{"line":835,"column":32},"end":{"line":835,"column":87}},"346":{"start":{"line":837,"column":8},"end":{"line":854,"column":9}},"347":{"start":{"line":839,"column":10},"end":{"line":842,"column":13}},"348":{"start":{"line":843,"column":10},"end":{"line":843,"column":69}},"349":{"start":{"line":846,"column":10},"end":{"line":848,"column":11}},"350":{"start":{"line":847,"column":12},"end":{"line":847,"column":51}},"351":{"start":{"line":850,"column":10},"end":{"line":852,"column":13}},"352":{"start":{"line":853,"column":10},"end":{"line":853,"column":94}},"353":{"start":{"line":857,"column":6},"end":{"line":863,"column":7}},"354":{"start":{"line":858,"column":32},"end":{"line":858,"column":85}},"355":{"start":{"line":859,"column":27},"end":{"line":859,"column":69}},"356":{"start":{"line":860,"column":8},"end":{"line":860,"column":140}},"357":{"start":{"line":861,"column":8},"end":{"line":861,"column":84}},"358":{"start":{"line":862,"column":8},"end":{"line":862,"column":15}},"359":{"start":{"line":864,"column":6},"end":{"line":864,"column":18}},"360":{"start":{"line":868,"column":22},"end":{"line":868,"column":91}},"361":{"start":{"line":871,"column":4},"end":{"line":878,"column":5}},"362":{"start":{"line":872,"column":24},"end":{"line":872,"column":98}},"363":{"start":{"line":873,"column":6},"end":{"line":873,"column":32}},"364":{"start":{"line":875,"column":6},"end":{"line":875,"column":118}},"365":{"start":{"line":876,"column":6},"end":{"line":876,"column":62}},"366":{"start":{"line":877,"column":6},"end":{"line":877,"column":13}},"367":{"start":{"line":881,"column":20},"end":{"line":881,"column":66}},"368":{"start":{"line":883,"column":4},"end":{"line":887,"column":5}},"369":{"start":{"line":884,"column":6},"end":{"line":884,"column":129}},"370":{"start":{"line":885,"column":6},"end":{"line":885,"column":65}},"371":{"start":{"line":886,"column":6},"end":{"line":886,"column":13}},"372":{"start":{"line":889,"column":21},"end":{"line":889,"column":36}},"373":{"start":{"line":892,"column":29},"end":{"line":897,"column":12}},"374":{"start":{"line":899,"column":20},"end":{"line":899,"column":21}},"375":{"start":{"line":900,"column":21},"end":{"line":900,"column":22}},"376":{"start":{"line":901,"column":24},"end":{"line":901,"column":25}},"377":{"start":{"line":902,"column":20},"end":{"line":902,"column":21}},"378":{"start":{"line":903,"column":21},"end":{"line":903,"column":22}},"379":{"start":{"line":904,"column":24},"end":{"line":904,"column":25}},"380":{"start":{"line":906,"column":4},"end":{"line":920,"column":7}},"381":{"start":{"line":907,"column":22},"end":{"line":907,"column":32}},"382":{"start":{"line":908,"column":6},"end":{"line":911,"column":7}},"383":{"start":{"line":909,"column":8},"end":{"line":909,"column":41}},"384":{"start":{"line":910,"column":8},"end":{"line":910,"column":20}},"385":{"start":{"line":912,"column":6},"end":{"line":915,"column":7}},"386":{"start":{"line":913,"column":8},"end":{"line":913,"column":36}},"387":{"start":{"line":914,"column":8},"end":{"line":914,"column":21}},"388":{"start":{"line":916,"column":6},"end":{"line":919,"column":7}},"389":{"start":{"line":917,"column":8},"end":{"line":917,"column":42}},"390":{"start":{"line":918,"column":8},"end":{"line":918,"column":24}},"391":{"start":{"line":922,"column":20},"end":{"line":927,"column":6}},"392":{"start":{"line":931,"column":27},"end":{"line":931,"column":49}},"393":{"start":{"line":934,"column":4},"end":{"line":934,"column":127}},"394":{"start":{"line":937,"column":4},"end":{"line":945,"column":7}},"395":{"start":{"line":947,"column":4},"end":{"line":957,"column":7}},"396":{"start":{"line":959,"column":4},"end":{"line":959,"column":95}},"397":{"start":{"line":960,"column":4},"end":{"line":960,"column":108}},"398":{"start":{"line":961,"column":4},"end":{"line":961,"column":70}},"399":{"start":{"line":969,"column":13},"end":{"line":1161,"column":3}},"400":{"start":{"line":971,"column":18},"end":{"line":971,"column":35}},"401":{"start":{"line":972,"column":20},"end":{"line":972,"column":30}},"402":{"start":{"line":975,"column":2},"end":{"line":975,"column":27}},"403":{"start":{"line":976,"column":2},"end":{"line":976,"column":33}},"404":{"start":{"line":978,"column":2},"end":{"line":981,"column":3}},"405":{"start":{"line":979,"column":4},"end":{"line":979,"column":29}},"406":{"start":{"line":980,"column":4},"end":{"line":980,"column":11}},"407":{"start":{"line":983,"column":2},"end":{"line":986,"column":3}},"408":{"start":{"line":984,"column":4},"end":{"line":984,"column":67}},"409":{"start":{"line":985,"column":4},"end":{"line":985,"column":11}},"410":{"start":{"line":989,"column":17},"end":{"line":989,"column":43}},"411":{"start":{"line":990,"column":2},"end":{"line":993,"column":3}},"412":{"start":{"line":991,"column":4},"end":{"line":991,"column":64}},"413":{"start":{"line":992,"column":4},"end":{"line":992,"column":11}},"414":{"start":{"line":995,"column":2},"end":{"line":1160,"column":3}},"415":{"start":{"line":997,"column":25},"end":{"line":997,"column":97}},"416":{"start":{"line":999,"column":4},"end":{"line":1003,"column":5}},"417":{"start":{"line":1000,"column":6},"end":{"line":1000,"column":117}},"418":{"start":{"line":1001,"column":6},"end":{"line":1001,"column":66}},"419":{"start":{"line":1002,"column":6},"end":{"line":1002,"column":13}},"420":{"start":{"line":1005,"column":19},"end":{"line":1005,"column":39}},"421":{"start":{"line":1006,"column":20},"end":{"line":1006,"column":33}},"422":{"start":{"line":1008,"column":4},"end":{"line":1012,"column":5}},"423":{"start":{"line":1009,"column":6},"end":{"line":1009,"column":126}},"424":{"start":{"line":1010,"column":6},"end":{"line":1010,"column":67}},"425":{"start":{"line":1011,"column":6},"end":{"line":1011,"column":13}},"426":{"start":{"line":1015,"column":4},"end":{"line":1019,"column":5}},"427":{"start":{"line":1016,"column":6},"end":{"line":1016,"column":127}},"428":{"start":{"line":1017,"column":6},"end":{"line":1017,"column":93}},"429":{"start":{"line":1018,"column":6},"end":{"line":1018,"column":13}},"430":{"start":{"line":1022,"column":16},"end":{"line":1022,"column":26}},"431":{"start":{"line":1024,"column":4},"end":{"line":1059,"column":5}},"432":{"start":{"line":1025,"column":6},"end":{"line":1049,"column":9}},"433":{"start":{"line":1026,"column":28},"end":{"line":1026,"column":61}},"434":{"start":{"line":1027,"column":26},"end":{"line":1027,"column":45}},"435":{"start":{"line":1029,"column":32},"end":{"line":1029,"column":87}},"436":{"start":{"line":1031,"column":8},"end":{"line":1048,"column":9}},"437":{"start":{"line":1033,"column":10},"end":{"line":1036,"column":13}},"438":{"start":{"line":1037,"column":10},"end":{"line":1037,"column":69}},"439":{"start":{"line":1040,"column":10},"end":{"line":1042,"column":11}},"440":{"start":{"line":1041,"column":12},"end":{"line":1041,"column":51}},"441":{"start":{"line":1044,"column":10},"end":{"line":1046,"column":13}},"442":{"start":{"line":1047,"column":10},"end":{"line":1047,"column":94}},"443":{"start":{"line":1051,"column":6},"end":{"line":1057,"column":7}},"444":{"start":{"line":1052,"column":32},"end":{"line":1052,"column":85}},"445":{"start":{"line":1053,"column":27},"end":{"line":1053,"column":69}},"446":{"start":{"line":1054,"column":8},"end":{"line":1054,"column":143}},"447":{"start":{"line":1055,"column":8},"end":{"line":1055,"column":84}},"448":{"start":{"line":1056,"column":8},"end":{"line":1056,"column":15}},"449":{"start":{"line":1058,"column":6},"end":{"line":1058,"column":18}},"450":{"start":{"line":1065,"column":4},"end":{"line":1074,"column":5}},"451":{"start":{"line":1066,"column":24},"end":{"line":1066,"column":109}},"452":{"start":{"line":1067,"column":6},"end":{"line":1067,"column":26}},"453":{"start":{"line":1068,"column":6},"end":{"line":1068,"column":26}},"454":{"start":{"line":1069,"column":6},"end":{"line":1069,"column":32}},"455":{"start":{"line":1071,"column":6},"end":{"line":1071,"column":121}},"456":{"start":{"line":1072,"column":6},"end":{"line":1072,"column":62}},"457":{"start":{"line":1073,"column":6},"end":{"line":1073,"column":13}},"458":{"start":{"line":1078,"column":26},"end":{"line":1078,"column":71}},"459":{"start":{"line":1080,"column":31},"end":{"line":1080,"column":33}},"460":{"start":{"line":1081,"column":30},"end":{"line":1081,"column":32}},"461":{"start":{"line":1083,"column":4},"end":{"line":1095,"column":7}},"462":{"start":{"line":1084,"column":19},"end":{"line":1084,"column":29}},"463":{"start":{"line":1085,"column":22},"end":{"line":1085,"column":67}},"464":{"start":{"line":1086,"column":22},"end":{"line":1086,"column":68}},"465":{"start":{"line":1088,"column":6},"end":{"line":1094,"column":7}},"466":{"start":{"line":1089,"column":25},"end":{"line":1089,"column":70}},"467":{"start":{"line":1090,"column":8},"end":{"line":1093,"column":9}},"468":{"start":{"line":1091,"column":10},"end":{"line":1091,"column":62}},"469":{"start":{"line":1092,"column":10},"end":{"line":1092,"column":31}},"470":{"start":{"line":1098,"column":30},"end":{"line":1125,"column":null}},"471":{"start":{"line":1100,"column":33},"end":{"line":1104,"column":16}},"472":{"start":{"line":1106,"column":28},"end":{"line":1106,"column":29}},"473":{"start":{"line":1107,"column":28},"end":{"line":1107,"column":29}},"474":{"start":{"line":1109,"column":8},"end":{"line":1115,"column":11}},"475":{"start":{"line":1110,"column":26},"end":{"line":1110,"column":36}},"476":{"start":{"line":1111,"column":10},"end":{"line":1114,"column":11}},"477":{"start":{"line":1112,"column":12},"end":{"line":1112,"column":46}},"478":{"start":{"line":1113,"column":12},"end":{"line":1113,"column":28}},"479":{"start":{"line":1117,"column":8},"end":{"line":1124,"column":10}},"480":{"start":{"line":1129,"column":4},"end":{"line":1133,"column":7}},"481":{"start":{"line":1130,"column":6},"end":{"line":1130,"column":40}},"482":{"start":{"line":1130,"column":31},"end":{"line":1130,"column":40}},"483":{"start":{"line":1131,"column":6},"end":{"line":1131,"column":41}},"484":{"start":{"line":1131,"column":31},"end":{"line":1131,"column":41}},"485":{"start":{"line":1132,"column":6},"end":{"line":1132,"column":37}},"486":{"start":{"line":1137,"column":27},"end":{"line":1137,"column":49}},"487":{"start":{"line":1140,"column":4},"end":{"line":1140,"column":145}},"488":{"start":{"line":1143,"column":4},"end":{"line":1153,"column":7}},"489":{"start":{"line":1155,"column":4},"end":{"line":1155,"column":77}},"490":{"start":{"line":1157,"column":4},"end":{"line":1157,"column":98}},"491":{"start":{"line":1158,"column":4},"end":{"line":1158,"column":111}},"492":{"start":{"line":1159,"column":4},"end":{"line":1159,"column":70}},"493":{"start":{"line":1167,"column":13},"end":{"line":1240,"column":3}},"494":{"start":{"line":1169,"column":2},"end":{"line":1171,"column":3}},"495":{"start":{"line":1170,"column":4},"end":{"line":1170,"column":85}},"496":{"start":{"line":1173,"column":63},"end":{"line":1173,"column":67}},"497":{"start":{"line":1175,"column":2},"end":{"line":1177,"column":3}},"498":{"start":{"line":1176,"column":4},"end":{"line":1176,"column":82}},"499":{"start":{"line":1179,"column":2},"end":{"line":1239,"column":3}},"500":{"start":{"line":1181,"column":19},"end":{"line":1181,"column":70}},"501":{"start":{"line":1183,"column":4},"end":{"line":1185,"column":5}},"502":{"start":{"line":1184,"column":6},"end":{"line":1184,"column":77}},"503":{"start":{"line":1187,"column":20},"end":{"line":1187,"column":34}},"504":{"start":{"line":1190,"column":20},"end":{"line":1190,"column":44}},"505":{"start":{"line":1191,"column":4},"end":{"line":1193,"column":5}},"506":{"start":{"line":1192,"column":6},"end":{"line":1192,"column":81}},"507":{"start":{"line":1196,"column":22},"end":{"line":1196,"column":46}},"508":{"start":{"line":1197,"column":28},"end":{"line":1202,"column":12}},"509":{"start":{"line":1204,"column":27},"end":{"line":1204,"column":29}},"510":{"start":{"line":1205,"column":24},"end":{"line":1205,"column":25}},"511":{"start":{"line":1206,"column":22},"end":{"line":1206,"column":23}},"512":{"start":{"line":1207,"column":51},"end":{"line":1207,"column":53}},"513":{"start":{"line":1209,"column":4},"end":{"line":1215,"column":7}},"514":{"start":{"line":1210,"column":21},"end":{"line":1210,"column":31}},"515":{"start":{"line":1211,"column":6},"end":{"line":1211,"column":27}},"516":{"start":{"line":1212,"column":6},"end":{"line":1212,"column":22}},"517":{"start":{"line":1213,"column":6},"end":{"line":1213,"column":50}},"518":{"start":{"line":1213,"column":36},"end":{"line":1213,"column":50}},"519":{"start":{"line":1214,"column":6},"end":{"line":1214,"column":83}},"520":{"start":{"line":1217,"column":18},"end":{"line":1233,"column":6}},"521":{"start":{"line":1235,"column":4},"end":{"line":1235,"column":36}},"522":{"start":{"line":1237,"column":4},"end":{"line":1237,"column":55}},"523":{"start":{"line":1238,"column":4},"end":{"line":1238,"column":82}},"524":{"start":{"line":1246,"column":12},"end":{"line":1246,"column":19}},"525":{"start":{"line":1247,"column":15},"end":{"line":1247,"column":46}},"526":{"start":{"line":1248,"column":15},"end":{"line":1248,"column":46}},"527":{"start":{"line":1250,"column":4},"end":{"line":1254,"column":24}},"528":{"start":{"line":1255,"column":12},"end":{"line":1255,"column":58}},"529":{"start":{"line":1256,"column":2},"end":{"line":1256,"column":15}},"530":{"start":{"line":1272,"column":2},"end":{"line":1287,"column":3}},"531":{"start":{"line":1273,"column":20},"end":{"line":1280,"column":6}},"532":{"start":{"line":1282,"column":4},"end":{"line":1282,"column":42}},"533":{"start":{"line":1283,"column":4},"end":{"line":1283,"column":52}},"534":{"start":{"line":1285,"column":4},"end":{"line":1285,"column":61}},"535":{"start":{"line":1286,"column":4},"end":{"line":1286,"column":16}},"536":{"start":{"line":1294,"column":13},"end":{"line":1381,"column":5}},"537":{"start":{"line":1298,"column":4},"end":{"line":1380,"column":5}},"538":{"start":{"line":1300,"column":28},"end":{"line":1302,"column":14}},"539":{"start":{"line":1304,"column":31},"end":{"line":1304,"column":33}},"540":{"start":{"line":1305,"column":6},"end":{"line":1310,"column":9}},"541":{"start":{"line":1306,"column":21},"end":{"line":1306,"column":31}},"542":{"start":{"line":1307,"column":8},"end":{"line":1309,"column":9}},"543":{"start":{"line":1308,"column":10},"end":{"line":1308,"column":45}},"544":{"start":{"line":1312,"column":6},"end":{"line":1315,"column":7}},"545":{"start":{"line":1313,"column":8},"end":{"line":1313,"column":49}},"546":{"start":{"line":1314,"column":8},"end":{"line":1314,"column":20}},"547":{"start":{"line":1317,"column":28},"end":{"line":1317,"column":55}},"548":{"start":{"line":1318,"column":28},"end":{"line":1318,"column":45}},"549":{"start":{"line":1319,"column":24},"end":{"line":1319,"column":27}},"550":{"start":{"line":1320,"column":25},"end":{"line":1320,"column":26}},"551":{"start":{"line":1321,"column":25},"end":{"line":1321,"column":26}},"552":{"start":{"line":1323,"column":6},"end":{"line":1349,"column":7}},"553":{"start":{"line":1323,"column":19},"end":{"line":1323,"column":20}},"554":{"start":{"line":1324,"column":22},"end":{"line":1324,"column":59}},"555":{"start":{"line":1325,"column":25},"end":{"line":1334,"column":10}},"556":{"start":{"line":1336,"column":8},"end":{"line":1336,"column":46}},"557":{"start":{"line":1337,"column":8},"end":{"line":1337,"column":46}},"558":{"start":{"line":1339,"column":8},"end":{"line":1348,"column":11}},"559":{"start":{"line":1340,"column":10},"end":{"line":1340,"column":35}},"560":{"start":{"line":1340,"column":28},"end":{"line":1340,"column":35}},"561":{"start":{"line":1341,"column":23},"end":{"line":1341,"column":45}},"562":{"start":{"line":1342,"column":10},"end":{"line":1347,"column":11}},"563":{"start":{"line":1346,"column":12},"end":{"line":1346,"column":44}},"564":{"start":{"line":1351,"column":6},"end":{"line":1371,"column":7}},"565":{"start":{"line":1352,"column":20},"end":{"line":1352,"column":30}},"566":{"start":{"line":1353,"column":25},"end":{"line":1353,"column":26}},"567":{"start":{"line":1354,"column":8},"end":{"line":1367,"column":9}},"568":{"start":{"line":1355,"column":24},"end":{"line":1355,"column":49}},"569":{"start":{"line":1356,"column":10},"end":{"line":1356,"column":86}},"570":{"start":{"line":1356,"column":77},"end":{"line":1356,"column":86}},"571":{"start":{"line":1357,"column":10},"end":{"line":1360,"column":13}},"572":{"start":{"line":1361,"column":10},"end":{"line":1361,"column":26}},"573":{"start":{"line":1362,"column":10},"end":{"line":1366,"column":11}},"574":{"start":{"line":1363,"column":12},"end":{"line":1363,"column":33}},"575":{"start":{"line":1364,"column":12},"end":{"line":1364,"column":31}},"576":{"start":{"line":1365,"column":12},"end":{"line":1365,"column":27}},"577":{"start":{"line":1368,"column":8},"end":{"line":1370,"column":9}},"578":{"start":{"line":1369,"column":10},"end":{"line":1369,"column":31}},"579":{"start":{"line":1373,"column":6},"end":{"line":1375,"column":8}},"580":{"start":{"line":1376,"column":6},"end":{"line":1376,"column":115}},"581":{"start":{"line":1378,"column":6},"end":{"line":1378,"column":58}},"582":{"start":{"line":1379,"column":6},"end":{"line":1379,"column":18}}},"fnMap":{"0":{"name":"generateTraceId","decl":{"start":{"line":40,"column":9},"end":{"line":40,"column":24}},"loc":{"start":{"line":40,"column":24},"end":{"line":42,"column":1}}},"1":{"name":"logRequest","decl":{"start":{"line":47,"column":9},"end":{"line":47,"column":19}},"loc":{"start":{"line":53,"column":32},"end":{"line":64,"column":1}}},"2":{"name":"setCorsHeaders","decl":{"start":{"line":81,"column":9},"end":{"line":81,"column":23}},"loc":{"start":{"line":81,"column":42},"end":{"line":89,"column":1}}},"3":{"name":"validateRequest","decl":{"start":{"line":108,"column":9},"end":{"line":108,"column":24}},"loc":{"start":{"line":108,"column":57},"end":{"line":115,"column":1}}},"4":{"name":"(anonymous_13)","decl":{"start":{"line":111,"column":38},"end":{"line":111,"column":39}},"loc":{"start":{"line":111,"column":43},"end":{"line":111,"column":52}}},"5":{"name":"getSecret","decl":{"start":{"line":121,"column":15},"end":{"line":121,"column":24}},"loc":{"start":{"line":121,"column":43},"end":{"line":150,"column":1}}},"6":{"name":"getCachedSecret","decl":{"start":{"line":159,"column":15},"end":{"line":159,"column":30}},"loc":{"start":{"line":159,"column":49},"end":{"line":168,"column":1}}},"7":{"name":"(anonymous_16)","decl":{"start":{"line":180,"column":12},"end":{"line":180,"column":17}},"loc":{"start":{"line":180,"column":36},"end":{"line":267,"column":3}}},"8":{"name":"(anonymous_17)","decl":{"start":{"line":278,"column":12},"end":{"line":278,"column":17}},"loc":{"start":{"line":278,"column":36},"end":{"line":316,"column":3}}},"9":{"name":"(anonymous_18)","decl":{"start":{"line":323,"column":12},"end":{"line":323,"column":17}},"loc":{"start":{"line":323,"column":36},"end":{"line":363,"column":3}}},"10":{"name":"(anonymous_19)","decl":{"start":{"line":374,"column":12},"end":{"line":374,"column":17}},"loc":{"start":{"line":374,"column":36},"end":{"line":441,"column":3}}},"11":{"name":"(anonymous_20)","decl":{"start":{"line":402,"column":39},"end":{"line":402,"column":40}},"loc":{"start":{"line":403,"column":10},"end":{"line":403,"column":52}}},"12":{"name":"(anonymous_21)","decl":{"start":{"line":408,"column":25},"end":{"line":408,"column":26}},"loc":{"start":{"line":408,"column":33},"end":{"line":413,"column":7}}},"13":{"name":"(anonymous_22)","decl":{"start":{"line":454,"column":23},"end":{"line":454,"column":26}},"loc":{"start":{"line":454,"column":28},"end":{"line":460,"column":1}}},"14":{"name":"readFirstNonEmpty","decl":{"start":{"line":462,"column":9},"end":{"line":462,"column":26}},"loc":{"start":{"line":462,"column":63},"end":{"line":467,"column":1}}},"15":{"name":"parsePriceLevel","decl":{"start":{"line":469,"column":9},"end":{"line":469,"column":24}},"loc":{"start":{"line":469,"column":39},"end":{"line":473,"column":1}}},"16":{"name":"withCors","decl":{"start":{"line":475,"column":9},"end":{"line":475,"column":17}},"loc":{"start":{"line":475,"column":26},"end":{"line":479,"column":1}}},"17":{"name":"verifyFirebaseUserFromRequest","decl":{"start":{"line":481,"column":15},"end":{"line":481,"column":44}},"loc":{"start":{"line":481,"column":53},"end":{"line":494,"column":1}}},"18":{"name":"verifyAppCheckFromRequest","decl":{"start":{"line":496,"column":15},"end":{"line":496,"column":40}},"loc":{"start":{"line":496,"column":49},"end":{"line":507,"column":1}}},"19":{"name":"fetchJsonWithTimeout","decl":{"start":{"line":509,"column":15},"end":{"line":509,"column":35}},"loc":{"start":{"line":509,"column":84},"end":{"line":521,"column":1}}},"20":{"name":"(anonymous_29)","decl":{"start":{"line":511,"column":29},"end":{"line":511,"column":32}},"loc":{"start":{"line":511,"column":35},"end":{"line":511,"column":54}}},"21":{"name":"parseExternalSignals","decl":{"start":{"line":523,"column":9},"end":{"line":523,"column":29}},"loc":{"start":{"line":523,"column":46},"end":{"line":526,"column":1}}},"22":{"name":"fetchFoursquareSignalServer","decl":{"start":{"line":528,"column":15},"end":{"line":528,"column":42}},"loc":{"start":{"line":528,"column":86},"end":{"line":560,"column":1}}},"23":{"name":"(anonymous_32)","decl":{"start":{"line":551,"column":11},"end":{"line":551,"column":12}},"loc":{"start":{"line":551,"column":24},"end":{"line":551,"column":67}}},"24":{"name":"(anonymous_33)","decl":{"start":{"line":552,"column":14},"end":{"line":552,"column":15}},"loc":{"start":{"line":552,"column":26},"end":{"line":552,"column":47}}},"25":{"name":"fetchYelpSignalServer","decl":{"start":{"line":562,"column":15},"end":{"line":562,"column":36}},"loc":{"start":{"line":562,"column":80},"end":{"line":599,"column":1}}},"26":{"name":"(anonymous_35)","decl":{"start":{"line":589,"column":11},"end":{"line":589,"column":12}},"loc":{"start":{"line":589,"column":24},"end":{"line":589,"column":69}}},"27":{"name":"(anonymous_36)","decl":{"start":{"line":590,"column":14},"end":{"line":590,"column":15}},"loc":{"start":{"line":590,"column":26},"end":{"line":590,"column":47}}},"28":{"name":"(anonymous_37)","decl":{"start":{"line":601,"column":59},"end":{"line":601,"column":64}},"loc":{"start":{"line":601,"column":78},"end":{"line":693,"column":1}}},"29":{"name":"(anonymous_38)","decl":{"start":{"line":654,"column":7},"end":{"line":654,"column":10}},"loc":{"start":{"line":654,"column":12},"end":{"line":660,"column":5}}},"30":{"name":"generateCryptoKey","decl":{"start":{"line":703,"column":9},"end":{"line":703,"column":26}},"loc":{"start":{"line":703,"column":26},"end":{"line":707,"column":1}}},"31":{"name":"(anonymous_40)","decl":{"start":{"line":713,"column":56},"end":{"line":713,"column":61}},"loc":{"start":{"line":713,"column":80},"end":{"line":769,"column":1}}},"32":{"name":"(anonymous_41)","decl":{"start":{"line":775,"column":56},"end":{"line":775,"column":61}},"loc":{"start":{"line":775,"column":75},"end":{"line":963,"column":1}}},"33":{"name":"(anonymous_42)","decl":{"start":{"line":831,"column":30},"end":{"line":831,"column":35}},"loc":{"start":{"line":831,"column":52},"end":{"line":855,"column":7}}},"34":{"name":"(anonymous_43)","decl":{"start":{"line":906,"column":29},"end":{"line":906,"column":30}},"loc":{"start":{"line":906,"column":42},"end":{"line":920,"column":5}}},"35":{"name":"(anonymous_44)","decl":{"start":{"line":969,"column":59},"end":{"line":969,"column":64}},"loc":{"start":{"line":969,"column":78},"end":{"line":1161,"column":1}}},"36":{"name":"(anonymous_45)","decl":{"start":{"line":1025,"column":30},"end":{"line":1025,"column":35}},"loc":{"start":{"line":1025,"column":52},"end":{"line":1049,"column":7}}},"37":{"name":"(anonymous_46)","decl":{"start":{"line":1083,"column":26},"end":{"line":1083,"column":27}},"loc":{"start":{"line":1083,"column":39},"end":{"line":1095,"column":5}}},"38":{"name":"(anonymous_47)","decl":{"start":{"line":1099,"column":22},"end":{"line":1099,"column":27}},"loc":{"start":{"line":1099,"column":37},"end":{"line":1125,"column":7}}},"39":{"name":"(anonymous_48)","decl":{"start":{"line":1109,"column":33},"end":{"line":1109,"column":34}},"loc":{"start":{"line":1109,"column":46},"end":{"line":1115,"column":9}}},"40":{"name":"(anonymous_49)","decl":{"start":{"line":1129,"column":27},"end":{"line":1129,"column":28}},"loc":{"start":{"line":1129,"column":36},"end":{"line":1133,"column":5}}},"41":{"name":"(anonymous_50)","decl":{"start":{"line":1167,"column":55},"end":{"line":1167,"column":60}},"loc":{"start":{"line":1167,"column":79},"end":{"line":1240,"column":1}}},"42":{"name":"(anonymous_51)","decl":{"start":{"line":1209,"column":28},"end":{"line":1209,"column":29}},"loc":{"start":{"line":1209,"column":41},"end":{"line":1215,"column":5}}},"43":{"name":"calculateDistance","decl":{"start":{"line":1245,"column":9},"end":{"line":1245,"column":26}},"loc":{"start":{"line":1245,"column":81},"end":{"line":1257,"column":1}}},"44":{"name":"sendPushNotification","decl":{"start":{"line":1266,"column":15},"end":{"line":1266,"column":35}},"loc":{"start":{"line":1270,"column":31},"end":{"line":1288,"column":1}}},"45":{"name":"(anonymous_54)","decl":{"start":{"line":1297,"column":9},"end":{"line":1297,"column":14}},"loc":{"start":{"line":1297,"column":28},"end":{"line":1381,"column":3}}},"46":{"name":"(anonymous_55)","decl":{"start":{"line":1305,"column":28},"end":{"line":1305,"column":29}},"loc":{"start":{"line":1305,"column":36},"end":{"line":1310,"column":7}}},"47":{"name":"(anonymous_56)","decl":{"start":{"line":1339,"column":35},"end":{"line":1339,"column":36}},"loc":{"start":{"line":1339,"column":51},"end":{"line":1348,"column":9}}}},"branchMap":{"0":{"loc":{"start":{"line":82,"column":17},"end":{"line":82,"column":41}},"type":"binary-expr","locations":[{"start":{"line":82,"column":17},"end":{"line":82,"column":35}},{"start":{"line":82,"column":39},"end":{"line":82,"column":41}}]},"1":{"loc":{"start":{"line":83,"column":2},"end":{"line":86,"column":3}},"type":"if","locations":[{"start":{"line":83,"column":2},"end":{"line":86,"column":3}}]},"2":{"loc":{"start":{"line":110,"column":2},"end":{"line":113,"column":3}},"type":"if","locations":[{"start":{"line":110,"column":2},"end":{"line":113,"column":3}}]},"3":{"loc":{"start":{"line":124,"column":2},"end":{"line":126,"column":3}},"type":"if","locations":[{"start":{"line":124,"column":2},"end":{"line":126,"column":3}}]},"4":{"loc":{"start":{"line":130,"column":22},"end":{"line":130,"column":75}},"type":"binary-expr","locations":[{"start":{"line":130,"column":22},"end":{"line":130,"column":48}},{"start":{"line":130,"column":52},"end":{"line":130,"column":75}}]},"5":{"loc":{"start":{"line":131,"column":4},"end":{"line":134,"column":5}},"type":"if","locations":[{"start":{"line":131,"column":4},"end":{"line":134,"column":5}}]},"6":{"loc":{"start":{"line":140,"column":4},"end":{"line":143,"column":5}},"type":"if","locations":[{"start":{"line":140,"column":4},"end":{"line":143,"column":5}}]},"7":{"loc":{"start":{"line":161,"column":2},"end":{"line":163,"column":3}},"type":"if","locations":[{"start":{"line":161,"column":2},"end":{"line":163,"column":3}}]},"8":{"loc":{"start":{"line":161,"column":6},"end":{"line":161,"column":60}},"type":"binary-expr","locations":[{"start":{"line":161,"column":6},"end":{"line":161,"column":12}},{"start":{"line":161,"column":16},"end":{"line":161,"column":60}}]},"9":{"loc":{"start":{"line":184,"column":4},"end":{"line":186,"column":5}},"type":"if","locations":[{"start":{"line":184,"column":4},"end":{"line":186,"column":5}}]},"10":{"loc":{"start":{"line":198,"column":6},"end":{"line":212,"column":7}},"type":"if","locations":[{"start":{"line":198,"column":6},"end":{"line":212,"column":7}},{"start":{"line":200,"column":13},"end":{"line":212,"column":7}}]},"11":{"loc":{"start":{"line":209,"column":8},"end":{"line":211,"column":9}},"type":"if","locations":[{"start":{"line":209,"column":8},"end":{"line":211,"column":9}}]},"12":{"loc":{"start":{"line":214,"column":6},"end":{"line":218,"column":7}},"type":"if","locations":[{"start":{"line":214,"column":6},"end":{"line":218,"column":7}}]},"13":{"loc":{"start":{"line":225,"column":27},"end":{"line":225,"column":51}},"type":"binary-expr","locations":[{"start":{"line":225,"column":27},"end":{"line":225,"column":45}},{"start":{"line":225,"column":49},"end":{"line":225,"column":51}}]},"14":{"loc":{"start":{"line":228,"column":34},"end":{"line":228,"column":83}},"type":"binary-expr","locations":[{"start":{"line":228,"column":34},"end":{"line":228,"column":69}},{"start":{"line":228,"column":73},"end":{"line":228,"column":83}}]},"15":{"loc":{"start":{"line":230,"column":23},"end":{"line":230,"column":76}},"type":"cond-expr","locations":[{"start":{"line":230,"column":51},"end":{"line":230,"column":70}},{"start":{"line":230,"column":73},"end":{"line":230,"column":76}}]},"16":{"loc":{"start":{"line":251,"column":6},"end":{"line":258,"column":7}},"type":"if","locations":[{"start":{"line":251,"column":6},"end":{"line":258,"column":7}}]},"17":{"loc":{"start":{"line":282,"column":4},"end":{"line":284,"column":5}},"type":"if","locations":[{"start":{"line":282,"column":4},"end":{"line":284,"column":5}}]},"18":{"loc":{"start":{"line":289,"column":25},"end":{"line":289,"column":47}},"type":"binary-expr","locations":[{"start":{"line":289,"column":25},"end":{"line":289,"column":41}},{"start":{"line":289,"column":45},"end":{"line":289,"column":47}}]},"19":{"loc":{"start":{"line":290,"column":25},"end":{"line":290,"column":74}},"type":"binary-expr","locations":[{"start":{"line":290,"column":25},"end":{"line":290,"column":40}},{"start":{"line":290,"column":44},"end":{"line":290,"column":61}},{"start":{"line":290,"column":65},"end":{"line":290,"column":74}}]},"20":{"loc":{"start":{"line":294,"column":28},"end":{"line":294,"column":53}},"type":"binary-expr","locations":[{"start":{"line":294,"column":28},"end":{"line":294,"column":47}},{"start":{"line":294,"column":51},"end":{"line":294,"column":53}}]},"21":{"loc":{"start":{"line":297,"column":6},"end":{"line":300,"column":7}},"type":"if","locations":[{"start":{"line":297,"column":6},"end":{"line":300,"column":7}}]},"22":{"loc":{"start":{"line":329,"column":4},"end":{"line":331,"column":5}},"type":"if","locations":[{"start":{"line":329,"column":4},"end":{"line":331,"column":5}}]},"23":{"loc":{"start":{"line":336,"column":27},"end":{"line":336,"column":51}},"type":"binary-expr","locations":[{"start":{"line":336,"column":27},"end":{"line":336,"column":45}},{"start":{"line":336,"column":49},"end":{"line":336,"column":51}}]},"24":{"loc":{"start":{"line":337,"column":27},"end":{"line":337,"column":80}},"type":"binary-expr","locations":[{"start":{"line":337,"column":27},"end":{"line":337,"column":44}},{"start":{"line":337,"column":48},"end":{"line":337,"column":67}},{"start":{"line":337,"column":71},"end":{"line":337,"column":80}}]},"25":{"loc":{"start":{"line":341,"column":25},"end":{"line":341,"column":47}},"type":"binary-expr","locations":[{"start":{"line":341,"column":25},"end":{"line":341,"column":41}},{"start":{"line":341,"column":45},"end":{"line":341,"column":47}}]},"26":{"loc":{"start":{"line":344,"column":6},"end":{"line":347,"column":7}},"type":"if","locations":[{"start":{"line":344,"column":6},"end":{"line":347,"column":7}}]},"27":{"loc":{"start":{"line":379,"column":4},"end":{"line":381,"column":5}},"type":"if","locations":[{"start":{"line":379,"column":4},"end":{"line":381,"column":5}}]},"28":{"loc":{"start":{"line":386,"column":25},"end":{"line":386,"column":47}},"type":"binary-expr","locations":[{"start":{"line":386,"column":25},"end":{"line":386,"column":41}},{"start":{"line":386,"column":45},"end":{"line":386,"column":47}}]},"29":{"loc":{"start":{"line":387,"column":25},"end":{"line":387,"column":74}},"type":"binary-expr","locations":[{"start":{"line":387,"column":25},"end":{"line":387,"column":40}},{"start":{"line":387,"column":44},"end":{"line":387,"column":61}},{"start":{"line":387,"column":65},"end":{"line":387,"column":74}}]},"30":{"loc":{"start":{"line":388,"column":28},"end":{"line":388,"column":52}},"type":"binary-expr","locations":[{"start":{"line":388,"column":28},"end":{"line":388,"column":46}},{"start":{"line":388,"column":50},"end":{"line":388,"column":52}}]},"31":{"loc":{"start":{"line":390,"column":6},"end":{"line":392,"column":7}},"type":"if","locations":[{"start":{"line":390,"column":6},"end":{"line":392,"column":7}}]},"32":{"loc":{"start":{"line":396,"column":6},"end":{"line":398,"column":7}},"type":"if","locations":[{"start":{"line":396,"column":6},"end":{"line":398,"column":7}}]},"33":{"loc":{"start":{"line":397,"column":24},"end":{"line":397,"column":53}},"type":"binary-expr","locations":[{"start":{"line":397,"column":24},"end":{"line":397,"column":47}},{"start":{"line":397,"column":51},"end":{"line":397,"column":53}}]},"34":{"loc":{"start":{"line":410,"column":8},"end":{"line":412,"column":9}},"type":"if","locations":[{"start":{"line":410,"column":8},"end":{"line":412,"column":9}}]},"35":{"loc":{"start":{"line":415,"column":6},"end":{"line":417,"column":7}},"type":"if","locations":[{"start":{"line":415,"column":6},"end":{"line":417,"column":7}}]},"36":{"loc":{"start":{"line":464,"column":4},"end":{"line":464,"column":82}},"type":"if","locations":[{"start":{"line":464,"column":4},"end":{"line":464,"column":82}}]},"37":{"loc":{"start":{"line":464,"column":8},"end":{"line":464,"column":60}},"type":"binary-expr","locations":[{"start":{"line":464,"column":8},"end":{"line":464,"column":33}},{"start":{"line":464,"column":37},"end":{"line":464,"column":60}}]},"38":{"loc":{"start":{"line":470,"column":2},"end":{"line":470,"column":31}},"type":"if","locations":[{"start":{"line":470,"column":2},"end":{"line":470,"column":31}}]},"39":{"loc":{"start":{"line":472,"column":9},"end":{"line":472,"column":32}},"type":"cond-expr","locations":[{"start":{"line":472,"column":16},"end":{"line":472,"column":20}},{"start":{"line":472,"column":23},"end":{"line":472,"column":32}}]},"40":{"loc":{"start":{"line":482,"column":17},"end":{"line":482,"column":47}},"type":"binary-expr","locations":[{"start":{"line":482,"column":17},"end":{"line":482,"column":41}},{"start":{"line":482,"column":45},"end":{"line":482,"column":47}}]},"41":{"loc":{"start":{"line":483,"column":2},"end":{"line":485,"column":3}},"type":"if","locations":[{"start":{"line":483,"column":2},"end":{"line":485,"column":3}}]},"42":{"loc":{"start":{"line":483,"column":6},"end":{"line":483,"column":79}},"type":"binary-expr","locations":[{"start":{"line":483,"column":6},"end":{"line":483,"column":32}},{"start":{"line":483,"column":36},"end":{"line":483,"column":79}}]},"43":{"loc":{"start":{"line":487,"column":2},"end":{"line":487,"column":26}},"type":"if","locations":[{"start":{"line":487,"column":2},"end":{"line":487,"column":26}}]},"44":{"loc":{"start":{"line":490,"column":11},"end":{"line":490,"column":31}},"type":"binary-expr","locations":[{"start":{"line":490,"column":11},"end":{"line":490,"column":23}},{"start":{"line":490,"column":27},"end":{"line":490,"column":31}}]},"45":{"loc":{"start":{"line":497,"column":16},"end":{"line":497,"column":52}},"type":"binary-expr","locations":[{"start":{"line":497,"column":16},"end":{"line":497,"column":46}},{"start":{"line":497,"column":50},"end":{"line":497,"column":52}}]},"46":{"loc":{"start":{"line":498,"column":2},"end":{"line":500,"column":3}},"type":"if","locations":[{"start":{"line":498,"column":2},"end":{"line":500,"column":3}}]},"47":{"loc":{"start":{"line":498,"column":6},"end":{"line":498,"column":48}},"type":"binary-expr","locations":[{"start":{"line":498,"column":6},"end":{"line":498,"column":31}},{"start":{"line":498,"column":35},"end":{"line":498,"column":48}}]},"48":{"loc":{"start":{"line":509,"column":68},"end":{"line":509,"column":84}},"type":"default-arg","locations":[{"start":{"line":509,"column":80},"end":{"line":509,"column":84}}]},"49":{"loc":{"start":{"line":510,"column":21},"end":{"line":510,"column":90}},"type":"cond-expr","locations":[{"start":{"line":510,"column":62},"end":{"line":510,"column":83}},{"start":{"line":510,"column":86},"end":{"line":510,"column":90}}]},"50":{"loc":{"start":{"line":514,"column":4},"end":{"line":514,"column":29}},"type":"if","locations":[{"start":{"line":514,"column":4},"end":{"line":514,"column":29}}]},"51":{"loc":{"start":{"line":524,"column":2},"end":{"line":524,"column":41}},"type":"if","locations":[{"start":{"line":524,"column":2},"end":{"line":524,"column":41}}]},"52":{"loc":{"start":{"line":531,"column":2},"end":{"line":536,"column":3}},"type":"if","locations":[{"start":{"line":531,"column":2},"end":{"line":536,"column":3}}]},"53":{"loc":{"start":{"line":537,"column":2},"end":{"line":537,"column":24}},"type":"if","locations":[{"start":{"line":537,"column":2},"end":{"line":537,"column":24}}]},"54":{"loc":{"start":{"line":547,"column":16},"end":{"line":547,"column":87}},"type":"cond-expr","locations":[{"start":{"line":547,"column":57},"end":{"line":547,"column":80}},{"start":{"line":547,"column":83},"end":{"line":547,"column":87}}]},"55":{"loc":{"start":{"line":548,"column":2},"end":{"line":548,"column":26}},"type":"if","locations":[{"start":{"line":548,"column":2},"end":{"line":548,"column":26}}]},"56":{"loc":{"start":{"line":549,"column":21},"end":{"line":553,"column":15}},"type":"cond-expr","locations":[{"start":{"line":550,"column":6},"end":{"line":552,"column":48}},{"start":{"line":553,"column":6},"end":{"line":553,"column":15}}]},"57":{"loc":{"start":{"line":551,"column":24},"end":{"line":551,"column":67}},"type":"cond-expr","locations":[{"start":{"line":551,"column":54},"end":{"line":551,"column":60}},{"start":{"line":551,"column":63},"end":{"line":551,"column":67}}]},"58":{"loc":{"start":{"line":556,"column":12},"end":{"line":556,"column":71}},"type":"cond-expr","locations":[{"start":{"line":556,"column":47},"end":{"line":556,"column":59}},{"start":{"line":556,"column":62},"end":{"line":556,"column":71}}]},"59":{"loc":{"start":{"line":565,"column":2},"end":{"line":570,"column":3}},"type":"if","locations":[{"start":{"line":565,"column":2},"end":{"line":570,"column":3}}]},"60":{"loc":{"start":{"line":571,"column":2},"end":{"line":571,"column":24}},"type":"if","locations":[{"start":{"line":571,"column":2},"end":{"line":571,"column":24}}]},"61":{"loc":{"start":{"line":585,"column":19},"end":{"line":585,"column":96}},"type":"cond-expr","locations":[{"start":{"line":585,"column":63},"end":{"line":585,"column":89}},{"start":{"line":585,"column":92},"end":{"line":585,"column":96}}]},"62":{"loc":{"start":{"line":586,"column":2},"end":{"line":586,"column":29}},"type":"if","locations":[{"start":{"line":586,"column":2},"end":{"line":586,"column":29}}]},"63":{"loc":{"start":{"line":587,"column":21},"end":{"line":591,"column":15}},"type":"cond-expr","locations":[{"start":{"line":588,"column":6},"end":{"line":590,"column":48}},{"start":{"line":591,"column":6},"end":{"line":591,"column":15}}]},"64":{"loc":{"start":{"line":589,"column":24},"end":{"line":589,"column":69}},"type":"cond-expr","locations":[{"start":{"line":589,"column":55},"end":{"line":589,"column":62}},{"start":{"line":589,"column":65},"end":{"line":589,"column":69}}]},"65":{"loc":{"start":{"line":594,"column":12},"end":{"line":594,"column":77}},"type":"cond-expr","locations":[{"start":{"line":594,"column":50},"end":{"line":594,"column":65}},{"start":{"line":594,"column":68},"end":{"line":594,"column":77}}]},"66":{"loc":{"start":{"line":595,"column":17},"end":{"line":595,"column":94}},"type":"cond-expr","locations":[{"start":{"line":595,"column":61},"end":{"line":595,"column":82}},{"start":{"line":595,"column":85},"end":{"line":595,"column":94}}]},"67":{"loc":{"start":{"line":603,"column":2},"end":{"line":606,"column":3}},"type":"if","locations":[{"start":{"line":603,"column":2},"end":{"line":606,"column":3}}]},"68":{"loc":{"start":{"line":607,"column":2},"end":{"line":610,"column":3}},"type":"if","locations":[{"start":{"line":607,"column":2},"end":{"line":610,"column":3}}]},"69":{"loc":{"start":{"line":614,"column":2},"end":{"line":618,"column":3}},"type":"if","locations":[{"start":{"line":614,"column":2},"end":{"line":618,"column":3}}]},"70":{"loc":{"start":{"line":620,"column":25},"end":{"line":620,"column":62}},"type":"binary-expr","locations":[{"start":{"line":620,"column":25},"end":{"line":620,"column":56}},{"start":{"line":620,"column":60},"end":{"line":620,"column":62}}]},"71":{"loc":{"start":{"line":621,"column":34},"end":{"line":621,"column":85}},"type":"binary-expr","locations":[{"start":{"line":621,"column":34},"end":{"line":621,"column":48}},{"start":{"line":621,"column":52},"end":{"line":621,"column":85}}]},"72":{"loc":{"start":{"line":628,"column":4},"end":{"line":628,"column":90}},"type":"binary-expr","locations":[{"start":{"line":628,"column":4},"end":{"line":628,"column":19}},{"start":{"line":628,"column":23},"end":{"line":628,"column":90}}]},"73":{"loc":{"start":{"line":636,"column":2},"end":{"line":651,"column":3}},"type":"if","locations":[{"start":{"line":636,"column":2},"end":{"line":651,"column":3}}]},"74":{"loc":{"start":{"line":638,"column":4},"end":{"line":641,"column":5}},"type":"if","locations":[{"start":{"line":638,"column":4},"end":{"line":641,"column":5}}]},"75":{"loc":{"start":{"line":638,"column":8},"end":{"line":638,"column":27}},"type":"binary-expr","locations":[{"start":{"line":638,"column":8},"end":{"line":638,"column":19}},{"start":{"line":638,"column":23},"end":{"line":638,"column":27}}]},"76":{"loc":{"start":{"line":643,"column":29},"end":{"line":643,"column":65}},"type":"binary-expr","locations":[{"start":{"line":643,"column":29},"end":{"line":643,"column":59}},{"start":{"line":643,"column":63},"end":{"line":643,"column":65}}]},"77":{"loc":{"start":{"line":644,"column":4},"end":{"line":650,"column":5}},"type":"if","locations":[{"start":{"line":644,"column":4},"end":{"line":650,"column":5}}]},"78":{"loc":{"start":{"line":644,"column":8},"end":{"line":644,"column":43}},"type":"binary-expr","locations":[{"start":{"line":644,"column":8},"end":{"line":644,"column":23}},{"start":{"line":644,"column":27},"end":{"line":644,"column":43}}]},"79":{"loc":{"start":{"line":646,"column":6},"end":{"line":649,"column":7}},"type":"if","locations":[{"start":{"line":646,"column":6},"end":{"line":649,"column":7}}]},"80":{"loc":{"start":{"line":653,"column":15},"end":{"line":661,"column":14}},"type":"cond-expr","locations":[{"start":{"line":654,"column":6},"end":{"line":660,"column":8}},{"start":{"line":661,"column":6},"end":{"line":661,"column":14}}]},"81":{"loc":{"start":{"line":663,"column":20},"end":{"line":663,"column":84}},"type":"cond-expr","locations":[{"start":{"line":663,"column":58},"end":{"line":663,"column":79}},{"start":{"line":663,"column":82},"end":{"line":663,"column":84}}]},"82":{"loc":{"start":{"line":664,"column":14},"end":{"line":664,"column":80}},"type":"cond-expr","locations":[{"start":{"line":664,"column":56},"end":{"line":664,"column":73}},{"start":{"line":664,"column":76},"end":{"line":664,"column":80}}]},"83":{"loc":{"start":{"line":665,"column":14},"end":{"line":665,"column":80}},"type":"cond-expr","locations":[{"start":{"line":665,"column":56},"end":{"line":665,"column":73}},{"start":{"line":665,"column":76},"end":{"line":665,"column":80}}]},"84":{"loc":{"start":{"line":667,"column":2},"end":{"line":670,"column":3}},"type":"if","locations":[{"start":{"line":667,"column":2},"end":{"line":670,"column":3}}]},"85":{"loc":{"start":{"line":667,"column":6},"end":{"line":667,"column":70}},"type":"binary-expr","locations":[{"start":{"line":667,"column":6},"end":{"line":667,"column":16}},{"start":{"line":667,"column":20},"end":{"line":667,"column":43}},{"start":{"line":667,"column":47},"end":{"line":667,"column":70}}]},"86":{"loc":{"start":{"line":674,"column":2},"end":{"line":677,"column":3}},"type":"if","locations":[{"start":{"line":674,"column":2},"end":{"line":677,"column":3}}]},"87":{"loc":{"start":{"line":674,"column":6},"end":{"line":674,"column":60}},"type":"binary-expr","locations":[{"start":{"line":674,"column":6},"end":{"line":674,"column":12}},{"start":{"line":674,"column":16},"end":{"line":674,"column":60}}]},"88":{"loc":{"start":{"line":715,"column":2},"end":{"line":717,"column":3}},"type":"if","locations":[{"start":{"line":715,"column":2},"end":{"line":717,"column":3}}]},"89":{"loc":{"start":{"line":720,"column":2},"end":{"line":722,"column":3}},"type":"if","locations":[{"start":{"line":720,"column":2},"end":{"line":722,"column":3}}]},"90":{"loc":{"start":{"line":726,"column":2},"end":{"line":728,"column":3}},"type":"if","locations":[{"start":{"line":726,"column":2},"end":{"line":728,"column":3}}]},"91":{"loc":{"start":{"line":726,"column":6},"end":{"line":726,"column":32}},"type":"binary-expr","locations":[{"start":{"line":726,"column":6},"end":{"line":726,"column":16}},{"start":{"line":726,"column":20},"end":{"line":726,"column":32}}]},"92":{"loc":{"start":{"line":751,"column":12},"end":{"line":751,"column":26}},"type":"binary-expr","locations":[{"start":{"line":751,"column":12},"end":{"line":751,"column":16}},{"start":{"line":751,"column":20},"end":{"line":751,"column":26}}]},"93":{"loc":{"start":{"line":752,"column":19},"end":{"line":752,"column":52}},"type":"binary-expr","locations":[{"start":{"line":752,"column":19},"end":{"line":752,"column":30}},{"start":{"line":752,"column":34},"end":{"line":752,"column":52}}]},"94":{"loc":{"start":{"line":753,"column":17},"end":{"line":753,"column":50}},"type":"binary-expr","locations":[{"start":{"line":753,"column":17},"end":{"line":753,"column":43}},{"start":{"line":753,"column":47},"end":{"line":753,"column":50}}]},"95":{"loc":{"start":{"line":753,"column":28},"end":{"line":753,"column":42}},"type":"binary-expr","locations":[{"start":{"line":753,"column":28},"end":{"line":753,"column":32}},{"start":{"line":753,"column":36},"end":{"line":753,"column":42}}]},"96":{"loc":{"start":{"line":784,"column":2},"end":{"line":787,"column":3}},"type":"if","locations":[{"start":{"line":784,"column":2},"end":{"line":787,"column":3}}]},"97":{"loc":{"start":{"line":789,"column":2},"end":{"line":792,"column":3}},"type":"if","locations":[{"start":{"line":789,"column":2},"end":{"line":792,"column":3}}]},"98":{"loc":{"start":{"line":789,"column":6},"end":{"line":789,"column":51}},"type":"binary-expr","locations":[{"start":{"line":789,"column":6},"end":{"line":789,"column":26}},{"start":{"line":789,"column":30},"end":{"line":789,"column":51}}]},"99":{"loc":{"start":{"line":795,"column":17},"end":{"line":795,"column":75}},"type":"binary-expr","locations":[{"start":{"line":795,"column":17},"end":{"line":795,"column":37}},{"start":{"line":795,"column":42},"end":{"line":795,"column":69}},{"start":{"line":795,"column":73},"end":{"line":795,"column":75}}]},"100":{"loc":{"start":{"line":796,"column":2},"end":{"line":799,"column":3}},"type":"if","locations":[{"start":{"line":796,"column":2},"end":{"line":799,"column":3}}]},"101":{"loc":{"start":{"line":805,"column":4},"end":{"line":809,"column":5}},"type":"if","locations":[{"start":{"line":805,"column":4},"end":{"line":809,"column":5}}]},"102":{"loc":{"start":{"line":814,"column":4},"end":{"line":818,"column":5}},"type":"if","locations":[{"start":{"line":814,"column":4},"end":{"line":818,"column":5}}]},"103":{"loc":{"start":{"line":821,"column":4},"end":{"line":825,"column":5}},"type":"if","locations":[{"start":{"line":821,"column":4},"end":{"line":825,"column":5}}]},"104":{"loc":{"start":{"line":835,"column":40},"end":{"line":835,"column":66}},"type":"binary-expr","locations":[{"start":{"line":835,"column":40},"end":{"line":835,"column":61}},{"start":{"line":835,"column":65},"end":{"line":835,"column":66}}]},"105":{"loc":{"start":{"line":837,"column":8},"end":{"line":854,"column":9}},"type":"if","locations":[{"start":{"line":837,"column":8},"end":{"line":854,"column":9}},{"start":{"line":844,"column":15},"end":{"line":854,"column":9}}]},"106":{"loc":{"start":{"line":846,"column":10},"end":{"line":848,"column":11}},"type":"if","locations":[{"start":{"line":846,"column":10},"end":{"line":848,"column":11}}]},"107":{"loc":{"start":{"line":857,"column":6},"end":{"line":863,"column":7}},"type":"if","locations":[{"start":{"line":857,"column":6},"end":{"line":863,"column":7}}]},"108":{"loc":{"start":{"line":858,"column":40},"end":{"line":858,"column":64}},"type":"binary-expr","locations":[{"start":{"line":858,"column":40},"end":{"line":858,"column":59}},{"start":{"line":858,"column":63},"end":{"line":858,"column":64}}]},"109":{"loc":{"start":{"line":868,"column":22},"end":{"line":868,"column":91}},"type":"cond-expr","locations":[{"start":{"line":868,"column":46},"end":{"line":868,"column":73}},{"start":{"line":868,"column":76},"end":{"line":868,"column":91}}]},"110":{"loc":{"start":{"line":883,"column":4},"end":{"line":887,"column":5}},"type":"if","locations":[{"start":{"line":883,"column":4},"end":{"line":887,"column":5}}]},"111":{"loc":{"start":{"line":908,"column":6},"end":{"line":911,"column":7}},"type":"if","locations":[{"start":{"line":908,"column":6},"end":{"line":911,"column":7}}]},"112":{"loc":{"start":{"line":912,"column":6},"end":{"line":915,"column":7}},"type":"if","locations":[{"start":{"line":912,"column":6},"end":{"line":915,"column":7}}]},"113":{"loc":{"start":{"line":916,"column":6},"end":{"line":919,"column":7}},"type":"if","locations":[{"start":{"line":916,"column":6},"end":{"line":919,"column":7}}]},"114":{"loc":{"start":{"line":923,"column":15},"end":{"line":923,"column":59}},"type":"cond-expr","locations":[{"start":{"line":923,"column":31},"end":{"line":923,"column":52}},{"start":{"line":923,"column":55},"end":{"line":923,"column":59}}]},"115":{"loc":{"start":{"line":924,"column":16},"end":{"line":924,"column":63}},"type":"cond-expr","locations":[{"start":{"line":924,"column":33},"end":{"line":924,"column":56}},{"start":{"line":924,"column":59},"end":{"line":924,"column":63}}]},"116":{"loc":{"start":{"line":925,"column":19},"end":{"line":925,"column":75}},"type":"cond-expr","locations":[{"start":{"line":925,"column":39},"end":{"line":925,"column":68}},{"start":{"line":925,"column":71},"end":{"line":925,"column":75}}]},"117":{"loc":{"start":{"line":978,"column":2},"end":{"line":981,"column":3}},"type":"if","locations":[{"start":{"line":978,"column":2},"end":{"line":981,"column":3}}]},"118":{"loc":{"start":{"line":983,"column":2},"end":{"line":986,"column":3}},"type":"if","locations":[{"start":{"line":983,"column":2},"end":{"line":986,"column":3}}]},"119":{"loc":{"start":{"line":989,"column":17},"end":{"line":989,"column":43}},"type":"binary-expr","locations":[{"start":{"line":989,"column":17},"end":{"line":989,"column":37}},{"start":{"line":989,"column":41},"end":{"line":989,"column":43}}]},"120":{"loc":{"start":{"line":990,"column":2},"end":{"line":993,"column":3}},"type":"if","locations":[{"start":{"line":990,"column":2},"end":{"line":993,"column":3}}]},"121":{"loc":{"start":{"line":999,"column":4},"end":{"line":1003,"column":5}},"type":"if","locations":[{"start":{"line":999,"column":4},"end":{"line":1003,"column":5}}]},"122":{"loc":{"start":{"line":1008,"column":4},"end":{"line":1012,"column":5}},"type":"if","locations":[{"start":{"line":1008,"column":4},"end":{"line":1012,"column":5}}]},"123":{"loc":{"start":{"line":1015,"column":4},"end":{"line":1019,"column":5}},"type":"if","locations":[{"start":{"line":1015,"column":4},"end":{"line":1019,"column":5}}]},"124":{"loc":{"start":{"line":1029,"column":40},"end":{"line":1029,"column":66}},"type":"binary-expr","locations":[{"start":{"line":1029,"column":40},"end":{"line":1029,"column":61}},{"start":{"line":1029,"column":65},"end":{"line":1029,"column":66}}]},"125":{"loc":{"start":{"line":1031,"column":8},"end":{"line":1048,"column":9}},"type":"if","locations":[{"start":{"line":1031,"column":8},"end":{"line":1048,"column":9}},{"start":{"line":1038,"column":15},"end":{"line":1048,"column":9}}]},"126":{"loc":{"start":{"line":1040,"column":10},"end":{"line":1042,"column":11}},"type":"if","locations":[{"start":{"line":1040,"column":10},"end":{"line":1042,"column":11}}]},"127":{"loc":{"start":{"line":1051,"column":6},"end":{"line":1057,"column":7}},"type":"if","locations":[{"start":{"line":1051,"column":6},"end":{"line":1057,"column":7}}]},"128":{"loc":{"start":{"line":1052,"column":40},"end":{"line":1052,"column":64}},"type":"binary-expr","locations":[{"start":{"line":1052,"column":40},"end":{"line":1052,"column":59}},{"start":{"line":1052,"column":63},"end":{"line":1052,"column":64}}]},"129":{"loc":{"start":{"line":1085,"column":22},"end":{"line":1085,"column":67}},"type":"binary-expr","locations":[{"start":{"line":1085,"column":22},"end":{"line":1085,"column":45}},{"start":{"line":1085,"column":49},"end":{"line":1085,"column":67}}]},"130":{"loc":{"start":{"line":1086,"column":22},"end":{"line":1086,"column":68}},"type":"binary-expr","locations":[{"start":{"line":1086,"column":22},"end":{"line":1086,"column":46}},{"start":{"line":1086,"column":50},"end":{"line":1086,"column":68}}]},"131":{"loc":{"start":{"line":1088,"column":6},"end":{"line":1094,"column":7}},"type":"if","locations":[{"start":{"line":1088,"column":6},"end":{"line":1094,"column":7}}]},"132":{"loc":{"start":{"line":1088,"column":10},"end":{"line":1088,"column":68}},"type":"binary-expr","locations":[{"start":{"line":1088,"column":10},"end":{"line":1088,"column":37}},{"start":{"line":1088,"column":41},"end":{"line":1088,"column":68}}]},"133":{"loc":{"start":{"line":1090,"column":8},"end":{"line":1093,"column":9}},"type":"if","locations":[{"start":{"line":1090,"column":8},"end":{"line":1093,"column":9}}]},"134":{"loc":{"start":{"line":1111,"column":10},"end":{"line":1114,"column":11}},"type":"if","locations":[{"start":{"line":1111,"column":10},"end":{"line":1114,"column":11}}]},"135":{"loc":{"start":{"line":1120,"column":27},"end":{"line":1120,"column":72}},"type":"binary-expr","locations":[{"start":{"line":1120,"column":27},"end":{"line":1120,"column":50}},{"start":{"line":1120,"column":54},"end":{"line":1120,"column":72}}]},"136":{"loc":{"start":{"line":1120,"column":79},"end":{"line":1120,"column":125}},"type":"binary-expr","locations":[{"start":{"line":1120,"column":79},"end":{"line":1120,"column":103}},{"start":{"line":1120,"column":107},"end":{"line":1120,"column":125}}]},"137":{"loc":{"start":{"line":1122,"column":20},"end":{"line":1122,"column":76}},"type":"cond-expr","locations":[{"start":{"line":1122,"column":40},"end":{"line":1122,"column":69}},{"start":{"line":1122,"column":72},"end":{"line":1122,"column":76}}]},"138":{"loc":{"start":{"line":1130,"column":6},"end":{"line":1130,"column":40}},"type":"if","locations":[{"start":{"line":1130,"column":6},"end":{"line":1130,"column":40}}]},"139":{"loc":{"start":{"line":1131,"column":6},"end":{"line":1131,"column":41}},"type":"if","locations":[{"start":{"line":1131,"column":6},"end":{"line":1131,"column":41}}]},"140":{"loc":{"start":{"line":1169,"column":2},"end":{"line":1171,"column":3}},"type":"if","locations":[{"start":{"line":1169,"column":2},"end":{"line":1171,"column":3}}]},"141":{"loc":{"start":{"line":1173,"column":21},"end":{"line":1173,"column":58}},"type":"default-arg","locations":[{"start":{"line":1173,"column":35},"end":{"line":1173,"column":58}}]},"142":{"loc":{"start":{"line":1175,"column":2},"end":{"line":1177,"column":3}},"type":"if","locations":[{"start":{"line":1175,"column":2},"end":{"line":1177,"column":3}}]},"143":{"loc":{"start":{"line":1183,"column":4},"end":{"line":1185,"column":5}},"type":"if","locations":[{"start":{"line":1183,"column":4},"end":{"line":1185,"column":5}}]},"144":{"loc":{"start":{"line":1191,"column":4},"end":{"line":1193,"column":5}},"type":"if","locations":[{"start":{"line":1191,"column":4},"end":{"line":1193,"column":5}}]},"145":{"loc":{"start":{"line":1191,"column":8},"end":{"line":1191,"column":58}},"type":"binary-expr","locations":[{"start":{"line":1191,"column":8},"end":{"line":1191,"column":16}},{"start":{"line":1191,"column":20},"end":{"line":1191,"column":58}}]},"146":{"loc":{"start":{"line":1213,"column":6},"end":{"line":1213,"column":50}},"type":"if","locations":[{"start":{"line":1213,"column":6},"end":{"line":1213,"column":50}}]},"147":{"loc":{"start":{"line":1214,"column":41},"end":{"line":1214,"column":77}},"type":"binary-expr","locations":[{"start":{"line":1214,"column":41},"end":{"line":1214,"column":72}},{"start":{"line":1214,"column":76},"end":{"line":1214,"column":77}}]},"148":{"loc":{"start":{"line":1230,"column":17},"end":{"line":1230,"column":68}},"type":"cond-expr","locations":[{"start":{"line":1230,"column":37},"end":{"line":1230,"column":64}},{"start":{"line":1230,"column":67},"end":{"line":1230,"column":68}}]},"149":{"loc":{"start":{"line":1278,"column":12},"end":{"line":1278,"column":22}},"type":"binary-expr","locations":[{"start":{"line":1278,"column":12},"end":{"line":1278,"column":16}},{"start":{"line":1278,"column":20},"end":{"line":1278,"column":22}}]},"150":{"loc":{"start":{"line":1307,"column":8},"end":{"line":1309,"column":9}},"type":"if","locations":[{"start":{"line":1307,"column":8},"end":{"line":1309,"column":9}}]},"151":{"loc":{"start":{"line":1307,"column":12},"end":{"line":1307,"column":82}},"type":"binary-expr","locations":[{"start":{"line":1307,"column":12},"end":{"line":1307,"column":46}},{"start":{"line":1307,"column":50},"end":{"line":1307,"column":82}}]},"152":{"loc":{"start":{"line":1312,"column":6},"end":{"line":1315,"column":7}},"type":"if","locations":[{"start":{"line":1312,"column":6},"end":{"line":1315,"column":7}}]},"153":{"loc":{"start":{"line":1340,"column":10},"end":{"line":1340,"column":35}},"type":"if","locations":[{"start":{"line":1340,"column":10},"end":{"line":1340,"column":35}}]},"154":{"loc":{"start":{"line":1341,"column":23},"end":{"line":1341,"column":45}},"type":"binary-expr","locations":[{"start":{"line":1341,"column":23},"end":{"line":1341,"column":39}},{"start":{"line":1341,"column":43},"end":{"line":1341,"column":45}}]},"155":{"loc":{"start":{"line":1342,"column":10},"end":{"line":1347,"column":11}},"type":"if","locations":[{"start":{"line":1342,"column":10},"end":{"line":1347,"column":11}}]},"156":{"loc":{"start":{"line":1343,"column":12},"end":{"line":1344,"column":66}},"type":"binary-expr","locations":[{"start":{"line":1343,"column":12},"end":{"line":1343,"column":59}},{"start":{"line":1344,"column":12},"end":{"line":1344,"column":66}}]},"157":{"loc":{"start":{"line":1351,"column":6},"end":{"line":1371,"column":7}},"type":"if","locations":[{"start":{"line":1351,"column":6},"end":{"line":1371,"column":7}}]},"158":{"loc":{"start":{"line":1356,"column":10},"end":{"line":1356,"column":86}},"type":"if","locations":[{"start":{"line":1356,"column":10},"end":{"line":1356,"column":86}}]},"159":{"loc":{"start":{"line":1356,"column":14},"end":{"line":1356,"column":75}},"type":"binary-expr","locations":[{"start":{"line":1356,"column":14},"end":{"line":1356,"column":39}},{"start":{"line":1356,"column":43},"end":{"line":1356,"column":75}}]},"160":{"loc":{"start":{"line":1362,"column":10},"end":{"line":1366,"column":11}},"type":"if","locations":[{"start":{"line":1362,"column":10},"end":{"line":1366,"column":11}}]},"161":{"loc":{"start":{"line":1368,"column":8},"end":{"line":1370,"column":9}},"type":"if","locations":[{"start":{"line":1368,"column":8},"end":{"line":1370,"column":9}}]}},"s":{"0":0,"1":0,"2":0,"3":0,"4":0,"5":0,"6":0,"7":0,"8":0,"9":0,"10":0,"11":0,"12":0,"13":0,"14":0,"15":0,"16":0,"17":0,"18":0,"19":0,"20":0,"21":0,"22":0,"23":0,"24":0,"25":0,"26":0,"27":0,"28":0,"29":0,"30":0,"31":0,"32":0,"33":0,"34":0,"35":0,"36":0,"37":0,"38":0,"39":0,"40":0,"41":0,"42":0,"43":0,"44":0,"45":0,"46":0,"47":0,"48":0,"49":0,"50":0,"51":0,"52":0,"53":0,"54":0,"55":0,"56":0,"57":0,"58":0,"59":0,"60":0,"61":0,"62":0,"63":0,"64":0,"65":0,"66":0,"67":0,"68":0,"69":0,"70":0,"71":0,"72":0,"73":0,"74":0,"75":0,"76":0,"77":0,"78":0,"79":0,"80":0,"81":0,"82":0,"83":0,"84":0,"85":0,"86":0,"87":0,"88":0,"89":0,"90":0,"91":0,"92":0,"93":0,"94":0,"95":0,"96":0,"97":0,"98":0,"99":0,"100":0,"101":0,"102":0,"103":0,"104":0,"105":0,"106":0,"107":0,"108":0,"109":0,"110":0,"111":0,"112":0,"113":0,"114":0,"115":0,"116":0,"117":0,"118":0,"119":0,"120":0,"121":0,"122":0,"123":0,"124":0,"125":0,"126":0,"127":0,"128":0,"129":0,"130":0,"131":0,"132":0,"133":0,"134":0,"135":0,"136":0,"137":0,"138":0,"139":0,"140":0,"141":0,"142":0,"143":0,"144":0,"145":0,"146":0,"147":0,"148":0,"149":0,"150":0,"151":0,"152":0,"153":0,"154":0,"155":0,"156":0,"157":0,"158":0,"159":0,"160":0,"161":0,"162":0,"163":0,"164":0,"165":0,"166":0,"167":0,"168":0,"169":0,"170":0,"171":0,"172":0,"173":0,"174":0,"175":0,"176":0,"177":0,"178":0,"179":0,"180":0,"181":0,"182":0,"183":0,"184":0,"185":0,"186":0,"187":0,"188":0,"189":0,"190":0,"191":0,"192":0,"193":0,"194":0,"195":0,"196":0,"197":0,"198":0,"199":0,"200":0,"201":0,"202":0,"203":0,"204":0,"205":0,"206":0,"207":0,"208":0,"209":0,"210":0,"211":0,"212":0,"213":0,"214":0,"215":0,"216":0,"217":0,"218":0,"219":0,"220":0,"221":0,"222":0,"223":0,"224":0,"225":0,"226":0,"227":0,"228":0,"229":0,"230":0,"231":0,"232":0,"233":0,"234":0,"235":0,"236":0,"237":0,"238":0,"239":0,"240":0,"241":0,"242":0,"243":0,"244":0,"245":0,"246":0,"247":0,"248":0,"249":0,"250":0,"251":0,"252":0,"253":0,"254":0,"255":0,"256":0,"257":0,"258":0,"259":0,"260":0,"261":0,"262":0,"263":0,"264":0,"265":0,"266":0,"267":0,"268":0,"269":0,"270":0,"271":0,"272":0,"273":0,"274":0,"275":0,"276":0,"277":0,"278":0,"279":0,"280":0,"281":0,"282":0,"283":0,"284":0,"285":0,"286":0,"287":0,"288":0,"289":0,"290":0,"291":0,"292":0,"293":0,"294":0,"295":0,"296":0,"297":0,"298":0,"299":0,"300":0,"301":0,"302":0,"303":0,"304":0,"305":0,"306":0,"307":0,"308":0,"309":0,"310":0,"311":0,"312":0,"313":0,"314":0,"315":0,"316":0,"317":0,"318":0,"319":0,"320":0,"321":0,"322":0,"323":0,"324":0,"325":0,"326":0,"327":0,"328":0,"329":0,"330":0,"331":0,"332":0,"333":0,"334":0,"335":0,"336":0,"337":0,"338":0,"339":0,"340":0,"341":0,"342":0,"343":0,"344":0,"345":0,"346":0,"347":0,"348":0,"349":0,"350":0,"351":0,"352":0,"353":0,"354":0,"355":0,"356":0,"357":0,"358":0,"359":0,"360":0,"361":0,"362":0,"363":0,"364":0,"365":0,"366":0,"367":0,"368":0,"369":0,"370":0,"371":0,"372":0,"373":0,"374":0,"375":0,"376":0,"377":0,"378":0,"379":0,"380":0,"381":0,"382":0,"383":0,"384":0,"385":0,"386":0,"387":0,"388":0,"389":0,"390":0,"391":0,"392":0,"393":0,"394":0,"395":0,"396":0,"397":0,"398":0,"399":0,"400":0,"401":0,"402":0,"403":0,"404":0,"405":0,"406":0,"407":0,"408":0,"409":0,"410":0,"411":0,"412":0,"413":0,"414":0,"415":0,"416":0,"417":0,"418":0,"419":0,"420":0,"421":0,"422":0,"423":0,"424":0,"425":0,"426":0,"427":0,"428":0,"429":0,"430":0,"431":0,"432":0,"433":0,"434":0,"435":0,"436":0,"437":0,"438":0,"439":0,"440":0,"441":0,"442":0,"443":0,"444":0,"445":0,"446":0,"447":0,"448":0,"449":0,"450":0,"451":0,"452":0,"453":0,"454":0,"455":0,"456":0,"457":0,"458":0,"459":0,"460":0,"461":0,"462":0,"463":0,"464":0,"465":0,"466":0,"467":0,"468":0,"469":0,"470":0,"471":0,"472":0,"473":0,"474":0,"475":0,"476":0,"477":0,"478":0,"479":0,"480":0,"481":0,"482":0,"483":0,"484":0,"485":0,"486":0,"487":0,"488":0,"489":0,"490":0,"491":0,"492":0,"493":0,"494":0,"495":0,"496":0,"497":0,"498":0,"499":0,"500":0,"501":0,"502":0,"503":0,"504":0,"505":0,"506":0,"507":0,"508":0,"509":0,"510":0,"511":0,"512":0,"513":0,"514":0,"515":0,"516":0,"517":0,"518":0,"519":0,"520":0,"521":0,"522":0,"523":0,"524":0,"525":0,"526":0,"527":0,"528":0,"529":0,"530":0,"531":0,"532":0,"533":0,"534":0,"535":0,"536":0,"537":0,"538":0,"539":0,"540":0,"541":0,"542":0,"543":0,"544":0,"545":0,"546":0,"547":0,"548":0,"549":0,"550":0,"551":0,"552":0,"553":0,"554":0,"555":0,"556":0,"557":0,"558":0,"559":0,"560":0,"561":0,"562":0,"563":0,"564":0,"565":0,"566":0,"567":0,"568":0,"569":0,"570":0,"571":0,"572":0,"573":0,"574":0,"575":0,"576":0,"577":0,"578":0,"579":0,"580":0,"581":0,"582":0},"f":{"0":0,"1":0,"2":0,"3":0,"4":0,"5":0,"6":0,"7":0,"8":0,"9":0,"10":0,"11":0,"12":0,"13":0,"14":0,"15":0,"16":0,"17":0,"18":0,"19":0,"20":0,"21":0,"22":0,"23":0,"24":0,"25":0,"26":0,"27":0,"28":0,"29":0,"30":0,"31":0,"32":0,"33":0,"34":0,"35":0,"36":0,"37":0,"38":0,"39":0,"40":0,"41":0,"42":0,"43":0,"44":0,"45":0,"46":0,"47":0},"b":{"0":[0,0],"1":[0],"2":[0],"3":[0],"4":[0,0],"5":[0],"6":[0],"7":[0],"8":[0,0],"9":[0],"10":[0,0],"11":[0],"12":[0],"13":[0,0],"14":[0,0],"15":[0,0],"16":[0],"17":[0],"18":[0,0],"19":[0,0,0],"20":[0,0],"21":[0],"22":[0],"23":[0,0],"24":[0,0,0],"25":[0,0],"26":[0],"27":[0],"28":[0,0],"29":[0,0,0],"30":[0,0],"31":[0],"32":[0],"33":[0,0],"34":[0],"35":[0],"36":[0],"37":[0,0],"38":[0],"39":[0,0],"40":[0,0],"41":[0],"42":[0,0],"43":[0],"44":[0,0],"45":[0,0],"46":[0],"47":[0,0],"48":[0],"49":[0,0],"50":[0],"51":[0],"52":[0],"53":[0],"54":[0,0],"55":[0],"56":[0,0],"57":[0,0],"58":[0,0],"59":[0],"60":[0],"61":[0,0],"62":[0],"63":[0,0],"64":[0,0],"65":[0,0],"66":[0,0],"67":[0],"68":[0],"69":[0],"70":[0,0],"71":[0,0],"72":[0,0],"73":[0],"74":[0],"75":[0,0],"76":[0,0],"77":[0],"78":[0,0],"79":[0],"80":[0,0],"81":[0,0],"82":[0,0],"83":[0,0],"84":[0],"85":[0,0,0],"86":[0],"87":[0,0],"88":[0],"89":[0],"90":[0],"91":[0,0],"92":[0,0],"93":[0,0],"94":[0,0],"95":[0,0],"96":[0],"97":[0],"98":[0,0],"99":[0,0,0],"100":[0],"101":[0],"102":[0],"103":[0],"104":[0,0],"105":[0,0],"106":[0],"107":[0],"108":[0,0],"109":[0,0],"110":[0],"111":[0],"112":[0],"113":[0],"114":[0,0],"115":[0,0],"116":[0,0],"117":[0],"118":[0],"119":[0,0],"120":[0],"121":[0],"122":[0],"123":[0],"124":[0,0],"125":[0,0],"126":[0],"127":[0],"128":[0,0],"129":[0,0],"130":[0,0],"131":[0],"132":[0,0],"133":[0],"134":[0],"135":[0,0],"136":[0,0],"137":[0,0],"138":[0],"139":[0],"140":[0],"141":[0],"142":[0],"143":[0],"144":[0],"145":[0,0],"146":[0],"147":[0,0],"148":[0,0],"149":[0,0],"150":[0],"151":[0,0],"152":[0],"153":[0],"154":[0,0],"155":[0],"156":[0,0],"157":[0],"158":[0],"159":[0,0],"160":[0],"161":[0]}}
}
