TN:
SF:src/index.ts
FN:40,generateTraceId
FN:47,logRequest
FN:81,setCorsHeaders
FN:108,validateRequest
FN:111,(anonymous_13)
FN:121,getSecret
FN:159,getCachedSecret
FN:180,(anonymous_16)
FN:278,(anonymous_17)
FN:323,(anonymous_18)
FN:374,(anonymous_19)
FN:402,(anonymous_20)
FN:408,(anonymous_21)
FN:454,(anonymous_22)
FN:462,readFirstNonEmpty
FN:469,parsePriceLevel
FN:475,withCors
FN:481,verifyFirebaseUserFromRequest
FN:496,verifyAppCheckFromRequest
FN:509,fetchJsonWithTimeout
FN:511,(anonymous_29)
FN:523,parseExternalSignals
FN:528,fetchFoursquareSignalServer
FN:551,(anonymous_32)
FN:552,(anonymous_33)
FN:562,fetchYelpSignalServer
FN:589,(anonymous_35)
FN:590,(anonymous_36)
FN:601,(anonymous_37)
FN:654,(anonymous_38)
FN:703,generateCryptoKey
FN:713,(anonymous_40)
FN:775,(anonymous_41)
FN:831,(anonymous_42)
FN:906,(anonymous_43)
FN:969,(anonymous_44)
FN:1025,(anonymous_45)
FN:1083,(anonymous_46)
FN:1099,(anonymous_47)
FN:1109,(anonymous_48)
FN:1129,(anonymous_49)
FN:1167,(anonymous_50)
FN:1209,(anonymous_51)
FN:1245,calculateDistance
FN:1266,sendPushNotification
FN:1297,(anonymous_54)
FN:1305,(anonymous_55)
FN:1339,(anonymous_56)
FNF:48
FNH:0
FNDA:0,generateTraceId
FNDA:0,logRequest
FNDA:0,setCorsHeaders
FNDA:0,validateRequest
FNDA:0,(anonymous_13)
FNDA:0,getSecret
FNDA:0,getCachedSecret
FNDA:0,(anonymous_16)
FNDA:0,(anonymous_17)
FNDA:0,(anonymous_18)
FNDA:0,(anonymous_19)
FNDA:0,(anonymous_20)
FNDA:0,(anonymous_21)
FNDA:0,(anonymous_22)
FNDA:0,readFirstNonEmpty
FNDA:0,parsePriceLevel
FNDA:0,withCors
FNDA:0,verifyFirebaseUserFromRequest
FNDA:0,verifyAppCheckFromRequest
FNDA:0,fetchJsonWithTimeout
FNDA:0,(anonymous_29)
FNDA:0,parseExternalSignals
FNDA:0,fetchFoursquareSignalServer
FNDA:0,(anonymous_32)
FNDA:0,(anonymous_33)
FNDA:0,fetchYelpSignalServer
FNDA:0,(anonymous_35)
FNDA:0,(anonymous_36)
FNDA:0,(anonymous_37)
FNDA:0,(anonymous_38)
FNDA:0,generateCryptoKey
FNDA:0,(anonymous_40)
FNDA:0,(anonymous_41)
FNDA:0,(anonymous_42)
FNDA:0,(anonymous_43)
FNDA:0,(anonymous_44)
FNDA:0,(anonymous_45)
FNDA:0,(anonymous_46)
FNDA:0,(anonymous_47)
FNDA:0,(anonymous_48)
FNDA:0,(anonymous_49)
FNDA:0,(anonymous_50)
FNDA:0,(anonymous_51)
FNDA:0,calculateDistance
FNDA:0,sendPushNotification
FNDA:0,(anonymous_54)
FNDA:0,(anonymous_55)
FNDA:0,(anonymous_56)
DA:7,0
DA:8,0
DA:9,0
DA:10,0
DA:11,0
DA:12,0
DA:14,0
DA:16,0
DA:19,0
DA:41,0
DA:55,0
DA:66,0
DA:69,0
DA:82,0
DA:83,0
DA:84,0
DA:85,0
DA:87,0
DA:88,0
DA:94,0
DA:98,0
DA:109,0
DA:110,0
DA:111,0
DA:112,0
DA:114,0
DA:123,0
DA:124,0
DA:125,0
DA:129,0
DA:130,0
DA:131,0
DA:132,0
DA:133,0
DA:136,0
DA:137,0
DA:138,0
DA:140,0
DA:141,0
DA:142,0
DA:145,0
DA:147,0
DA:148,0
DA:153,0
DA:154,0
DA:160,0
DA:161,0
DA:162,0
DA:165,0
DA:166,0
DA:167,0
DA:178,0
DA:181,0
DA:182,0
DA:184,0
DA:185,0
DA:188,0
DA:191,0
DA:196,0
DA:198,0
DA:199,0
DA:202,0
DA:209,0
DA:210,0
DA:214,0
DA:215,0
DA:216,0
DA:217,0
DA:221,0
DA:222,0
DA:224,0
DA:225,0
DA:228,0
DA:229,0
DA:230,0
DA:231,0
DA:234,0
DA:242,0
DA:250,0
DA:251,0
DA:252,0
DA:260,0
DA:261,0
DA:263,0
DA:264,0
DA:265,0
DA:276,0
DA:279,0
DA:280,0
DA:282,0
DA:283,0
DA:286,0
DA:288,0
DA:289,0
DA:290,0
DA:293,0
DA:294,0
DA:295,0
DA:297,0
DA:298,0
DA:299,0
DA:303,0
DA:310,0
DA:311,0
DA:313,0
DA:314,0
DA:321,0
DA:324,0
DA:325,0
DA:329,0
DA:330,0
DA:333,0
DA:335,0
DA:336,0
DA:337,0
DA:340,0
DA:341,0
DA:342,0
DA:344,0
DA:345,0
DA:346,0
DA:350,0
DA:357,0
DA:358,0
DA:360,0
DA:361,0
DA:372,0
DA:375,0
DA:376,0
DA:379,0
DA:380,0
DA:383,0
DA:385,0
DA:386,0
DA:387,0
DA:388,0
DA:390,0
DA:391,0
DA:395,0
DA:396,0
DA:397,0
DA:401,0
DA:403,0
DA:407,0
DA:408,0
DA:409,0
DA:410,0
DA:411,0
DA:415,0
DA:416,0
DA:420,0
DA:433,0
DA:434,0
DA:436,0
DA:438,0
DA:439,0
DA:452,0
DA:453,0
DA:454,0
DA:455,0
DA:456,0
DA:458,0
DA:463,0
DA:464,0
DA:466,0
DA:470,0
DA:471,0
DA:472,0
DA:476,0
DA:477,0
DA:478,0
DA:482,0
DA:483,0
DA:484,0
DA:486,0
DA:487,0
DA:488,0
DA:489,0
DA:490,0
DA:492,0
DA:497,0
DA:498,0
DA:499,0
DA:501,0
DA:502,0
DA:503,0
DA:505,0
DA:510,0
DA:511,0
DA:512,0
DA:513,0
DA:514,0
DA:515,0
DA:517,0
DA:519,0
DA:524,0
DA:525,0
DA:530,0
DA:531,0
DA:532,0
DA:537,0
DA:538,0
DA:539,0
DA:540,0
DA:541,0
DA:547,0
DA:548,0
DA:549,0
DA:551,0
DA:552,0
DA:554,0
DA:564,0
DA:565,0
DA:566,0
DA:571,0
DA:572,0
DA:578,0
DA:579,0
DA:585,0
DA:586,0
DA:587,0
DA:589,0
DA:590,0
DA:592,0
DA:601,0
DA:602,0
DA:603,0
DA:604,0
DA:605,0
DA:607,0
DA:608,0
DA:609,0
DA:613,0
DA:614,0
DA:615,0
DA:620,0
DA:621,0
DA:623,0
DA:628,0
DA:630,0
DA:634,0
DA:636,0
DA:637,0
DA:638,0
DA:639,0
DA:640,0
DA:643,0
DA:644,0
DA:645,0
DA:646,0
DA:647,0
DA:648,0
DA:653,0
DA:655,0
DA:656,0
DA:658,0
DA:663,0
DA:664,0
DA:665,0
DA:667,0
DA:668,0
DA:669,0
DA:672,0
DA:673,0
DA:674,0
DA:675,0
DA:676,0
DA:679,0
DA:680,0
DA:684,0
DA:685,0
DA:686,0
DA:687,0
DA:689,0
DA:690,0
DA:691,0
DA:704,0
DA:705,0
DA:706,0
DA:713,0
DA:715,0
DA:716,0
DA:719,0
DA:720,0
DA:721,0
DA:724,0
DA:726,0
DA:727,0
DA:730,0
DA:732,0
DA:734,0
DA:741,0
DA:747,0
DA:761,0
DA:763,0
DA:764,0
DA:766,0
DA:767,0
DA:775,0
DA:777,0
DA:778,0
DA:781,0
DA:782,0
DA:784,0
DA:785,0
DA:786,0
DA:789,0
DA:790,0
DA:791,0
DA:795,0
DA:796,0
DA:797,0
DA:798,0
DA:801,0
DA:803,0
DA:805,0
DA:806,0
DA:807,0
DA:808,0
DA:811,0
DA:812,0
DA:814,0
DA:815,0
DA:816,0
DA:817,0
DA:821,0
DA:822,0
DA:823,0
DA:824,0
DA:828,0
DA:830,0
DA:831,0
DA:832,0
DA:833,0
DA:835,0
DA:837,0
DA:839,0
DA:843,0
DA:846,0
DA:847,0
DA:850,0
DA:853,0
DA:857,0
DA:858,0
DA:859,0
DA:860,0
DA:861,0
DA:862,0
DA:864,0
DA:868,0
DA:871,0
DA:872,0
DA:873,0
DA:875,0
DA:876,0
DA:877,0
DA:881,0
DA:883,0
DA:884,0
DA:885,0
DA:886,0
DA:889,0
DA:892,0
DA:899,0
DA:900,0
DA:901,0
DA:902,0
DA:903,0
DA:904,0
DA:906,0
DA:907,0
DA:908,0
DA:909,0
DA:910,0
DA:912,0
DA:913,0
DA:914,0
DA:916,0
DA:917,0
DA:918,0
DA:922,0
DA:931,0
DA:934,0
DA:937,0
DA:947,0
DA:959,0
DA:960,0
DA:961,0
DA:969,0
DA:971,0
DA:972,0
DA:975,0
DA:976,0
DA:978,0
DA:979,0
DA:980,0
DA:983,0
DA:984,0
DA:985,0
DA:989,0
DA:990,0
DA:991,0
DA:992,0
DA:995,0
DA:997,0
DA:999,0
DA:1000,0
DA:1001,0
DA:1002,0
DA:1005,0
DA:1006,0
DA:1008,0
DA:1009,0
DA:1010,0
DA:1011,0
DA:1015,0
DA:1016,0
DA:1017,0
DA:1018,0
DA:1022,0
DA:1024,0
DA:1025,0
DA:1026,0
DA:1027,0
DA:1029,0
DA:1031,0
DA:1033,0
DA:1037,0
DA:1040,0
DA:1041,0
DA:1044,0
DA:1047,0
DA:1051,0
DA:1052,0
DA:1053,0
DA:1054,0
DA:1055,0
DA:1056,0
DA:1058,0
DA:1065,0
DA:1066,0
DA:1067,0
DA:1068,0
DA:1069,0
DA:1071,0
DA:1072,0
DA:1073,0
DA:1078,0
DA:1080,0
DA:1081,0
DA:1083,0
DA:1084,0
DA:1085,0
DA:1086,0
DA:1088,0
DA:1089,0
DA:1090,0
DA:1091,0
DA:1092,0
DA:1098,0
DA:1100,0
DA:1106,0
DA:1107,0
DA:1109,0
DA:1110,0
DA:1111,0
DA:1112,0
DA:1113,0
DA:1117,0
DA:1129,0
DA:1130,0
DA:1131,0
DA:1132,0
DA:1137,0
DA:1140,0
DA:1143,0
DA:1155,0
DA:1157,0
DA:1158,0
DA:1159,0
DA:1167,0
DA:1169,0
DA:1170,0
DA:1173,0
DA:1175,0
DA:1176,0
DA:1179,0
DA:1181,0
DA:1183,0
DA:1184,0
DA:1187,0
DA:1190,0
DA:1191,0
DA:1192,0
DA:1196,0
DA:1197,0
DA:1204,0
DA:1205,0
DA:1206,0
DA:1207,0
DA:1209,0
DA:1210,0
DA:1211,0
DA:1212,0
DA:1213,0
DA:1214,0
DA:1217,0
DA:1235,0
DA:1237,0
DA:1238,0
DA:1246,0
DA:1247,0
DA:1248,0
DA:1250,0
DA:1255,0
DA:1256,0
DA:1272,0
DA:1273,0
DA:1282,0
DA:1283,0
DA:1285,0
DA:1286,0
DA:1294,0
DA:1298,0
DA:1300,0
DA:1304,0
DA:1305,0
DA:1306,0
DA:1307,0
DA:1308,0
DA:1312,0
DA:1313,0
DA:1314,0
DA:1317,0
DA:1318,0
DA:1319,0
DA:1320,0
DA:1321,0
DA:1323,0
DA:1324,0
DA:1325,0
DA:1336,0
DA:1337,0
DA:1339,0
DA:1340,0
DA:1341,0
DA:1342,0
DA:1346,0
DA:1351,0
DA:1352,0
DA:1353,0
DA:1354,0
DA:1355,0
DA:1356,0
DA:1357,0
DA:1361,0
DA:1362,0
DA:1363,0
DA:1364,0
DA:1365,0
DA:1368,0
DA:1369,0
DA:1373,0
DA:1376,0
DA:1378,0
DA:1379,0
LF:566
LH:0
BRDA:82,0,0,0
BRDA:82,0,1,0
BRDA:83,1,0,0
BRDA:110,2,0,0
BRDA:124,3,0,0
BRDA:130,4,0,0
BRDA:130,4,1,0
BRDA:131,5,0,0
BRDA:140,6,0,0
BRDA:161,7,0,0
BRDA:161,8,0,0
BRDA:161,8,1,0
BRDA:184,9,0,0
BRDA:198,10,0,0
BRDA:198,10,1,0
BRDA:209,11,0,0
BRDA:214,12,0,0
BRDA:225,13,0,0
BRDA:225,13,1,0
BRDA:228,14,0,0
BRDA:228,14,1,0
BRDA:230,15,0,0
BRDA:230,15,1,0
BRDA:251,16,0,0
BRDA:282,17,0,0
BRDA:289,18,0,0
BRDA:289,18,1,0
BRDA:290,19,0,0
BRDA:290,19,1,0
BRDA:290,19,2,0
BRDA:294,20,0,0
BRDA:294,20,1,0
BRDA:297,21,0,0
BRDA:329,22,0,0
BRDA:336,23,0,0
BRDA:336,23,1,0
BRDA:337,24,0,0
BRDA:337,24,1,0
BRDA:337,24,2,0
BRDA:341,25,0,0
BRDA:341,25,1,0
BRDA:344,26,0,0
BRDA:379,27,0,0
BRDA:386,28,0,0
BRDA:386,28,1,0
BRDA:387,29,0,0
BRDA:387,29,1,0
BRDA:387,29,2,0
BRDA:388,30,0,0
BRDA:388,30,1,0
BRDA:390,31,0,0
BRDA:396,32,0,0
BRDA:397,33,0,0
BRDA:397,33,1,0
BRDA:410,34,0,0
BRDA:415,35,0,0
BRDA:464,36,0,0
BRDA:464,37,0,0
BRDA:464,37,1,0
BRDA:470,38,0,0
BRDA:472,39,0,0
BRDA:472,39,1,0
BRDA:482,40,0,0
BRDA:482,40,1,0
BRDA:483,41,0,0
BRDA:483,42,0,0
BRDA:483,42,1,0
BRDA:487,43,0,0
BRDA:490,44,0,0
BRDA:490,44,1,0
BRDA:497,45,0,0
BRDA:497,45,1,0
BRDA:498,46,0,0
BRDA:498,47,0,0
BRDA:498,47,1,0
BRDA:509,48,0,0
BRDA:510,49,0,0
BRDA:510,49,1,0
BRDA:514,50,0,0
BRDA:524,51,0,0
BRDA:531,52,0,0
BRDA:537,53,0,0
BRDA:547,54,0,0
BRDA:547,54,1,0
BRDA:548,55,0,0
BRDA:549,56,0,0
BRDA:549,56,1,0
BRDA:551,57,0,0
BRDA:551,57,1,0
BRDA:556,58,0,0
BRDA:556,58,1,0
BRDA:565,59,0,0
BRDA:571,60,0,0
BRDA:585,61,0,0
BRDA:585,61,1,0
BRDA:586,62,0,0
BRDA:587,63,0,0
BRDA:587,63,1,0
BRDA:589,64,0,0
BRDA:589,64,1,0
BRDA:594,65,0,0
BRDA:594,65,1,0
BRDA:595,66,0,0
BRDA:595,66,1,0
BRDA:603,67,0,0
BRDA:607,68,0,0
BRDA:614,69,0,0
BRDA:620,70,0,0
BRDA:620,70,1,0
BRDA:621,71,0,0
BRDA:621,71,1,0
BRDA:628,72,0,0
BRDA:628,72,1,0
BRDA:636,73,0,0
BRDA:638,74,0,0
BRDA:638,75,0,0
BRDA:638,75,1,0
BRDA:643,76,0,0
BRDA:643,76,1,0
BRDA:644,77,0,0
BRDA:644,78,0,0
BRDA:644,78,1,0
BRDA:646,79,0,0
BRDA:653,80,0,0
BRDA:653,80,1,0
BRDA:663,81,0,0
BRDA:663,81,1,0
BRDA:664,82,0,0
BRDA:664,82,1,0
BRDA:665,83,0,0
BRDA:665,83,1,0
BRDA:667,84,0,0
BRDA:667,85,0,0
BRDA:667,85,1,0
BRDA:667,85,2,0
BRDA:674,86,0,0
BRDA:674,87,0,0
BRDA:674,87,1,0
BRDA:715,88,0,0
BRDA:720,89,0,0
BRDA:726,90,0,0
BRDA:726,91,0,0
BRDA:726,91,1,0
BRDA:751,92,0,0
BRDA:751,92,1,0
BRDA:752,93,0,0
BRDA:752,93,1,0
BRDA:753,94,0,0
BRDA:753,94,1,0
BRDA:753,95,0,0
BRDA:753,95,1,0
BRDA:784,96,0,0
BRDA:789,97,0,0
BRDA:789,98,0,0
BRDA:789,98,1,0
BRDA:795,99,0,0
BRDA:795,99,1,0
BRDA:795,99,2,0
BRDA:796,100,0,0
BRDA:805,101,0,0
BRDA:814,102,0,0
BRDA:821,103,0,0
BRDA:835,104,0,0
BRDA:835,104,1,0
BRDA:837,105,0,0
BRDA:837,105,1,0
BRDA:846,106,0,0
BRDA:857,107,0,0
BRDA:858,108,0,0
BRDA:858,108,1,0
BRDA:868,109,0,0
BRDA:868,109,1,0
BRDA:883,110,0,0
BRDA:908,111,0,0
BRDA:912,112,0,0
BRDA:916,113,0,0
BRDA:923,114,0,0
BRDA:923,114,1,0
BRDA:924,115,0,0
BRDA:924,115,1,0
BRDA:925,116,0,0
BRDA:925,116,1,0
BRDA:978,117,0,0
BRDA:983,118,0,0
BRDA:989,119,0,0
BRDA:989,119,1,0
BRDA:990,120,0,0
BRDA:999,121,0,0
BRDA:1008,122,0,0
BRDA:1015,123,0,0
BRDA:1029,124,0,0
BRDA:1029,124,1,0
BRDA:1031,125,0,0
BRDA:1031,125,1,0
BRDA:1040,126,0,0
BRDA:1051,127,0,0
BRDA:1052,128,0,0
BRDA:1052,128,1,0
BRDA:1085,129,0,0
BRDA:1085,129,1,0
BRDA:1086,130,0,0
BRDA:1086,130,1,0
BRDA:1088,131,0,0
BRDA:1088,132,0,0
BRDA:1088,132,1,0
BRDA:1090,133,0,0
BRDA:1111,134,0,0
BRDA:1120,135,0,0
BRDA:1120,135,1,0
BRDA:1120,136,0,0
BRDA:1120,136,1,0
BRDA:1122,137,0,0
BRDA:1122,137,1,0
BRDA:1130,138,0,0
BRDA:1131,139,0,0
BRDA:1169,140,0,0
BRDA:1173,141,0,0
BRDA:1175,142,0,0
BRDA:1183,143,0,0
BRDA:1191,144,0,0
BRDA:1191,145,0,0
BRDA:1191,145,1,0
BRDA:1213,146,0,0
BRDA:1214,147,0,0
BRDA:1214,147,1,0
BRDA:1230,148,0,0
BRDA:1230,148,1,0
BRDA:1278,149,0,0
BRDA:1278,149,1,0
BRDA:1307,150,0,0
BRDA:1307,151,0,0
BRDA:1307,151,1,0
BRDA:1312,152,0,0
BRDA:1340,153,0,0
BRDA:1341,154,0,0
BRDA:1341,154,1,0
BRDA:1342,155,0,0
BRDA:1343,156,0,0
BRDA:1343,156,1,0
BRDA:1351,157,0,0
BRDA:1356,158,0,0
BRDA:1356,159,0,0
BRDA:1356,159,1,0
BRDA:1362,160,0,0
BRDA:1368,161,0,0
BRF:245
BRH:0
end_of_record
