<?xml version="1.0" encoding="UTF-8"?>
<coverage generated="1770792300924" clover="3.2.0">
  <project timestamp="1770792300924" name="All files">
    <metrics statements="673" coveredstatements="639" conditionals="338" coveredconditionals="298" methods="112" coveredmethods="110" elements="1123" coveredelements="1047" complexity="0" loc="673" ncloc="673" packages="1" files="4" classes="4"/>
    <file name="cacheLayer.ts" path="/Users/rehanrizvi/perched-app/services/cacheLayer.ts">
      <metrics statements="233" coveredstatements="219" conditionals="57" coveredconditionals="47" methods="30" coveredmethods="30"/>
      <line num="7" count="1" type="stmt"/>
      <line num="8" count="1" type="stmt"/>
      <line num="25" count="1" type="stmt"/>
      <line num="26" count="1" type="stmt"/>
      <line num="27" count="1" type="stmt"/>
      <line num="28" count="1" type="stmt"/>
      <line num="35" count="1" type="stmt"/>
      <line num="36" count="1" type="stmt"/>
      <line num="41" count="37" type="cond" truecount="1" falsecount="0"/>
      <line num="42" count="23" type="stmt"/>
      <line num="43" count="23" type="stmt"/>
      <line num="44" count="23" type="stmt"/>
      <line num="45" count="22" type="cond" truecount="1" falsecount="0"/>
      <line num="46" count="1" type="stmt"/>
      <line num="47" count="1" type="cond" truecount="2" falsecount="1"/>
      <line num="48" count="1" type="stmt"/>
      <line num="55" count="1" type="stmt"/>
      <line num="60" count="19" type="stmt"/>
      <line num="61" count="21" type="cond" truecount="2" falsecount="0"/>
      <line num="65" count="37" type="stmt"/>
      <line num="69" count="34" type="stmt"/>
      <line num="70" count="34" type="stmt"/>
      <line num="71" count="34" type="cond" truecount="6" falsecount="1"/>
      <line num="73" count="9" type="stmt"/>
      <line num="74" count="9" type="stmt"/>
      <line num="76" count="7" type="stmt"/>
      <line num="77" count="7" type="stmt"/>
      <line num="79" count="2" type="stmt"/>
      <line num="80" count="2" type="stmt"/>
      <line num="81" count="2" type="stmt"/>
      <line num="84" count="7" type="stmt"/>
      <line num="85" count="7" type="stmt"/>
      <line num="87" count="9" type="stmt"/>
      <line num="89" count="0" type="stmt"/>
      <line num="92" count="34" type="cond" truecount="4" falsecount="0"/>
      <line num="93" count="16" type="stmt"/>
      <line num="96" count="34" type="stmt"/>
      <line num="97" count="34" type="stmt"/>
      <line num="99" count="0" type="stmt"/>
      <line num="106" count="1" type="stmt"/>
      <line num="111" count="9" type="stmt"/>
      <line num="112" count="9" type="stmt"/>
      <line num="113" count="9" type="stmt"/>
      <line num="120" count="9" type="stmt"/>
      <line num="121" count="9" type="stmt"/>
      <line num="122" count="9" type="stmt"/>
      <line num="124" count="0" type="stmt"/>
      <line num="125" count="0" type="stmt"/>
      <line num="132" count="1" type="stmt"/>
      <line num="133" count="16" type="stmt"/>
      <line num="134" count="16" type="stmt"/>
      <line num="135" count="16" type="stmt"/>
      <line num="137" count="15" type="cond" truecount="1" falsecount="0"/>
      <line num="138" count="5" type="stmt"/>
      <line num="139" count="5" type="stmt"/>
      <line num="140" count="5" type="stmt"/>
      <line num="143" count="10" type="stmt"/>
      <line num="146" count="10" type="cond" truecount="1" falsecount="0"/>
      <line num="147" count="1" type="stmt"/>
      <line num="148" count="1" type="stmt"/>
      <line num="149" count="1" type="stmt"/>
      <line num="150" count="1" type="stmt"/>
      <line num="154" count="9" type="stmt"/>
      <line num="155" count="9" type="stmt"/>
      <line num="156" count="9" type="stmt"/>
      <line num="157" count="9" type="stmt"/>
      <line num="159" count="9" type="stmt"/>
      <line num="161" count="1" type="stmt"/>
      <line num="162" count="1" type="stmt"/>
      <line num="163" count="1" type="stmt"/>
      <line num="164" count="1" type="stmt"/>
      <line num="171" count="1" type="stmt"/>
      <line num="172" count="2" type="stmt"/>
      <line num="173" count="2" type="stmt"/>
      <line num="174" count="2" type="stmt"/>
      <line num="175" count="2" type="stmt"/>
      <line num="176" count="2" type="stmt"/>
      <line num="178" count="0" type="stmt"/>
      <line num="179" count="0" type="stmt"/>
      <line num="186" count="1" type="stmt"/>
      <line num="187" count="4" type="stmt"/>
      <line num="188" count="4" type="stmt"/>
      <line num="189" count="4" type="cond" truecount="1" falsecount="0"/>
      <line num="191" count="3" type="stmt"/>
      <line num="192" count="2" type="stmt"/>
      <line num="194" count="1" type="stmt"/>
      <line num="201" count="1" type="stmt"/>
      <line num="206" count="3" type="stmt"/>
      <line num="208" count="3" type="cond" truecount="1" falsecount="0"/>
      <line num="209" count="1" type="stmt"/>
      <line num="212" count="2" type="stmt"/>
      <line num="213" count="1" type="stmt"/>
      <line num="214" count="1" type="stmt"/>
      <line num="220" count="1" type="stmt"/>
      <line num="221" count="3" type="stmt"/>
      <line num="227" count="1" type="stmt"/>
      <line num="230" count="3" type="stmt"/>
      <line num="231" count="5" type="stmt"/>
      <line num="238" count="1" type="stmt"/>
      <line num="239" count="3" type="stmt"/>
      <line num="240" count="3" type="stmt"/>
      <line num="241" count="3" type="stmt"/>
      <line num="242" count="6" type="cond" truecount="2" falsecount="0"/>
      <line num="244" count="2" type="stmt"/>
      <line num="246" count="2" type="cond" truecount="1" falsecount="0"/>
      <line num="247" count="1" type="stmt"/>
      <line num="248" count="1" type="stmt"/>
      <line num="249" count="3" type="stmt"/>
      <line num="253" count="2" type="cond" truecount="1" falsecount="0"/>
      <line num="254" count="2" type="stmt"/>
      <line num="255" count="2" type="stmt"/>
      <line num="258" count="2" type="stmt"/>
      <line num="259" count="2" type="stmt"/>
      <line num="261" count="1" type="stmt"/>
      <line num="262" count="1" type="stmt"/>
      <line num="263" count="1" type="stmt"/>
      <line num="270" count="1" type="stmt"/>
      <line num="271" count="3" type="stmt"/>
      <line num="272" count="3" type="stmt"/>
      <line num="273" count="3" type="stmt"/>
      <line num="274" count="3" type="stmt"/>
      <line num="275" count="3" type="stmt"/>
      <line num="276" count="3" type="stmt"/>
      <line num="277" count="3" type="stmt"/>
      <line num="278" count="3" type="stmt"/>
      <line num="286" count="0" type="stmt"/>
      <line num="287" count="0" type="stmt"/>
      <line num="288" count="0" type="stmt"/>
      <line num="292" count="1" type="stmt"/>
      <line num="293" count="1" type="stmt"/>
      <line num="294" count="1" type="cond" truecount="1" falsecount="1"/>
      <line num="297" count="1" type="stmt"/>
      <line num="298" count="42" type="stmt"/>
      <line num="299" count="42" type="stmt"/>
      <line num="305" count="1" type="stmt"/>
      <line num="306" count="5" type="stmt"/>
      <line num="307" count="5" type="stmt"/>
      <line num="308" count="5" type="stmt"/>
      <line num="309" count="105" type="cond" truecount="2" falsecount="0"/>
      <line num="311" count="3" type="stmt"/>
      <line num="313" count="3" type="stmt"/>
      <line num="314" count="105" type="stmt"/>
      <line num="315" count="105" type="cond" truecount="0" falsecount="1"/>
      <line num="317" count="105" type="stmt"/>
      <line num="318" count="105" type="stmt"/>
      <line num="320" count="104" type="cond" truecount="1" falsecount="0"/>
      <line num="321" count="103" type="stmt"/>
      <line num="322" count="103" type="stmt"/>
      <line num="326" count="1" type="stmt"/>
      <line num="327" count="1" type="stmt"/>
      <line num="331" count="3" type="cond" truecount="1" falsecount="0"/>
      <line num="332" count="3" type="stmt"/>
      <line num="334" count="3" type="stmt"/>
      <line num="335" count="3" type="stmt"/>
      <line num="337" count="2" type="stmt"/>
      <line num="338" count="2" type="stmt"/>
      <line num="339" count="2" type="stmt"/>
      <line num="346" count="1" type="stmt"/>
      <line num="347" count="6" type="stmt"/>
      <line num="348" count="6" type="stmt"/>
      <line num="349" count="6" type="stmt"/>
      <line num="350" count="210" type="cond" truecount="2" falsecount="0"/>
      <line num="352" count="5" type="cond" truecount="1" falsecount="0"/>
      <line num="353" count="3" type="stmt"/>
      <line num="357" count="2" type="stmt"/>
      <line num="359" count="2" type="stmt"/>
      <line num="360" count="204" type="stmt"/>
      <line num="361" count="204" type="cond" truecount="0" falsecount="1"/>
      <line num="363" count="204" type="stmt"/>
      <line num="364" count="204" type="stmt"/>
      <line num="365" count="203" type="stmt"/>
      <line num="371" count="1" type="stmt"/>
      <line num="376" count="2" type="stmt"/>
      <line num="377" count="585" type="cond" truecount="1" falsecount="0"/>
      <line num="378" count="347" type="stmt"/>
      <line num="382" count="2" type="stmt"/>
      <line num="383" count="3" type="stmt"/>
      <line num="385" count="2" type="cond" truecount="1" falsecount="0"/>
      <line num="386" count="2" type="stmt"/>
      <line num="387" count="2" type="stmt"/>
      <line num="390" count="2" type="stmt"/>
      <line num="391" count="2" type="stmt"/>
      <line num="393" count="1" type="stmt"/>
      <line num="394" count="1" type="stmt"/>
      <line num="395" count="1" type="stmt"/>
      <line num="402" count="1" type="stmt"/>
      <line num="405" count="2" type="stmt"/>
      <line num="406" count="2" type="stmt"/>
      <line num="407" count="2" type="stmt"/>
      <line num="408" count="1" type="stmt"/>
      <line num="409" count="1" type="stmt"/>
      <line num="410" count="1" type="stmt"/>
      <line num="412" count="1" type="stmt"/>
      <line num="413" count="1" type="stmt"/>
      <line num="414" count="1" type="stmt"/>
      <line num="421" count="1" type="stmt"/>
      <line num="422" count="4" type="stmt"/>
      <line num="423" count="4" type="stmt"/>
      <line num="424" count="4" type="cond" truecount="1" falsecount="0"/>
      <line num="426" count="3" type="stmt"/>
      <line num="427" count="2" type="stmt"/>
      <line num="428" count="2" type="stmt"/>
      <line num="430" count="2" type="cond" truecount="2" falsecount="0"/>
      <line num="432" count="1" type="stmt"/>
      <line num="439" count="1" type="stmt"/>
      <line num="440" count="3" type="stmt"/>
      <line num="441" count="3" type="stmt"/>
      <line num="442" count="3" type="cond" truecount="1" falsecount="0"/>
      <line num="444" count="2" type="stmt"/>
      <line num="445" count="1" type="stmt"/>
      <line num="446" count="1" type="stmt"/>
      <line num="448" count="1" type="stmt"/>
      <line num="449" count="1" type="stmt"/>
      <line num="451" count="1" type="stmt"/>
      <line num="458" count="1" type="stmt"/>
      <line num="459" count="1" type="stmt"/>
      <line num="460" count="1" type="stmt"/>
      <line num="464" count="1" type="stmt"/>
      <line num="474" count="1" type="cond" truecount="0" falsecount="1"/>
      <line num="475" count="0" type="stmt"/>
      <line num="477" count="1" type="stmt"/>
      <line num="479" count="0" type="stmt"/>
      <line num="480" count="0" type="stmt"/>
      <line num="487" count="1" type="stmt"/>
      <line num="488" count="2" type="stmt"/>
      <line num="489" count="2" type="stmt"/>
      <line num="491" count="2" type="stmt"/>
      <line num="494" count="2" type="stmt"/>
      <line num="496" count="2" type="stmt"/>
      <line num="497" count="2" type="stmt"/>
      <line num="499" count="0" type="stmt"/>
      <line num="500" count="0" type="stmt"/>
      <line num="504" count="1" type="stmt"/>
    </file>
    <file name="imageCDN.ts" path="/Users/rehanrizvi/perched-app/services/imageCDN.ts">
      <metrics statements="161" coveredstatements="158" conditionals="57" coveredconditionals="49" methods="22" coveredmethods="22"/>
      <line num="7" count="1" type="stmt"/>
      <line num="8" count="1" type="stmt"/>
      <line num="9" count="1" type="stmt"/>
      <line num="10" count="1" type="stmt"/>
      <line num="11" count="1" type="stmt"/>
      <line num="30" count="1" type="cond" truecount="1" falsecount="1"/>
      <line num="31" count="1" type="stmt"/>
      <line num="32" count="1" type="stmt"/>
      <line num="34" count="1" type="stmt"/>
      <line num="45" count="1" type="stmt"/>
      <line num="46" count="3" type="stmt"/>
      <line num="47" count="3" type="stmt"/>
      <line num="48" count="2" type="cond" truecount="1" falsecount="0"/>
      <line num="49" count="1" type="stmt"/>
      <line num="52" count="1" type="stmt"/>
      <line num="59" count="1" type="stmt"/>
      <line num="64" count="8" type="stmt"/>
      <line num="65" count="8" type="stmt"/>
      <line num="66" count="8" type="cond" truecount="1" falsecount="0"/>
      <line num="69" count="7" type="cond" truecount="2" falsecount="0"/>
      <line num="71" count="7" type="cond" truecount="1" falsecount="0"/>
      <line num="72" count="2" type="stmt"/>
      <line num="76" count="5" type="stmt"/>
      <line num="77" count="5" type="stmt"/>
      <line num="79" count="5" type="stmt"/>
      <line num="80" count="5" type="stmt"/>
      <line num="82" count="4" type="stmt"/>
      <line num="84" count="4" type="stmt"/>
      <line num="86" count="1" type="stmt"/>
      <line num="87" count="1" type="stmt"/>
      <line num="94" count="1" type="stmt"/>
      <line num="98" count="11" type="stmt"/>
      <line num="99" count="11" type="stmt"/>
      <line num="102" count="11" type="cond" truecount="3" falsecount="0"/>
      <line num="103" count="9" type="stmt"/>
      <line num="112" count="11" type="cond" truecount="4" falsecount="0"/>
      <line num="118" count="11" type="stmt"/>
      <line num="127" count="8" type="stmt"/>
      <line num="129" count="3" type="stmt"/>
      <line num="130" count="3" type="stmt"/>
      <line num="137" count="1" type="stmt"/>
      <line num="150" count="4" type="stmt"/>
      <line num="156" count="1" type="stmt"/>
      <line num="160" count="9" type="stmt"/>
      <line num="161" count="9" type="cond" truecount="2" falsecount="0"/>
      <line num="162" count="9" type="stmt"/>
      <line num="165" count="9" type="stmt"/>
      <line num="166" count="6" type="cond" truecount="1" falsecount="0"/>
      <line num="168" count="2" type="stmt"/>
      <line num="169" count="2" type="cond" truecount="3" falsecount="0"/>
      <line num="170" count="1" type="stmt"/>
      <line num="175" count="5" type="stmt"/>
      <line num="178" count="5" type="stmt"/>
      <line num="184" count="5" type="stmt"/>
      <line num="186" count="3" type="stmt"/>
      <line num="187" count="3" type="stmt"/>
      <line num="194" count="1" type="stmt"/>
      <line num="199" count="2" type="stmt"/>
      <line num="200" count="2" type="stmt"/>
      <line num="202" count="2" type="cond" truecount="1" falsecount="0"/>
      <line num="203" count="1" type="stmt"/>
      <line num="207" count="1" type="stmt"/>
      <line num="213" count="1" type="stmt"/>
      <line num="214" count="2" type="stmt"/>
      <line num="215" count="2" type="stmt"/>
      <line num="216" count="3" type="stmt"/>
      <line num="219" count="0" type="stmt"/>
      <line num="226" count="1" type="stmt"/>
      <line num="227" count="3" type="stmt"/>
      <line num="228" count="3" type="stmt"/>
      <line num="229" count="2" type="cond" truecount="1" falsecount="0"/>
      <line num="231" count="1" type="stmt"/>
      <line num="232" count="1" type="stmt"/>
      <line num="234" count="1" type="stmt"/>
      <line num="235" count="2" type="stmt"/>
      <line num="236" count="2" type="stmt"/>
      <line num="240" count="1" type="stmt"/>
      <line num="242" count="1" type="stmt"/>
      <line num="244" count="1" type="stmt"/>
      <line num="245" count="1" type="stmt"/>
      <line num="252" count="1" type="stmt"/>
      <line num="253" count="4" type="stmt"/>
      <line num="254" count="4" type="stmt"/>
      <line num="255" count="3" type="cond" truecount="1" falsecount="0"/>
      <line num="257" count="2" type="stmt"/>
      <line num="258" count="2" type="stmt"/>
      <line num="259" count="2" type="stmt"/>
      <line num="260" count="2" type="stmt"/>
      <line num="262" count="2" type="stmt"/>
      <line num="265" count="2" type="stmt"/>
      <line num="266" count="4" type="stmt"/>
      <line num="267" count="4" type="stmt"/>
      <line num="268" count="4" type="stmt"/>
      <line num="270" count="4" type="cond" truecount="3" falsecount="0"/>
      <line num="271" count="4" type="stmt"/>
      <line num="276" count="4" type="stmt"/>
      <line num="281" count="2" type="stmt"/>
      <line num="282" count="4" type="cond" truecount="1" falsecount="0"/>
      <line num="283" count="1" type="stmt"/>
      <line num="284" count="1" type="stmt"/>
      <line num="285" count="1" type="stmt"/>
      <line num="290" count="2" type="cond" truecount="1" falsecount="0"/>
      <line num="291" count="1" type="stmt"/>
      <line num="292" count="2" type="stmt"/>
      <line num="293" count="1" type="stmt"/>
      <line num="295" count="1" type="stmt"/>
      <line num="296" count="2" type="cond" truecount="1" falsecount="0"/>
      <line num="298" count="1" type="stmt"/>
      <line num="299" count="1" type="stmt"/>
      <line num="300" count="1" type="stmt"/>
      <line num="304" count="2" type="stmt"/>
      <line num="306" count="1" type="stmt"/>
      <line num="307" count="1" type="stmt"/>
      <line num="314" count="1" type="stmt"/>
      <line num="319" count="3" type="stmt"/>
      <line num="320" count="3" type="stmt"/>
      <line num="321" count="2" type="cond" truecount="1" falsecount="0"/>
      <line num="322" count="1" type="stmt"/>
      <line num="325" count="1" type="stmt"/>
      <line num="326" count="1" type="stmt"/>
      <line num="327" count="1" type="stmt"/>
      <line num="329" count="1" type="stmt"/>
      <line num="330" count="2" type="stmt"/>
      <line num="331" count="2" type="stmt"/>
      <line num="332" count="2" type="stmt"/>
      <line num="334" count="2" type="cond" truecount="3" falsecount="0"/>
      <line num="335" count="2" type="stmt"/>
      <line num="336" count="2" type="cond" truecount="3" falsecount="0"/>
      <line num="337" count="2" type="stmt"/>
      <line num="342" count="1" type="stmt"/>
      <line num="348" count="1" type="stmt"/>
      <line num="349" count="1" type="stmt"/>
      <line num="356" count="1" type="stmt"/>
      <line num="360" count="1" type="stmt"/>
      <line num="362" count="3" type="stmt"/>
      <line num="363" count="3" type="stmt"/>
      <line num="364" count="3" type="stmt"/>
      <line num="372" count="1" type="stmt"/>
      <line num="375" count="2" type="stmt"/>
      <line num="377" count="4" type="stmt"/>
      <line num="385" count="5" type="stmt"/>
      <line num="386" count="5" type="cond" truecount="2" falsecount="0"/>
      <line num="390" count="5" type="stmt"/>
      <line num="391" count="5" type="stmt"/>
      <line num="392" count="117" type="stmt"/>
      <line num="393" count="117" type="stmt"/>
      <line num="394" count="117" type="stmt"/>
      <line num="396" count="5" type="stmt"/>
      <line num="400" count="8" type="stmt"/>
      <line num="401" count="8" type="stmt"/>
      <line num="402" count="8" type="cond" truecount="0" falsecount="1"/>
      <line num="404" count="8" type="stmt"/>
      <line num="405" count="8" type="cond" truecount="1" falsecount="1"/>
      <line num="407" count="0" type="stmt"/>
      <line num="412" count="5" type="stmt"/>
      <line num="413" count="5" type="stmt"/>
      <line num="414" count="5" type="cond" truecount="2" falsecount="0"/>
      <line num="416" count="5" type="stmt"/>
      <line num="418" count="5" type="stmt"/>
      <line num="420" count="0" type="stmt"/>
      <line num="424" count="1" type="stmt"/>
    </file>
    <file name="placeIntelligence.ts" path="/Users/rehanrizvi/perched-app/services/placeIntelligence.ts">
      <metrics statements="200" coveredstatements="183" conditionals="181" coveredconditionals="159" methods="49" coveredmethods="47"/>
      <line num="1" count="1" type="stmt"/>
      <line num="2" count="1" type="stmt"/>
      <line num="3" count="1" type="stmt"/>
      <line num="45" count="1" type="stmt"/>
      <line num="46" count="1" type="stmt"/>
      <line num="47" count="1" type="stmt"/>
      <line num="48" count="1" type="stmt"/>
      <line num="51" count="29" type="stmt"/>
      <line num="64" count="728" type="stmt"/>
      <line num="68" count="168" type="cond" truecount="1" falsecount="0"/>
      <line num="69" count="249" type="stmt"/>
      <line num="73" count="72" type="cond" truecount="0" falsecount="1"/>
      <line num="74" count="72" type="cond" truecount="1" falsecount="0"/>
      <line num="75" count="8" type="cond" truecount="1" falsecount="0"/>
      <line num="76" count="6" type="cond" truecount="1" falsecount="0"/>
      <line num="77" count="1" type="stmt"/>
      <line num="81" count="72" type="cond" truecount="3" falsecount="0"/>
      <line num="82" count="70" type="cond" truecount="3" falsecount="0"/>
      <line num="83" count="68" type="cond" truecount="3" falsecount="0"/>
      <line num="84" count="67" type="stmt"/>
      <line num="88" count="4" type="cond" truecount="1" falsecount="0"/>
      <line num="89" count="1" type="stmt"/>
      <line num="90" count="1" type="cond" truecount="0" falsecount="1"/>
      <line num="91" count="1" type="stmt"/>
      <line num="95" count="16" type="cond" truecount="1" falsecount="1"/>
      <line num="99" count="2" type="stmt"/>
      <line num="100" count="2" type="stmt"/>
      <line num="110" count="1" type="stmt"/>
      <line num="111" count="1" type="stmt"/>
      <line num="120" count="13" type="stmt"/>
      <line num="122" count="13" type="cond" truecount="5" falsecount="0"/>
      <line num="127" count="13" type="cond" truecount="1" falsecount="0"/>
      <line num="128" count="2" type="stmt"/>
      <line num="129" count="2" type="cond" truecount="1" falsecount="0"/>
      <line num="130" count="1" type="stmt"/>
      <line num="131" count="1" type="stmt"/>
      <line num="135" count="11" type="stmt"/>
      <line num="136" count="11" type="stmt"/>
      <line num="137" count="22" type="stmt"/>
      <line num="138" count="11" type="stmt"/>
      <line num="139" count="11" type="stmt"/>
      <line num="140" count="11" type="cond" truecount="3" falsecount="0"/>
      <line num="141" count="7" type="stmt"/>
      <line num="142" count="7" type="cond" truecount="1" falsecount="0"/>
      <line num="146" count="11" type="stmt"/>
      <line num="147" count="11" type="cond" truecount="3" falsecount="0"/>
      <line num="148" count="1" type="stmt"/>
      <line num="151" count="11" type="stmt"/>
      <line num="155" count="12" type="stmt"/>
      <line num="156" count="12" type="cond" truecount="1" falsecount="0"/>
      <line num="157" count="11" type="stmt"/>
      <line num="158" count="11" type="stmt"/>
      <line num="159" count="11" type="stmt"/>
      <line num="163" count="11" type="cond" truecount="1" falsecount="1"/>
      <line num="164" count="11" type="stmt"/>
      <line num="165" count="11" type="stmt"/>
      <line num="166" count="11" type="stmt"/>
      <line num="167" count="10" type="cond" truecount="1" falsecount="0"/>
      <line num="168" count="9" type="stmt"/>
      <line num="170" count="1" type="stmt"/>
      <line num="172" count="11" type="stmt"/>
      <line num="177" count="11" type="cond" truecount="1" falsecount="0"/>
      <line num="178" count="9" type="stmt"/>
      <line num="180" count="5" type="cond" truecount="4" falsecount="0"/>
      <line num="181" count="4" type="stmt"/>
      <line num="187" count="4" type="cond" truecount="2" falsecount="0"/>
      <line num="195" count="28" type="cond" truecount="3" falsecount="0"/>
      <line num="196" count="13" type="stmt"/>
      <line num="197" count="13" type="cond" truecount="1" falsecount="0"/>
      <line num="198" count="12" type="cond" truecount="1" falsecount="1"/>
      <line num="199" count="12" type="stmt"/>
      <line num="200" count="12" type="cond" truecount="1" falsecount="2"/>
      <line num="201" count="0" type="stmt"/>
      <line num="203" count="12" type="stmt"/>
      <line num="204" count="11" type="stmt"/>
      <line num="209" count="11" type="stmt"/>
      <line num="222" count="11" type="stmt"/>
      <line num="223" count="11" type="stmt"/>
      <line num="224" count="11" type="stmt"/>
      <line num="229" count="56" type="cond" truecount="1" falsecount="0"/>
      <line num="230" count="50" type="cond" truecount="1" falsecount="0"/>
      <line num="231" count="14" type="cond" truecount="1" falsecount="0"/>
      <line num="232" count="4" type="stmt"/>
      <line num="236" count="168" type="cond" truecount="1" falsecount="1"/>
      <line num="237" count="168" type="cond" truecount="2" falsecount="0"/>
      <line num="238" count="168" type="stmt"/>
      <line num="242" count="168" type="cond" truecount="1" falsecount="0"/>
      <line num="243" count="24" type="cond" truecount="1" falsecount="0"/>
      <line num="244" count="0" type="stmt"/>
      <line num="248" count="28" type="stmt"/>
      <line num="249" count="28" type="stmt"/>
      <line num="251" count="28" type="stmt"/>
      <line num="252" count="28" type="stmt"/>
      <line num="253" count="28" type="stmt"/>
      <line num="255" count="28" type="stmt"/>
      <line num="256" count="72" type="stmt"/>
      <line num="257" count="72" type="cond" truecount="0" falsecount="1"/>
      <line num="258" count="72" type="stmt"/>
      <line num="259" count="72" type="stmt"/>
      <line num="260" count="72" type="cond" truecount="1" falsecount="0"/>
      <line num="261" count="71" type="stmt"/>
      <line num="262" count="71" type="stmt"/>
      <line num="266" count="28" type="stmt"/>
      <line num="268" count="28" type="cond" truecount="2" falsecount="0"/>
      <line num="270" count="672" type="stmt"/>
      <line num="271" count="672" type="cond" truecount="2" falsecount="0"/>
      <line num="272" count="672" type="stmt"/>
      <line num="275" count="28" type="stmt"/>
      <line num="276" count="28" type="stmt"/>
      <line num="277" count="168" type="stmt"/>
      <line num="278" count="168" type="stmt"/>
      <line num="279" count="168" type="cond" truecount="2" falsecount="0"/>
      <line num="282" count="168" type="stmt"/>
      <line num="283" count="168" type="stmt"/>
      <line num="284" count="168" type="stmt"/>
      <line num="286" count="168" type="stmt"/>
      <line num="296" count="28" type="stmt"/>
      <line num="308" count="28" type="stmt"/>
      <line num="310" count="28" type="cond" truecount="1" falsecount="0"/>
      <line num="311" count="22" type="stmt"/>
      <line num="313" count="28" type="cond" truecount="6" falsecount="1"/>
      <line num="314" count="19" type="stmt"/>
      <line num="316" count="28" type="cond" truecount="1" falsecount="0"/>
      <line num="317" count="2" type="stmt"/>
      <line num="319" count="28" type="cond" truecount="1" falsecount="0"/>
      <line num="320" count="5" type="stmt"/>
      <line num="322" count="28" type="stmt"/>
      <line num="324" count="5" type="stmt"/>
      <line num="325" count="5" type="stmt"/>
      <line num="327" count="28" type="cond" truecount="3" falsecount="0"/>
      <line num="328" count="3" type="stmt"/>
      <line num="330" count="28" type="cond" truecount="3" falsecount="0"/>
      <line num="331" count="24" type="stmt"/>
      <line num="333" count="28" type="cond" truecount="1" falsecount="0"/>
      <line num="334" count="3" type="stmt"/>
      <line num="337" count="28" type="stmt"/>
      <line num="341" count="29" type="cond" truecount="7" falsecount="1"/>
      <line num="342" count="29" type="stmt"/>
      <line num="343" count="29" type="cond" truecount="3" falsecount="0"/>
      <line num="345" count="28" type="cond" truecount="2" falsecount="0"/>
      <line num="346" count="28" type="cond" truecount="2" falsecount="0"/>
      <line num="348" count="72" type="stmt"/>
      <line num="349" count="72" type="stmt"/>
      <line num="350" count="72" type="stmt"/>
      <line num="351" count="28" type="stmt"/>
      <line num="352" count="72" type="stmt"/>
      <line num="353" count="72" type="stmt"/>
      <line num="354" count="28" type="cond" truecount="2" falsecount="0"/>
      <line num="358" count="28" type="stmt"/>
      <line num="362" count="28" type="stmt"/>
      <line num="363" count="72" type="stmt"/>
      <line num="364" count="72" type="cond" truecount="0" falsecount="1"/>
      <line num="365" count="72" type="stmt"/>
      <line num="366" count="72" type="stmt"/>
      <line num="368" count="135" type="stmt"/>
      <line num="369" count="28" type="cond" truecount="2" falsecount="0"/>
      <line num="371" count="28" type="stmt"/>
      <line num="372" count="28" type="stmt"/>
      <line num="375" count="28" type="cond" truecount="2" falsecount="0"/>
      <line num="379" count="28" type="cond" truecount="3" falsecount="1"/>
      <line num="381" count="28" type="cond" truecount="2" falsecount="0"/>
      <line num="382" count="28" type="cond" truecount="1" falsecount="1"/>
      <line num="383" count="28" type="cond" truecount="4" falsecount="0"/>
      <line num="386" count="28" type="cond" truecount="2" falsecount="0"/>
      <line num="395" count="28" type="stmt"/>
      <line num="397" count="28" type="stmt"/>
      <line num="398" count="28" type="cond" truecount="2" falsecount="0"/>
      <line num="399" count="28" type="stmt"/>
      <line num="401" count="28" type="stmt"/>
      <line num="402" count="28" type="stmt"/>
      <line num="412" count="28" type="stmt"/>
      <line num="413" count="28" type="cond" truecount="3" falsecount="0"/>
      <line num="414" count="28" type="cond" truecount="3" falsecount="0"/>
      <line num="415" count="28" type="cond" truecount="3" falsecount="0"/>
      <line num="416" count="28" type="cond" truecount="3" falsecount="0"/>
      <line num="417" count="28" type="cond" truecount="1" falsecount="0"/>
      <line num="418" count="28" type="cond" truecount="3" falsecount="0"/>
      <line num="419" count="28" type="cond" truecount="1" falsecount="0"/>
      <line num="421" count="28" type="stmt"/>
      <line num="432" count="28" type="stmt"/>
      <line num="433" count="28" type="stmt"/>
      <line num="436" count="1" type="stmt"/>
      <line num="437" count="0" type="cond" truecount="0" falsecount="1"/>
      <line num="438" count="0" type="stmt"/>
      <line num="439" count="0" type="stmt"/>
      <line num="440" count="0" type="stmt"/>
      <line num="441" count="0" type="stmt"/>
      <line num="444" count="0" type="stmt"/>
      <line num="445" count="0" type="stmt"/>
      <line num="446" count="0" type="cond" truecount="0" falsecount="1"/>
      <line num="447" count="0" type="stmt"/>
      <line num="450" count="0" type="stmt"/>
      <line num="451" count="0" type="cond" truecount="0" falsecount="1"/>
      <line num="452" count="0" type="stmt"/>
      <line num="455" count="0" type="stmt"/>
      <line num="456" count="0" type="cond" truecount="0" falsecount="1"/>
      <line num="457" count="0" type="stmt"/>
      <line num="462" count="1" type="stmt"/>
      <line num="463" count="29" type="stmt"/>
      <line num="465" count="29" type="stmt"/>
    </file>
    <file name="schemaHelpers.ts" path="/Users/rehanrizvi/perched-app/services/schemaHelpers.ts">
      <metrics statements="79" coveredstatements="79" conditionals="43" coveredconditionals="43" methods="11" coveredmethods="11"/>
      <line num="27" count="2" type="stmt"/>
      <line num="28" count="18" type="cond" truecount="2" falsecount="0"/>
      <line num="29" count="18" type="cond" truecount="1" falsecount="0"/>
      <line num="32" count="13" type="cond" truecount="1" falsecount="0"/>
      <line num="33" count="4" type="stmt"/>
      <line num="34" count="4" type="stmt"/>
      <line num="36" count="1" type="stmt"/>
      <line num="41" count="9" type="cond" truecount="1" falsecount="0"/>
      <line num="42" count="1" type="stmt"/>
      <line num="46" count="8" type="cond" truecount="1" falsecount="0"/>
      <line num="47" count="4" type="stmt"/>
      <line num="51" count="4" type="stmt"/>
      <line num="52" count="4" type="cond" truecount="2" falsecount="0"/>
      <line num="67" count="2" type="stmt"/>
      <line num="78" count="11" type="cond" truecount="4" falsecount="0"/>
      <line num="81" count="11" type="stmt"/>
      <line num="86" count="11" type="cond" truecount="1" falsecount="0"/>
      <line num="87" count="3" type="stmt"/>
      <line num="89" count="11" type="cond" truecount="1" falsecount="0"/>
      <line num="90" count="2" type="stmt"/>
      <line num="92" count="11" type="cond" truecount="1" falsecount="0"/>
      <line num="93" count="11" type="stmt"/>
      <line num="96" count="11" type="stmt"/>
      <line num="97" count="10" type="cond" truecount="1" falsecount="0"/>
      <line num="100" count="8" type="stmt"/>
      <line num="105" count="8" type="cond" truecount="1" falsecount="0"/>
      <line num="106" count="3" type="stmt"/>
      <line num="108" count="8" type="cond" truecount="1" falsecount="0"/>
      <line num="109" count="2" type="stmt"/>
      <line num="111" count="8" type="cond" truecount="1" falsecount="0"/>
      <line num="112" count="8" type="stmt"/>
      <line num="115" count="8" type="stmt"/>
      <line num="130" count="2" type="stmt"/>
      <line num="139" count="6" type="cond" truecount="3" falsecount="0"/>
      <line num="142" count="6" type="stmt"/>
      <line num="147" count="6" type="cond" truecount="1" falsecount="0"/>
      <line num="148" count="6" type="stmt"/>
      <line num="150" count="6" type="stmt"/>
      <line num="151" count="6" type="cond" truecount="1" falsecount="0"/>
      <line num="154" count="5" type="stmt"/>
      <line num="159" count="5" type="cond" truecount="1" falsecount="0"/>
      <line num="160" count="5" type="stmt"/>
      <line num="162" count="5" type="stmt"/>
      <line num="175" count="2" type="stmt"/>
      <line num="183" count="7" type="cond" truecount="4" falsecount="0"/>
      <line num="185" count="7" type="stmt"/>
      <line num="187" count="7" type="cond" truecount="1" falsecount="0"/>
      <line num="188" count="2" type="stmt"/>
      <line num="192" count="7" type="stmt"/>
      <line num="193" count="7" type="cond" truecount="1" falsecount="0"/>
      <line num="194" count="7" type="stmt"/>
      <line num="196" count="7" type="stmt"/>
      <line num="197" count="7" type="cond" truecount="1" falsecount="0"/>
      <line num="200" count="6" type="stmt"/>
      <line num="201" count="6" type="cond" truecount="1" falsecount="0"/>
      <line num="202" count="6" type="stmt"/>
      <line num="204" count="6" type="stmt"/>
      <line num="217" count="2" type="stmt"/>
      <line num="223" count="10" type="stmt"/>
      <line num="229" count="10" type="stmt"/>
      <line num="230" count="10" type="stmt"/>
      <line num="233" count="10" type="stmt"/>
      <line num="236" count="7" type="cond" truecount="2" falsecount="0"/>
      <line num="237" count="3" type="stmt"/>
      <line num="238" count="5" type="cond" truecount="2" falsecount="0"/>
      <line num="239" count="3" type="stmt"/>
      <line num="242" count="3" type="cond" truecount="1" falsecount="0"/>
      <line num="243" count="1" type="stmt"/>
      <line num="244" count="1" type="stmt"/>
      <line num="248" count="4" type="stmt"/>
      <line num="254" count="4" type="stmt"/>
      <line num="255" count="4" type="stmt"/>
      <line num="256" count="5" type="cond" truecount="2" falsecount="0"/>
      <line num="257" count="4" type="stmt"/>
      <line num="262" count="1" type="stmt"/>
      <line num="267" count="10" type="stmt"/>
      <line num="268" count="2" type="cond" truecount="1" falsecount="0"/>
      <line num="269" count="2" type="cond" truecount="1" falsecount="0"/>
      <line num="273" count="2" type="stmt"/>
    </file>
  </project>
</coverage>
