{"/Users/rehanrizvi/perched-app/services/cacheLayer.ts": {"path":"/Users/rehanrizvi/perched-app/services/cacheLayer.ts","statementMap":{"0":{"start":{"line":106,"column":0},"end":{"line":106,"column":7}},"1":{"start":{"line":132,"column":0},"end":{"line":132,"column":7}},"2":{"start":{"line":171,"column":0},"end":{"line":171,"column":7}},"3":{"start":{"line":186,"column":0},"end":{"line":186,"column":7}},"4":{"start":{"line":201,"column":0},"end":{"line":201,"column":7}},"5":{"start":{"line":220,"column":0},"end":{"line":220,"column":7}},"6":{"start":{"line":227,"column":0},"end":{"line":227,"column":7}},"7":{"start":{"line":238,"column":0},"end":{"line":238,"column":7}},"8":{"start":{"line":270,"column":0},"end":{"line":270,"column":7}},"9":{"start":{"line":292,"column":0},"end":{"line":292,"column":16}},"10":{"start":{"line":297,"column":0},"end":{"line":297,"column":16}},"11":{"start":{"line":305,"column":0},"end":{"line":305,"column":7}},"12":{"start":{"line":346,"column":0},"end":{"line":346,"column":7}},"13":{"start":{"line":402,"column":0},"end":{"line":402,"column":7}},"14":{"start":{"line":421,"column":0},"end":{"line":421,"column":7}},"15":{"start":{"line":439,"column":0},"end":{"line":439,"column":7}},"16":{"start":{"line":458,"column":0},"end":{"line":458,"column":7}},"17":{"start":{"line":487,"column":0},"end":{"line":487,"column":7}},"18":{"start":{"line":7,"column":0},"end":{"line":7,"column":69}},"19":{"start":{"line":8,"column":0},"end":{"line":8,"column":49}},"20":{"start":{"line":25,"column":21},"end":{"line":25,"column":38}},"21":{"start":{"line":26,"column":18},"end":{"line":26,"column":40}},"22":{"start":{"line":27,"column":23},"end":{"line":27,"column":26}},"23":{"start":{"line":28,"column":22},"end":{"line":33,"column":2}},"24":{"start":{"line":35,"column":17},"end":{"line":35,"column":37}},"25":{"start":{"line":36,"column":20},"end":{"line":36,"column":25}},"26":{"start":{"line":41,"column":2},"end":{"line":41,"column":28}},"27":{"start":{"line":41,"column":21},"end":{"line":41,"column":28}},"28":{"start":{"line":42,"column":2},"end":{"line":42,"column":23}},"29":{"start":{"line":43,"column":2},"end":{"line":56,"column":3}},"30":{"start":{"line":44,"column":22},"end":{"line":44,"column":59}},"31":{"start":{"line":45,"column":4},"end":{"line":45,"column":27}},"32":{"start":{"line":45,"column":20},"end":{"line":45,"column":27}},"33":{"start":{"line":46,"column":19},"end":{"line":46,"column":80}},"34":{"start":{"line":47,"column":4},"end":{"line":47,"column":54}},"35":{"start":{"line":47,"column":47},"end":{"line":47,"column":54}},"36":{"start":{"line":48,"column":4},"end":{"line":53,"column":6}},"37":{"start":{"line":55,"column":4},"end":{"line":55,"column":38}},"38":{"start":{"line":60,"column":18},"end":{"line":60,"column":49}},"39":{"start":{"line":61,"column":2},"end":{"line":61,"column":91}},"40":{"start":{"line":61,"column":33},"end":{"line":61,"column":82}},"41":{"start":{"line":65,"column":2},"end":{"line":65,"column":68}},"42":{"start":{"line":69,"column":2},"end":{"line":100,"column":3}},"43":{"start":{"line":70,"column":4},"end":{"line":70,"column":32}},"44":{"start":{"line":71,"column":4},"end":{"line":90,"column":5}},"45":{"start":{"line":73,"column":8},"end":{"line":73,"column":34}},"46":{"start":{"line":74,"column":8},"end":{"line":74,"column":14}},"47":{"start":{"line":76,"column":8},"end":{"line":76,"column":36}},"48":{"start":{"line":77,"column":8},"end":{"line":77,"column":14}},"49":{"start":{"line":79,"column":8},"end":{"line":79,"column":39}},"50":{"start":{"line":80,"column":8},"end":{"line":80,"column":64}},"51":{"start":{"line":81,"column":8},"end":{"line":81,"column":14}},"52":{"start":{"line":84,"column":8},"end":{"line":84,"column":64}},"53":{"start":{"line":85,"column":8},"end":{"line":85,"column":14}},"54":{"start":{"line":87,"column":8},"end":{"line":87,"column":14}},"55":{"start":{"line":89,"column":8},"end":{"line":89,"column":14}},"56":{"start":{"line":92,"column":4},"end":{"line":94,"column":5}},"57":{"start":{"line":93,"column":6},"end":{"line":93,"column":51}},"58":{"start":{"line":96,"column":4},"end":{"line":96,"column":25}},"59":{"start":{"line":97,"column":4},"end":{"line":97,"column":60}},"60":{"start":{"line":99,"column":4},"end":{"line":99,"column":61}},"61":{"start":{"line":111,"column":20},"end":{"line":111,"column":30}},"62":{"start":{"line":112,"column":2},"end":{"line":126,"column":3}},"63":{"start":{"line":113,"column":33},"end":{"line":118,"column":6}},"64":{"start":{"line":120,"column":4},"end":{"line":120,"column":74}},"65":{"start":{"line":121,"column":4},"end":{"line":121,"column":34}},"66":{"start":{"line":122,"column":4},"end":{"line":122,"column":69}},"67":{"start":{"line":124,"column":4},"end":{"line":124,"column":45}},"68":{"start":{"line":125,"column":4},"end":{"line":125,"column":70}},"69":{"start":{"line":133,"column":20},"end":{"line":133,"column":30}},"70":{"start":{"line":134,"column":2},"end":{"line":165,"column":3}},"71":{"start":{"line":135,"column":19},"end":{"line":135,"column":65}},"72":{"start":{"line":137,"column":4},"end":{"line":141,"column":5}},"73":{"start":{"line":138,"column":6},"end":{"line":138,"column":37}},"74":{"start":{"line":139,"column":6},"end":{"line":139,"column":76}},"75":{"start":{"line":140,"column":6},"end":{"line":140,"column":18}},"76":{"start":{"line":143,"column":33},"end":{"line":143,"column":51}},"77":{"start":{"line":146,"column":4},"end":{"line":151,"column":5}},"78":{"start":{"line":147,"column":6},"end":{"line":147,"column":26}},"79":{"start":{"line":148,"column":6},"end":{"line":148,"column":37}},"80":{"start":{"line":149,"column":6},"end":{"line":149,"column":79}},"81":{"start":{"line":150,"column":6},"end":{"line":150,"column":18}},"82":{"start":{"line":154,"column":4},"end":{"line":154,"column":17}},"83":{"start":{"line":155,"column":4},"end":{"line":155,"column":74}},"84":{"start":{"line":156,"column":4},"end":{"line":156,"column":34}},"85":{"start":{"line":157,"column":4},"end":{"line":157,"column":73}},"86":{"start":{"line":159,"column":4},"end":{"line":159,"column":22}},"87":{"start":{"line":161,"column":4},"end":{"line":161,"column":45}},"88":{"start":{"line":162,"column":4},"end":{"line":162,"column":35}},"89":{"start":{"line":163,"column":4},"end":{"line":163,"column":75}},"90":{"start":{"line":164,"column":4},"end":{"line":164,"column":16}},"91":{"start":{"line":172,"column":20},"end":{"line":172,"column":30}},"92":{"start":{"line":173,"column":2},"end":{"line":180,"column":3}},"93":{"start":{"line":174,"column":4},"end":{"line":174,"column":54}},"94":{"start":{"line":175,"column":4},"end":{"line":175,"column":37}},"95":{"start":{"line":176,"column":4},"end":{"line":176,"column":72}},"96":{"start":{"line":178,"column":4},"end":{"line":178,"column":48}},"97":{"start":{"line":179,"column":4},"end":{"line":179,"column":73}},"98":{"start":{"line":187,"column":2},"end":{"line":195,"column":3}},"99":{"start":{"line":188,"column":19},"end":{"line":188,"column":65}},"100":{"start":{"line":189,"column":4},"end":{"line":189,"column":30}},"101":{"start":{"line":189,"column":17},"end":{"line":189,"column":30}},"102":{"start":{"line":191,"column":35},"end":{"line":191,"column":53}},"103":{"start":{"line":192,"column":4},"end":{"line":192,"column":53}},"104":{"start":{"line":194,"column":4},"end":{"line":194,"column":17}},"105":{"start":{"line":206,"column":17},"end":{"line":206,"column":39}},"106":{"start":{"line":208,"column":2},"end":{"line":210,"column":3}},"107":{"start":{"line":209,"column":4},"end":{"line":209,"column":18}},"108":{"start":{"line":212,"column":16},"end":{"line":212,"column":31}},"109":{"start":{"line":213,"column":2},"end":{"line":213,"column":36}},"110":{"start":{"line":214,"column":2},"end":{"line":214,"column":15}},"111":{"start":{"line":221,"column":2},"end":{"line":221,"column":56}},"112":{"start":{"line":221,"column":37},"end":{"line":221,"column":53}},"113":{"start":{"line":230,"column":2},"end":{"line":232,"column":4}},"114":{"start":{"line":231,"column":41},"end":{"line":231,"column":66}},"115":{"start":{"line":239,"column":20},"end":{"line":239,"column":30}},"116":{"start":{"line":240,"column":2},"end":{"line":264,"column":3}},"117":{"start":{"line":241,"column":20},"end":{"line":241,"column":51}},"118":{"start":{"line":242,"column":22},"end":{"line":242,"column":94}},"119":{"start":{"line":242,"column":44},"end":{"line":242,"column":93}},"120":{"start":{"line":244,"column":23},"end":{"line":244,"column":32}},"121":{"start":{"line":246,"column":4},"end":{"line":251,"column":5}},"122":{"start":{"line":247,"column":20},"end":{"line":247,"column":39}},"123":{"start":{"line":248,"column":6},"end":{"line":250,"column":8}},"124":{"start":{"line":249,"column":8},"end":{"line":249,"column":49}},"125":{"start":{"line":253,"column":4},"end":{"line":256,"column":5}},"126":{"start":{"line":254,"column":6},"end":{"line":254,"column":51}},"127":{"start":{"line":255,"column":6},"end":{"line":255,"column":59}},"128":{"start":{"line":258,"column":4},"end":{"line":258,"column":71}},"129":{"start":{"line":259,"column":4},"end":{"line":259,"column":31}},"130":{"start":{"line":261,"column":4},"end":{"line":261,"column":47}},"131":{"start":{"line":262,"column":4},"end":{"line":262,"column":72}},"132":{"start":{"line":263,"column":4},"end":{"line":263,"column":13}},"133":{"start":{"line":271,"column":20},"end":{"line":271,"column":30}},"134":{"start":{"line":272,"column":2},"end":{"line":289,"column":3}},"135":{"start":{"line":273,"column":4},"end":{"line":273,"column":32}},"136":{"start":{"line":274,"column":4},"end":{"line":274,"column":49}},"137":{"start":{"line":275,"column":4},"end":{"line":275,"column":25}},"138":{"start":{"line":276,"column":18},"end":{"line":276,"column":53}},"139":{"start":{"line":277,"column":4},"end":{"line":277,"column":75}},"140":{"start":{"line":278,"column":4},"end":{"line":284,"column":6}},"141":{"start":{"line":286,"column":4},"end":{"line":286,"column":51}},"142":{"start":{"line":287,"column":4},"end":{"line":287,"column":76}},"143":{"start":{"line":288,"column":4},"end":{"line":288,"column":72}},"144":{"start":{"line":293,"column":16},"end":{"line":293,"column":51}},"145":{"start":{"line":294,"column":2},"end":{"line":294,"column":49}},"146":{"start":{"line":298,"column":2},"end":{"line":298,"column":36}},"147":{"start":{"line":299,"column":2},"end":{"line":299,"column":24}},"148":{"start":{"line":306,"column":20},"end":{"line":306,"column":30}},"149":{"start":{"line":307,"column":2},"end":{"line":340,"column":3}},"150":{"start":{"line":308,"column":20},"end":{"line":308,"column":51}},"151":{"start":{"line":309,"column":22},"end":{"line":309,"column":94}},"152":{"start":{"line":309,"column":44},"end":{"line":309,"column":93}},"153":{"start":{"line":311,"column":23},"end":{"line":311,"column":24}},"154":{"start":{"line":313,"column":4},"end":{"line":329,"column":5}},"155":{"start":{"line":314,"column":21},"end":{"line":314,"column":56}},"156":{"start":{"line":315,"column":6},"end":{"line":315,"column":28}},"157":{"start":{"line":315,"column":19},"end":{"line":315,"column":28}},"158":{"start":{"line":317,"column":6},"end":{"line":328,"column":7}},"159":{"start":{"line":318,"column":39},"end":{"line":318,"column":57}},"160":{"start":{"line":320,"column":8},"end":{"line":323,"column":9}},"161":{"start":{"line":321,"column":10},"end":{"line":321,"column":49}},"162":{"start":{"line":322,"column":10},"end":{"line":322,"column":25}},"163":{"start":{"line":326,"column":8},"end":{"line":326,"column":47}},"164":{"start":{"line":327,"column":8},"end":{"line":327,"column":23}},"165":{"start":{"line":331,"column":4},"end":{"line":333,"column":5}},"166":{"start":{"line":332,"column":6},"end":{"line":332,"column":52}},"167":{"start":{"line":334,"column":4},"end":{"line":334,"column":73}},"168":{"start":{"line":335,"column":4},"end":{"line":335,"column":24}},"169":{"start":{"line":337,"column":4},"end":{"line":337,"column":49}},"170":{"start":{"line":338,"column":4},"end":{"line":338,"column":74}},"171":{"start":{"line":339,"column":4},"end":{"line":339,"column":13}},"172":{"start":{"line":347,"column":20},"end":{"line":347,"column":30}},"173":{"start":{"line":348,"column":2},"end":{"line":396,"column":3}},"174":{"start":{"line":349,"column":20},"end":{"line":349,"column":51}},"175":{"start":{"line":350,"column":22},"end":{"line":350,"column":94}},"176":{"start":{"line":350,"column":44},"end":{"line":350,"column":93}},"177":{"start":{"line":352,"column":4},"end":{"line":354,"column":5}},"178":{"start":{"line":353,"column":6},"end":{"line":353,"column":15}},"179":{"start":{"line":357,"column":77},"end":{"line":357,"column":79}},"180":{"start":{"line":359,"column":4},"end":{"line":373,"column":5}},"181":{"start":{"line":360,"column":21},"end":{"line":360,"column":56}},"182":{"start":{"line":361,"column":6},"end":{"line":361,"column":28}},"183":{"start":{"line":361,"column":19},"end":{"line":361,"column":28}},"184":{"start":{"line":363,"column":6},"end":{"line":372,"column":7}},"185":{"start":{"line":364,"column":39},"end":{"line":364,"column":57}},"186":{"start":{"line":365,"column":8},"end":{"line":369,"column":11}},"187":{"start":{"line":371,"column":8},"end":{"line":371,"column":17}},"188":{"start":{"line":376,"column":4},"end":{"line":379,"column":7}},"189":{"start":{"line":377,"column":6},"end":{"line":377,"column":52}},"190":{"start":{"line":377,"column":29},"end":{"line":377,"column":52}},"191":{"start":{"line":378,"column":6},"end":{"line":378,"column":39}},"192":{"start":{"line":382,"column":21},"end":{"line":382,"column":70}},"193":{"start":{"line":383,"column":25},"end":{"line":383,"column":49}},"194":{"start":{"line":383,"column":43},"end":{"line":383,"column":48}},"195":{"start":{"line":385,"column":4},"end":{"line":388,"column":5}},"196":{"start":{"line":386,"column":6},"end":{"line":386,"column":51}},"197":{"start":{"line":387,"column":6},"end":{"line":387,"column":59}},"198":{"start":{"line":390,"column":4},"end":{"line":390,"column":75}},"199":{"start":{"line":391,"column":4},"end":{"line":391,"column":31}},"200":{"start":{"line":393,"column":4},"end":{"line":393,"column":48}},"201":{"start":{"line":394,"column":4},"end":{"line":394,"column":76}},"202":{"start":{"line":395,"column":4},"end":{"line":395,"column":13}},"203":{"start":{"line":405,"column":20},"end":{"line":405,"column":30}},"204":{"start":{"line":406,"column":2},"end":{"line":415,"column":3}},"205":{"start":{"line":407,"column":20},"end":{"line":407,"column":36}},"206":{"start":{"line":408,"column":4},"end":{"line":408,"column":29}},"207":{"start":{"line":409,"column":4},"end":{"line":409,"column":72}},"208":{"start":{"line":410,"column":4},"end":{"line":410,"column":26}},"209":{"start":{"line":412,"column":4},"end":{"line":412,"column":48}},"210":{"start":{"line":413,"column":4},"end":{"line":413,"column":73}},"211":{"start":{"line":414,"column":4},"end":{"line":414,"column":13}},"212":{"start":{"line":422,"column":2},"end":{"line":433,"column":3}},"213":{"start":{"line":423,"column":19},"end":{"line":423,"column":65}},"214":{"start":{"line":424,"column":4},"end":{"line":424,"column":29}},"215":{"start":{"line":424,"column":17},"end":{"line":424,"column":29}},"216":{"start":{"line":426,"column":35},"end":{"line":426,"column":53}},"217":{"start":{"line":427,"column":20},"end":{"line":427,"column":48}},"218":{"start":{"line":428,"column":22},"end":{"line":428,"column":41}},"219":{"start":{"line":430,"column":4},"end":{"line":430,"column":41}},"220":{"start":{"line":432,"column":4},"end":{"line":432,"column":16}},"221":{"start":{"line":440,"column":2},"end":{"line":452,"column":3}},"222":{"start":{"line":441,"column":19},"end":{"line":441,"column":65}},"223":{"start":{"line":442,"column":4},"end":{"line":442,"column":30}},"224":{"start":{"line":442,"column":17},"end":{"line":442,"column":30}},"225":{"start":{"line":444,"column":35},"end":{"line":444,"column":53}},"226":{"start":{"line":445,"column":4},"end":{"line":445,"column":25}},"227":{"start":{"line":446,"column":4},"end":{"line":446,"column":33}},"228":{"start":{"line":448,"column":4},"end":{"line":448,"column":74}},"229":{"start":{"line":449,"column":4},"end":{"line":449,"column":16}},"230":{"start":{"line":451,"column":4},"end":{"line":451,"column":17}},"231":{"start":{"line":459,"column":20},"end":{"line":459,"column":30}},"232":{"start":{"line":460,"column":2},"end":{"line":481,"column":3}},"233":{"start":{"line":464,"column":73},"end":{"line":464,"column":75}},"234":{"start":{"line":474,"column":4},"end":{"line":476,"column":5}},"235":{"start":{"line":475,"column":6},"end":{"line":475,"column":34}},"236":{"start":{"line":477,"column":4},"end":{"line":477,"column":73}},"237":{"start":{"line":479,"column":4},"end":{"line":479,"column":49}},"238":{"start":{"line":480,"column":4},"end":{"line":480,"column":74}},"239":{"start":{"line":488,"column":20},"end":{"line":488,"column":30}},"240":{"start":{"line":489,"column":2},"end":{"line":501,"column":3}},"241":{"start":{"line":491,"column":4},"end":{"line":491,"column":25}},"242":{"start":{"line":494,"column":4},"end":{"line":494,"column":26}},"243":{"start":{"line":496,"column":4},"end":{"line":496,"column":44}},"244":{"start":{"line":497,"column":4},"end":{"line":497,"column":70}},"245":{"start":{"line":499,"column":4},"end":{"line":499,"column":46}},"246":{"start":{"line":500,"column":4},"end":{"line":500,"column":71}},"247":{"start":{"line":504,"column":0},"end":{"line":522,"column":2}}},"fnMap":{"0":{"name":"ensureStatsHydrated","decl":{"start":{"line":40,"column":15},"end":{"line":40,"column":34}},"loc":{"start":{"line":40,"column":34},"end":{"line":57,"column":1}}},"1":{"name":"getCacheEntryCount","decl":{"start":{"line":59,"column":15},"end":{"line":59,"column":33}},"loc":{"start":{"line":59,"column":33},"end":{"line":62,"column":1}}},"2":{"name":"(anonymous_3)","decl":{"start":{"line":61,"column":24},"end":{"line":61,"column":25}},"loc":{"start":{"line":61,"column":33},"end":{"line":61,"column":82}}},"3":{"name":"persistStats","decl":{"start":{"line":64,"column":15},"end":{"line":64,"column":27}},"loc":{"start":{"line":64,"column":27},"end":{"line":66,"column":1}}},"4":{"name":"updateCacheStats","decl":{"start":{"line":68,"column":15},"end":{"line":68,"column":31}},"loc":{"start":{"line":68,"column":71},"end":{"line":101,"column":1}}},"5":{"name":"cacheGet","decl":{"start":{"line":132,"column":22},"end":{"line":132,"column":30}},"loc":{"start":{"line":132,"column":45},"end":{"line":166,"column":1}}},"6":{"name":"cacheDel","decl":{"start":{"line":171,"column":22},"end":{"line":171,"column":30}},"loc":{"start":{"line":171,"column":42},"end":{"line":181,"column":1}}},"7":{"name":"cacheExists","decl":{"start":{"line":186,"column":22},"end":{"line":186,"column":33}},"loc":{"start":{"line":186,"column":45},"end":{"line":196,"column":1}}},"8":{"name":"cacheGetOrSet","decl":{"start":{"line":201,"column":22},"end":{"line":201,"column":35}},"loc":{"start":{"line":204,"column":25},"end":{"line":215,"column":1}}},"9":{"name":"cacheMGet","decl":{"start":{"line":220,"column":22},"end":{"line":220,"column":31}},"loc":{"start":{"line":220,"column":49},"end":{"line":222,"column":1}}},"10":{"name":"(anonymous_12)","decl":{"start":{"line":221,"column":30},"end":{"line":221,"column":33}},"loc":{"start":{"line":221,"column":37},"end":{"line":221,"column":53}}},"11":{"name":"cacheMSet","decl":{"start":{"line":227,"column":22},"end":{"line":227,"column":31}},"loc":{"start":{"line":228,"column":57},"end":{"line":233,"column":1}}},"12":{"name":"(anonymous_14)","decl":{"start":{"line":231,"column":16},"end":{"line":231,"column":17}},"loc":{"start":{"line":231,"column":41},"end":{"line":231,"column":66}}},"13":{"name":"cacheClear","decl":{"start":{"line":238,"column":22},"end":{"line":238,"column":32}},"loc":{"start":{"line":238,"column":49},"end":{"line":265,"column":1}}},"14":{"name":"(anonymous_16)","decl":{"start":{"line":242,"column":37},"end":{"line":242,"column":40}},"loc":{"start":{"line":242,"column":44},"end":{"line":242,"column":93}}},"15":{"name":"(anonymous_17)","decl":{"start":{"line":248,"column":38},"end":{"line":248,"column":41}},"loc":{"start":{"line":249,"column":8},"end":{"line":249,"column":49}}},"16":{"name":"getCacheStats","decl":{"start":{"line":270,"column":22},"end":{"line":270,"column":35}},"loc":{"start":{"line":270,"column":35},"end":{"line":290,"column":1}}},"17":{"name":"getCacheHitRate","decl":{"start":{"line":292,"column":16},"end":{"line":292,"column":31}},"loc":{"start":{"line":292,"column":31},"end":{"line":295,"column":1}}},"18":{"name":"resetCacheLayerState","decl":{"start":{"line":297,"column":16},"end":{"line":297,"column":36}},"loc":{"start":{"line":297,"column":36},"end":{"line":300,"column":1}}},"19":{"name":"cacheCleanup","decl":{"start":{"line":305,"column":22},"end":{"line":305,"column":34}},"loc":{"start":{"line":305,"column":34},"end":{"line":341,"column":1}}},"20":{"name":"(anonymous_22)","decl":{"start":{"line":309,"column":37},"end":{"line":309,"column":40}},"loc":{"start":{"line":309,"column":44},"end":{"line":309,"column":93}}},"21":{"name":"cacheLRUEvict","decl":{"start":{"line":346,"column":22},"end":{"line":346,"column":35}},"loc":{"start":{"line":346,"column":35},"end":{"line":397,"column":1}}},"22":{"name":"(anonymous_24)","decl":{"start":{"line":350,"column":37},"end":{"line":350,"column":40}},"loc":{"start":{"line":350,"column":44},"end":{"line":350,"column":93}}},"23":{"name":"(anonymous_25)","decl":{"start":{"line":376,"column":17},"end":{"line":376,"column":18}},"loc":{"start":{"line":376,"column":26},"end":{"line":379,"column":5}}},"24":{"name":"(anonymous_26)","decl":{"start":{"line":383,"column":38},"end":{"line":383,"column":39}},"loc":{"start":{"line":383,"column":43},"end":{"line":383,"column":48}}},"25":{"name":"cacheWarmup","decl":{"start":{"line":402,"column":22},"end":{"line":402,"column":33}},"loc":{"start":{"line":403,"column":75},"end":{"line":416,"column":1}}},"26":{"name":"cacheTTL","decl":{"start":{"line":421,"column":22},"end":{"line":421,"column":30}},"loc":{"start":{"line":421,"column":42},"end":{"line":434,"column":1}}},"27":{"name":"cacheExpire","decl":{"start":{"line":439,"column":22},"end":{"line":439,"column":33}},"loc":{"start":{"line":439,"column":63},"end":{"line":453,"column":1}}},"28":{"name":"preloadCache","decl":{"start":{"line":458,"column":22},"end":{"line":458,"column":34}},"loc":{"start":{"line":458,"column":49},"end":{"line":482,"column":1}}},"29":{"name":"initCache","decl":{"start":{"line":487,"column":22},"end":{"line":487,"column":31}},"loc":{"start":{"line":487,"column":31},"end":{"line":502,"column":1}}}},"branchMap":{"0":{"loc":{"start":{"line":41,"column":2},"end":{"line":41,"column":28}},"type":"if","locations":[{"start":{"line":41,"column":2},"end":{"line":41,"column":28}}]},"1":{"loc":{"start":{"line":45,"column":4},"end":{"line":45,"column":27}},"type":"if","locations":[{"start":{"line":45,"column":4},"end":{"line":45,"column":27}}]},"2":{"loc":{"start":{"line":47,"column":4},"end":{"line":47,"column":54}},"type":"if","locations":[{"start":{"line":47,"column":4},"end":{"line":47,"column":54}}]},"3":{"loc":{"start":{"line":47,"column":8},"end":{"line":47,"column":45}},"type":"binary-expr","locations":[{"start":{"line":47,"column":8},"end":{"line":47,"column":15}},{"start":{"line":47,"column":19},"end":{"line":47,"column":45}}]},"4":{"loc":{"start":{"line":49,"column":12},"end":{"line":49,"column":61}},"type":"cond-expr","locations":[{"start":{"line":49,"column":46},"end":{"line":49,"column":57}},{"start":{"line":49,"column":60},"end":{"line":49,"column":61}}]},"5":{"loc":{"start":{"line":50,"column":14},"end":{"line":50,"column":67}},"type":"cond-expr","locations":[{"start":{"line":50,"column":50},"end":{"line":50,"column":63}},{"start":{"line":50,"column":66},"end":{"line":50,"column":67}}]},"6":{"loc":{"start":{"line":51,"column":17},"end":{"line":51,"column":76}},"type":"cond-expr","locations":[{"start":{"line":51,"column":56},"end":{"line":51,"column":72}},{"start":{"line":51,"column":75},"end":{"line":51,"column":76}}]},"7":{"loc":{"start":{"line":52,"column":12},"end":{"line":52,"column":61}},"type":"cond-expr","locations":[{"start":{"line":52,"column":46},"end":{"line":52,"column":57}},{"start":{"line":52,"column":60},"end":{"line":52,"column":61}}]},"8":{"loc":{"start":{"line":61,"column":33},"end":{"line":61,"column":82}},"type":"binary-expr","locations":[{"start":{"line":61,"column":33},"end":{"line":61,"column":61}},{"start":{"line":61,"column":65},"end":{"line":61,"column":82}}]},"9":{"loc":{"start":{"line":68,"column":53},"end":{"line":68,"column":71}},"type":"default-arg","locations":[{"start":{"line":68,"column":70},"end":{"line":68,"column":71}}]},"10":{"loc":{"start":{"line":71,"column":4},"end":{"line":90,"column":5}},"type":"switch","locations":[{"start":{"line":72,"column":6},"end":{"line":74,"column":14}},{"start":{"line":75,"column":6},"end":{"line":77,"column":14}},{"start":{"line":78,"column":6},"end":{"line":81,"column":14}},{"start":{"line":82,"column":6},"end":{"line":82,"column":19}},{"start":{"line":83,"column":6},"end":{"line":85,"column":14}},{"start":{"line":86,"column":6},"end":{"line":87,"column":14}},{"start":{"line":88,"column":6},"end":{"line":89,"column":14}}]},"11":{"loc":{"start":{"line":92,"column":4},"end":{"line":94,"column":5}},"type":"if","locations":[{"start":{"line":92,"column":4},"end":{"line":94,"column":5}}]},"12":{"loc":{"start":{"line":92,"column":8},"end":{"line":92,"column":69}},"type":"binary-expr","locations":[{"start":{"line":92,"column":8},"end":{"line":92,"column":24}},{"start":{"line":92,"column":28},"end":{"line":92,"column":47}},{"start":{"line":92,"column":51},"end":{"line":92,"column":69}}]},"13":{"loc":{"start":{"line":109,"column":2},"end":{"line":109,"column":25}},"type":"default-arg","locations":[{"start":{"line":109,"column":18},"end":{"line":109,"column":25}}]},"14":{"loc":{"start":{"line":137,"column":4},"end":{"line":141,"column":5}},"type":"if","locations":[{"start":{"line":137,"column":4},"end":{"line":141,"column":5}}]},"15":{"loc":{"start":{"line":146,"column":4},"end":{"line":151,"column":5}},"type":"if","locations":[{"start":{"line":146,"column":4},"end":{"line":151,"column":5}}]},"16":{"loc":{"start":{"line":189,"column":4},"end":{"line":189,"column":30}},"type":"if","locations":[{"start":{"line":189,"column":4},"end":{"line":189,"column":30}}]},"17":{"loc":{"start":{"line":204,"column":2},"end":{"line":204,"column":25}},"type":"default-arg","locations":[{"start":{"line":204,"column":18},"end":{"line":204,"column":25}}]},"18":{"loc":{"start":{"line":208,"column":2},"end":{"line":210,"column":3}},"type":"if","locations":[{"start":{"line":208,"column":2},"end":{"line":210,"column":3}}]},"19":{"loc":{"start":{"line":242,"column":44},"end":{"line":242,"column":93}},"type":"binary-expr","locations":[{"start":{"line":242,"column":44},"end":{"line":242,"column":72}},{"start":{"line":242,"column":76},"end":{"line":242,"column":93}}]},"20":{"loc":{"start":{"line":246,"column":4},"end":{"line":251,"column":5}},"type":"if","locations":[{"start":{"line":246,"column":4},"end":{"line":251,"column":5}}]},"21":{"loc":{"start":{"line":253,"column":4},"end":{"line":256,"column":5}},"type":"if","locations":[{"start":{"line":253,"column":4},"end":{"line":256,"column":5}}]},"22":{"loc":{"start":{"line":283,"column":18},"end":{"line":283,"column":65}},"type":"cond-expr","locations":[{"start":{"line":283,"column":30},"end":{"line":283,"column":61}},{"start":{"line":283,"column":64},"end":{"line":283,"column":65}}]},"23":{"loc":{"start":{"line":294,"column":9},"end":{"line":294,"column":48}},"type":"cond-expr","locations":[{"start":{"line":294,"column":21},"end":{"line":294,"column":44}},{"start":{"line":294,"column":47},"end":{"line":294,"column":48}}]},"24":{"loc":{"start":{"line":309,"column":44},"end":{"line":309,"column":93}},"type":"binary-expr","locations":[{"start":{"line":309,"column":44},"end":{"line":309,"column":72}},{"start":{"line":309,"column":76},"end":{"line":309,"column":93}}]},"25":{"loc":{"start":{"line":315,"column":6},"end":{"line":315,"column":28}},"type":"if","locations":[{"start":{"line":315,"column":6},"end":{"line":315,"column":28}}]},"26":{"loc":{"start":{"line":320,"column":8},"end":{"line":323,"column":9}},"type":"if","locations":[{"start":{"line":320,"column":8},"end":{"line":323,"column":9}}]},"27":{"loc":{"start":{"line":331,"column":4},"end":{"line":333,"column":5}},"type":"if","locations":[{"start":{"line":331,"column":4},"end":{"line":333,"column":5}}]},"28":{"loc":{"start":{"line":350,"column":44},"end":{"line":350,"column":93}},"type":"binary-expr","locations":[{"start":{"line":350,"column":44},"end":{"line":350,"column":72}},{"start":{"line":350,"column":76},"end":{"line":350,"column":93}}]},"29":{"loc":{"start":{"line":352,"column":4},"end":{"line":354,"column":5}},"type":"if","locations":[{"start":{"line":352,"column":4},"end":{"line":354,"column":5}}]},"30":{"loc":{"start":{"line":361,"column":6},"end":{"line":361,"column":28}},"type":"if","locations":[{"start":{"line":361,"column":6},"end":{"line":361,"column":28}}]},"31":{"loc":{"start":{"line":377,"column":6},"end":{"line":377,"column":52}},"type":"if","locations":[{"start":{"line":377,"column":6},"end":{"line":377,"column":52}}]},"32":{"loc":{"start":{"line":385,"column":4},"end":{"line":388,"column":5}},"type":"if","locations":[{"start":{"line":385,"column":4},"end":{"line":388,"column":5}}]},"33":{"loc":{"start":{"line":424,"column":4},"end":{"line":424,"column":29}},"type":"if","locations":[{"start":{"line":424,"column":4},"end":{"line":424,"column":29}}]},"34":{"loc":{"start":{"line":430,"column":11},"end":{"line":430,"column":40}},"type":"cond-expr","locations":[{"start":{"line":430,"column":27},"end":{"line":430,"column":36}},{"start":{"line":430,"column":39},"end":{"line":430,"column":40}}]},"35":{"loc":{"start":{"line":442,"column":4},"end":{"line":442,"column":30}},"type":"if","locations":[{"start":{"line":442,"column":4},"end":{"line":442,"column":30}}]},"36":{"loc":{"start":{"line":474,"column":4},"end":{"line":476,"column":5}},"type":"if","locations":[{"start":{"line":474,"column":4},"end":{"line":476,"column":5}}]}},"s":{"0":1,"1":1,"2":1,"3":1,"4":1,"5":1,"6":1,"7":1,"8":1,"9":1,"10":1,"11":1,"12":1,"13":1,"14":1,"15":1,"16":1,"17":1,"18":1,"19":1,"20":1,"21":1,"22":1,"23":1,"24":1,"25":1,"26":37,"27":14,"28":23,"29":23,"30":23,"31":22,"32":21,"33":1,"34":1,"35":0,"36":1,"37":1,"38":19,"39":19,"40":21,"41":37,"42":34,"43":34,"44":34,"45":9,"46":9,"47":7,"48":7,"49":2,"50":2,"51":2,"52":7,"53":7,"54":9,"55":0,"56":34,"57":16,"58":34,"59":34,"60":0,"61":9,"62":9,"63":9,"64":9,"65":9,"66":9,"67":0,"68":0,"69":16,"70":16,"71":16,"72":15,"73":5,"74":5,"75":5,"76":10,"77":10,"78":1,"79":1,"80":1,"81":1,"82":9,"83":9,"84":9,"85":9,"86":9,"87":1,"88":1,"89":1,"90":1,"91":2,"92":2,"93":2,"94":2,"95":2,"96":0,"97":0,"98":4,"99":4,"100":4,"101":1,"102":3,"103":2,"104":1,"105":3,"106":3,"107":1,"108":2,"109":1,"110":1,"111":1,"112":3,"113":3,"114":5,"115":3,"116":3,"117":3,"118":2,"119":6,"120":2,"121":2,"122":1,"123":1,"124":3,"125":2,"126":2,"127":2,"128":2,"129":2,"130":1,"131":1,"132":1,"133":3,"134":3,"135":3,"136":3,"137":3,"138":3,"139":3,"140":3,"141":0,"142":0,"143":0,"144":1,"145":1,"146":42,"147":42,"148":5,"149":5,"150":5,"151":3,"152":105,"153":3,"154":3,"155":105,"156":105,"157":0,"158":105,"159":105,"160":104,"161":103,"162":103,"163":1,"164":1,"165":3,"166":3,"167":3,"168":3,"169":2,"170":2,"171":2,"172":6,"173":6,"174":6,"175":5,"176":210,"177":5,"178":3,"179":2,"180":2,"181":204,"182":204,"183":0,"184":204,"185":204,"186":203,"187":1,"188":2,"189":585,"190":238,"191":347,"192":2,"193":2,"194":3,"195":2,"196":2,"197":2,"198":2,"199":2,"200":1,"201":1,"202":1,"203":2,"204":2,"205":2,"206":1,"207":1,"208":1,"209":1,"210":1,"211":1,"212":4,"213":4,"214":4,"215":1,"216":3,"217":2,"218":2,"219":2,"220":1,"221":3,"222":3,"223":3,"224":1,"225":2,"226":1,"227":1,"228":1,"229":1,"230":1,"231":1,"232":1,"233":1,"234":1,"235":0,"236":1,"237":0,"238":0,"239":2,"240":2,"241":2,"242":2,"243":2,"244":2,"245":0,"246":0,"247":1},"f":{"0":37,"1":19,"2":21,"3":37,"4":34,"5":16,"6":2,"7":4,"8":3,"9":1,"10":3,"11":3,"12":5,"13":3,"14":6,"15":3,"16":3,"17":1,"18":42,"19":5,"20":105,"21":6,"22":210,"23":585,"24":3,"25":2,"26":4,"27":3,"28":1,"29":2},"b":{"0":[14],"1":[21],"2":[0],"3":[1,1],"4":[1,0],"5":[1,0],"6":[0,1],"7":[0,1],"8":[21,20],"9":[27],"10":[9,7,2,5,7,9,0],"11":[16],"12":[34,25,23],"13":[2],"14":[5],"15":[1],"16":[1],"17":[2],"18":[1],"19":[6,5],"20":[1],"21":[2],"22":[1,2],"23":[1,0],"24":[105,105],"25":[0],"26":[103],"27":[3],"28":[210,210],"29":[3],"30":[0],"31":[238],"32":[2],"33":[1],"34":[1,1],"35":[1],"36":[0]}}
,"/Users/rehanrizvi/perched-app/services/imageCDN.ts": {"path":"/Users/rehanrizvi/perched-app/services/imageCDN.ts","statementMap":{"0":{"start":{"line":45,"column":0},"end":{"line":45,"column":7}},"1":{"start":{"line":59,"column":0},"end":{"line":59,"column":7}},"2":{"start":{"line":94,"column":0},"end":{"line":94,"column":7}},"3":{"start":{"line":137,"column":0},"end":{"line":137,"column":16}},"4":{"start":{"line":156,"column":0},"end":{"line":156,"column":7}},"5":{"start":{"line":194,"column":0},"end":{"line":194,"column":7}},"6":{"start":{"line":213,"column":0},"end":{"line":213,"column":7}},"7":{"start":{"line":226,"column":0},"end":{"line":226,"column":7}},"8":{"start":{"line":252,"column":0},"end":{"line":252,"column":7}},"9":{"start":{"line":314,"column":0},"end":{"line":314,"column":7}},"10":{"start":{"line":356,"column":0},"end":{"line":356,"column":16}},"11":{"start":{"line":372,"column":0},"end":{"line":372,"column":7}},"12":{"start":{"line":7,"column":0},"end":{"line":7,"column":40}},"13":{"start":{"line":8,"column":0},"end":{"line":8,"column":50}},"14":{"start":{"line":9,"column":0},"end":{"line":9,"column":59}},"15":{"start":{"line":10,"column":0},"end":{"line":10,"column":47}},"16":{"start":{"line":11,"column":0},"end":{"line":11,"column":69}},"17":{"start":{"line":30,"column":24},"end":{"line":30,"column":76}},"18":{"start":{"line":31,"column":22},"end":{"line":31,"column":45}},"19":{"start":{"line":32,"column":23},"end":{"line":32,"column":40}},"20":{"start":{"line":34,"column":63},"end":{"line":40,"column":2}},"21":{"start":{"line":46,"column":2},"end":{"line":53,"column":3}},"22":{"start":{"line":47,"column":20},"end":{"line":47,"column":66}},"23":{"start":{"line":48,"column":4},"end":{"line":50,"column":5}},"24":{"start":{"line":49,"column":6},"end":{"line":49,"column":84}},"25":{"start":{"line":52,"column":4},"end":{"line":52,"column":56}},"26":{"start":{"line":64,"column":2},"end":{"line":88,"column":3}},"27":{"start":{"line":65,"column":15},"end":{"line":65,"column":31}},"28":{"start":{"line":66,"column":4},"end":{"line":66,"column":74}},"29":{"start":{"line":66,"column":13},"end":{"line":66,"column":74}},"30":{"start":{"line":69,"column":22},"end":{"line":69,"column":82}},"31":{"start":{"line":71,"column":4},"end":{"line":73,"column":5}},"32":{"start":{"line":72,"column":6},"end":{"line":72,"column":67}},"33":{"start":{"line":76,"column":20},"end":{"line":76,"column":32}},"34":{"start":{"line":77,"column":16},"end":{"line":77,"column":33}},"35":{"start":{"line":79,"column":17},"end":{"line":79,"column":67}},"36":{"start":{"line":79,"column":56},"end":{"line":79,"column":66}},"37":{"start":{"line":80,"column":4},"end":{"line":80,"column":24}},"38":{"start":{"line":82,"column":24},"end":{"line":82,"column":50}},"39":{"start":{"line":84,"column":4},"end":{"line":84,"column":47}},"40":{"start":{"line":86,"column":4},"end":{"line":86,"column":52}},"41":{"start":{"line":87,"column":4},"end":{"line":87,"column":54}},"42":{"start":{"line":98,"column":2},"end":{"line":131,"column":3}},"43":{"start":{"line":99,"column":47},"end":{"line":99,"column":49}},"44":{"start":{"line":102,"column":4},"end":{"line":109,"column":5}},"45":{"start":{"line":103,"column":6},"end":{"line":108,"column":9}},"46":{"start":{"line":112,"column":19},"end":{"line":116,"column":40}},"47":{"start":{"line":118,"column":19},"end":{"line":124,"column":null}},"48":{"start":{"line":127,"column":4},"end":{"line":127,"column":18}},"49":{"start":{"line":129,"column":4},"end":{"line":129,"column":54}},"50":{"start":{"line":130,"column":4},"end":{"line":130,"column":16}},"51":{"start":{"line":150,"column":2},"end":{"line":150,"column":21}},"52":{"start":{"line":160,"column":2},"end":{"line":188,"column":3}},"53":{"start":{"line":161,"column":16},"end":{"line":161,"column":49}},"54":{"start":{"line":162,"column":22},"end":{"line":162,"column":48}},"55":{"start":{"line":165,"column":21},"end":{"line":165,"column":61}},"56":{"start":{"line":166,"column":4},"end":{"line":172,"column":5}},"57":{"start":{"line":168,"column":24},"end":{"line":168,"column":51}},"58":{"start":{"line":169,"column":6},"end":{"line":171,"column":7}},"59":{"start":{"line":170,"column":8},"end":{"line":170,"column":25}},"60":{"start":{"line":175,"column":27},"end":{"line":175,"column":73}},"61":{"start":{"line":178,"column":4},"end":{"line":182,"column":7}},"62":{"start":{"line":184,"column":4},"end":{"line":184,"column":30}},"63":{"start":{"line":186,"column":4},"end":{"line":186,"column":51}},"64":{"start":{"line":187,"column":4},"end":{"line":187,"column":16}},"65":{"start":{"line":199,"column":19},"end":{"line":199,"column":46}},"66":{"start":{"line":200,"column":17},"end":{"line":200,"column":48}},"67":{"start":{"line":202,"column":2},"end":{"line":204,"column":3}},"68":{"start":{"line":203,"column":4},"end":{"line":203,"column":18}},"69":{"start":{"line":207,"column":2},"end":{"line":207,"column":13}},"70":{"start":{"line":214,"column":2},"end":{"line":220,"column":3}},"71":{"start":{"line":215,"column":4},"end":{"line":217,"column":6}},"72":{"start":{"line":216,"column":22},"end":{"line":216,"column":37}},"73":{"start":{"line":219,"column":4},"end":{"line":219,"column":54}},"74":{"start":{"line":227,"column":2},"end":{"line":246,"column":3}},"75":{"start":{"line":228,"column":20},"end":{"line":228,"column":66}},"76":{"start":{"line":229,"column":4},"end":{"line":229,"column":34}},"77":{"start":{"line":229,"column":25},"end":{"line":229,"column":34}},"78":{"start":{"line":231,"column":18},"end":{"line":231,"column":70}},"79":{"start":{"line":232,"column":23},"end":{"line":232,"column":24}},"80":{"start":{"line":234,"column":4},"end":{"line":237,"column":5}},"81":{"start":{"line":235,"column":6},"end":{"line":235,"column":86}},"82":{"start":{"line":236,"column":6},"end":{"line":236,"column":21}},"83":{"start":{"line":240,"column":4},"end":{"line":240,"column":59}},"84":{"start":{"line":242,"column":4},"end":{"line":242,"column":24}},"85":{"start":{"line":244,"column":4},"end":{"line":244,"column":57}},"86":{"start":{"line":245,"column":4},"end":{"line":245,"column":13}},"87":{"start":{"line":253,"column":2},"end":{"line":308,"column":3}},"88":{"start":{"line":254,"column":20},"end":{"line":254,"column":66}},"89":{"start":{"line":255,"column":4},"end":{"line":255,"column":34}},"90":{"start":{"line":255,"column":25},"end":{"line":255,"column":34}},"91":{"start":{"line":257,"column":18},"end":{"line":257,"column":70}},"92":{"start":{"line":258,"column":16},"end":{"line":258,"column":26}},"93":{"start":{"line":259,"column":23},"end":{"line":259,"column":24}},"94":{"start":{"line":260,"column":20},"end":{"line":260,"column":21}},"95":{"start":{"line":262,"column":80},"end":{"line":262,"column":82}},"96":{"start":{"line":265,"column":4},"end":{"line":278,"column":5}},"97":{"start":{"line":266,"column":23},"end":{"line":266,"column":50}},"98":{"start":{"line":267,"column":19},"end":{"line":267,"column":58}},"99":{"start":{"line":268,"column":23},"end":{"line":268,"column":51}},"100":{"start":{"line":270,"column":6},"end":{"line":277,"column":7}},"101":{"start":{"line":271,"column":8},"end":{"line":275,"column":11}},"102":{"start":{"line":276,"column":8},"end":{"line":276,"column":31}},"103":{"start":{"line":281,"column":4},"end":{"line":287,"column":5}},"104":{"start":{"line":282,"column":6},"end":{"line":286,"column":7}},"105":{"start":{"line":283,"column":8},"end":{"line":283,"column":97}},"106":{"start":{"line":284,"column":8},"end":{"line":284,"column":23}},"107":{"start":{"line":285,"column":8},"end":{"line":285,"column":35}},"108":{"start":{"line":290,"column":4},"end":{"line":302,"column":5}},"109":{"start":{"line":291,"column":21},"end":{"line":293,"column":50}},"110":{"start":{"line":292,"column":21},"end":{"line":292,"column":55}},"111":{"start":{"line":293,"column":24},"end":{"line":293,"column":49}},"112":{"start":{"line":295,"column":6},"end":{"line":301,"column":7}},"113":{"start":{"line":296,"column":8},"end":{"line":296,"column":47}},"114":{"start":{"line":296,"column":41},"end":{"line":296,"column":47}},"115":{"start":{"line":298,"column":8},"end":{"line":298,"column":97}},"116":{"start":{"line":299,"column":8},"end":{"line":299,"column":23}},"117":{"start":{"line":300,"column":8},"end":{"line":300,"column":35}},"118":{"start":{"line":304,"column":4},"end":{"line":304,"column":24}},"119":{"start":{"line":306,"column":4},"end":{"line":306,"column":59}},"120":{"start":{"line":307,"column":4},"end":{"line":307,"column":13}},"121":{"start":{"line":319,"column":2},"end":{"line":350,"column":3}},"122":{"start":{"line":320,"column":20},"end":{"line":320,"column":66}},"123":{"start":{"line":321,"column":4},"end":{"line":323,"column":5}},"124":{"start":{"line":322,"column":6},"end":{"line":322,"column":59}},"125":{"start":{"line":325,"column":18},"end":{"line":325,"column":70}},"126":{"start":{"line":326,"column":20},"end":{"line":326,"column":21}},"127":{"start":{"line":327,"column":26},"end":{"line":327,"column":36}},"128":{"start":{"line":329,"column":4},"end":{"line":340,"column":5}},"129":{"start":{"line":330,"column":23},"end":{"line":330,"column":50}},"130":{"start":{"line":331,"column":19},"end":{"line":331,"column":58}},"131":{"start":{"line":332,"column":23},"end":{"line":332,"column":51}},"132":{"start":{"line":334,"column":6},"end":{"line":339,"column":7}},"133":{"start":{"line":335,"column":8},"end":{"line":335,"column":31}},"134":{"start":{"line":336,"column":8},"end":{"line":338,"column":9}},"135":{"start":{"line":337,"column":10},"end":{"line":337,"column":47}},"136":{"start":{"line":342,"column":4},"end":{"line":346,"column":6}},"137":{"start":{"line":348,"column":4},"end":{"line":348,"column":55}},"138":{"start":{"line":349,"column":4},"end":{"line":349,"column":57}},"139":{"start":{"line":360,"column":2},"end":{"line":366,"column":16}},"140":{"start":{"line":362,"column":21},"end":{"line":362,"column":39}},"141":{"start":{"line":363,"column":18},"end":{"line":363,"column":53}},"142":{"start":{"line":364,"column":6},"end":{"line":364,"column":39}},"143":{"start":{"line":375,"column":2},"end":{"line":379,"column":4}},"144":{"start":{"line":377,"column":6},"end":{"line":377,"column":42}},"145":{"start":{"line":385,"column":15},"end":{"line":385,"column":30}},"146":{"start":{"line":386,"column":2},"end":{"line":386,"column":41}},"147":{"start":{"line":390,"column":13},"end":{"line":390,"column":14}},"148":{"start":{"line":391,"column":2},"end":{"line":395,"column":3}},"149":{"start":{"line":391,"column":15},"end":{"line":391,"column":16}},"150":{"start":{"line":392,"column":17},"end":{"line":392,"column":34}},"151":{"start":{"line":393,"column":4},"end":{"line":393,"column":37}},"152":{"start":{"line":394,"column":4},"end":{"line":394,"column":23}},"153":{"start":{"line":396,"column":2},"end":{"line":396,"column":37}},"154":{"start":{"line":400,"column":2},"end":{"line":408,"column":3}},"155":{"start":{"line":401,"column":25},"end":{"line":401,"column":76}},"156":{"start":{"line":402,"column":4},"end":{"line":402,"column":35}},"157":{"start":{"line":402,"column":23},"end":{"line":402,"column":35}},"158":{"start":{"line":404,"column":21},"end":{"line":404,"column":45}},"159":{"start":{"line":405,"column":4},"end":{"line":405,"column":33}},"160":{"start":{"line":407,"column":4},"end":{"line":407,"column":16}},"161":{"start":{"line":412,"column":2},"end":{"line":421,"column":3}},"162":{"start":{"line":413,"column":25},"end":{"line":413,"column":76}},"163":{"start":{"line":414,"column":21},"end":{"line":414,"column":65}},"164":{"start":{"line":416,"column":4},"end":{"line":416,"column":25}},"165":{"start":{"line":418,"column":4},"end":{"line":418,"column":82}},"166":{"start":{"line":420,"column":4},"end":{"line":420,"column":59}},"167":{"start":{"line":424,"column":0},"end":{"line":437,"column":2}}},"fnMap":{"0":{"name":"initImageCache","decl":{"start":{"line":45,"column":22},"end":{"line":45,"column":36}},"loc":{"start":{"line":45,"column":36},"end":{"line":54,"column":1}}},"1":{"name":"uploadImage","decl":{"start":{"line":59,"column":22},"end":{"line":59,"column":33}},"loc":{"start":{"line":62,"column":33},"end":{"line":89,"column":1}}},"2":{"name":"(anonymous_12)","decl":{"start":{"line":79,"column":49},"end":{"line":79,"column":52}},"loc":{"start":{"line":79,"column":56},"end":{"line":79,"column":66}}},"3":{"name":"optimizeImage","decl":{"start":{"line":94,"column":22},"end":{"line":94,"column":35}},"loc":{"start":{"line":96,"column":54},"end":{"line":132,"column":1}}},"4":{"name":"getOptimizedImageURL","decl":{"start":{"line":137,"column":16},"end":{"line":137,"column":36}},"loc":{"start":{"line":140,"column":34},"end":{"line":151,"column":1}}},"5":{"name":"cacheImage","decl":{"start":{"line":156,"column":22},"end":{"line":156,"column":32}},"loc":{"start":{"line":158,"column":19},"end":{"line":189,"column":1}}},"6":{"name":"getCachedImage","decl":{"start":{"line":194,"column":22},"end":{"line":194,"column":36}},"loc":{"start":{"line":196,"column":28},"end":{"line":208,"column":1}}},"7":{"name":"preloadImages","decl":{"start":{"line":213,"column":22},"end":{"line":213,"column":35}},"loc":{"start":{"line":213,"column":50},"end":{"line":221,"column":1}}},"8":{"name":"(anonymous_18)","decl":{"start":{"line":216,"column":15},"end":{"line":216,"column":18}},"loc":{"start":{"line":216,"column":22},"end":{"line":216,"column":37}}},"9":{"name":"clearImageCache","decl":{"start":{"line":226,"column":22},"end":{"line":226,"column":37}},"loc":{"start":{"line":226,"column":37},"end":{"line":247,"column":1}}},"10":{"name":"cleanupImageCache","decl":{"start":{"line":252,"column":22},"end":{"line":252,"column":39}},"loc":{"start":{"line":252,"column":39},"end":{"line":309,"column":1}}},"11":{"name":"(anonymous_21)","decl":{"start":{"line":292,"column":16},"end":{"line":292,"column":17}},"loc":{"start":{"line":292,"column":21},"end":{"line":292,"column":55}}},"12":{"name":"(anonymous_22)","decl":{"start":{"line":293,"column":14},"end":{"line":293,"column":15}},"loc":{"start":{"line":293,"column":24},"end":{"line":293,"column":49}}},"13":{"name":"getImageCacheStats","decl":{"start":{"line":314,"column":22},"end":{"line":314,"column":40}},"loc":{"start":{"line":314,"column":40},"end":{"line":351,"column":1}}},"14":{"name":"generateImageSrcSet","decl":{"start":{"line":356,"column":16},"end":{"line":356,"column":35}},"loc":{"start":{"line":358,"column":51},"end":{"line":367,"column":1}}},"15":{"name":"(anonymous_25)","decl":{"start":{"line":361,"column":9},"end":{"line":361,"column":13}},"loc":{"start":{"line":361,"column":16},"end":{"line":365,"column":5}}},"16":{"name":"batchUploadImages","decl":{"start":{"line":372,"column":22},"end":{"line":372,"column":39}},"loc":{"start":{"line":373,"column":84},"end":{"line":380,"column":1}}},"17":{"name":"(anonymous_27)","decl":{"start":{"line":376,"column":15},"end":{"line":376,"column":16}},"loc":{"start":{"line":377,"column":6},"end":{"line":377,"column":42}}},"18":{"name":"generateCacheKey","decl":{"start":{"line":384,"column":9},"end":{"line":384,"column":25}},"loc":{"start":{"line":384,"column":55},"end":{"line":387,"column":1}}},"19":{"name":"simpleHash","decl":{"start":{"line":389,"column":9},"end":{"line":389,"column":19}},"loc":{"start":{"line":389,"column":31},"end":{"line":397,"column":1}}},"20":{"name":"getCacheMetadata","decl":{"start":{"line":399,"column":15},"end":{"line":399,"column":31}},"loc":{"start":{"line":399,"column":43},"end":{"line":409,"column":1}}},"21":{"name":"saveCacheMetadata","decl":{"start":{"line":411,"column":15},"end":{"line":411,"column":32}},"loc":{"start":{"line":411,"column":63},"end":{"line":422,"column":1}}}},"branchMap":{"0":{"loc":{"start":{"line":30,"column":28},"end":{"line":30,"column":67}},"type":"binary-expr","locations":[{"start":{"line":30,"column":28},"end":{"line":30,"column":61}},{"start":{"line":30,"column":65},"end":{"line":30,"column":67}}]},"1":{"loc":{"start":{"line":48,"column":4},"end":{"line":50,"column":5}},"type":"if","locations":[{"start":{"line":48,"column":4},"end":{"line":50,"column":5}}]},"2":{"loc":{"start":{"line":66,"column":4},"end":{"line":66,"column":74}},"type":"if","locations":[{"start":{"line":66,"column":4},"end":{"line":66,"column":74}}]},"3":{"loc":{"start":{"line":69,"column":52},"end":{"line":69,"column":81}},"type":"binary-expr","locations":[{"start":{"line":69,"column":52},"end":{"line":69,"column":59}},{"start":{"line":69,"column":63},"end":{"line":69,"column":81}}]},"4":{"loc":{"start":{"line":71,"column":4},"end":{"line":73,"column":5}},"type":"if","locations":[{"start":{"line":71,"column":4},"end":{"line":73,"column":5}}]},"5":{"loc":{"start":{"line":96,"column":2},"end":{"line":96,"column":54}},"type":"default-arg","locations":[{"start":{"line":96,"column":35},"end":{"line":96,"column":54}}]},"6":{"loc":{"start":{"line":102,"column":4},"end":{"line":109,"column":5}},"type":"if","locations":[{"start":{"line":102,"column":4},"end":{"line":109,"column":5}}]},"7":{"loc":{"start":{"line":102,"column":8},"end":{"line":102,"column":39}},"type":"binary-expr","locations":[{"start":{"line":102,"column":8},"end":{"line":102,"column":21}},{"start":{"line":102,"column":25},"end":{"line":102,"column":39}}]},"8":{"loc":{"start":{"line":112,"column":19},"end":{"line":116,"column":40}},"type":"cond-expr","locations":[{"start":{"line":113,"column":8},"end":{"line":113,"column":40}},{"start":{"line":114,"column":8},"end":{"line":116,"column":40}}]},"9":{"loc":{"start":{"line":112,"column":19},"end":{"line":112,"column":73}},"type":"binary-expr","locations":[{"start":{"line":112,"column":19},"end":{"line":112,"column":44}},{"start":{"line":112,"column":48},"end":{"line":112,"column":73}}]},"10":{"loc":{"start":{"line":114,"column":8},"end":{"line":116,"column":40}},"type":"cond-expr","locations":[{"start":{"line":115,"column":8},"end":{"line":115,"column":39}},{"start":{"line":116,"column":8},"end":{"line":116,"column":40}}]},"11":{"loc":{"start":{"line":122,"column":19},"end":{"line":122,"column":40}},"type":"binary-expr","locations":[{"start":{"line":122,"column":19},"end":{"line":122,"column":34}},{"start":{"line":122,"column":38},"end":{"line":122,"column":40}}]},"12":{"loc":{"start":{"line":139,"column":2},"end":{"line":139,"column":28}},"type":"default-arg","locations":[{"start":{"line":139,"column":20},"end":{"line":139,"column":28}}]},"13":{"loc":{"start":{"line":161,"column":16},"end":{"line":161,"column":49}},"type":"binary-expr","locations":[{"start":{"line":161,"column":16},"end":{"line":161,"column":24}},{"start":{"line":161,"column":28},"end":{"line":161,"column":49}}]},"14":{"loc":{"start":{"line":166,"column":4},"end":{"line":172,"column":5}},"type":"if","locations":[{"start":{"line":166,"column":4},"end":{"line":172,"column":5}}]},"15":{"loc":{"start":{"line":169,"column":6},"end":{"line":171,"column":7}},"type":"if","locations":[{"start":{"line":169,"column":6},"end":{"line":171,"column":7}}]},"16":{"loc":{"start":{"line":169,"column":10},"end":{"line":169,"column":71}},"type":"binary-expr","locations":[{"start":{"line":169,"column":10},"end":{"line":169,"column":19}},{"start":{"line":169,"column":23},"end":{"line":169,"column":71}}]},"17":{"loc":{"start":{"line":180,"column":12},"end":{"line":180,"column":52}},"type":"cond-expr","locations":[{"start":{"line":180,"column":30},"end":{"line":180,"column":48}},{"start":{"line":180,"column":51},"end":{"line":180,"column":52}}]},"18":{"loc":{"start":{"line":180,"column":30},"end":{"line":180,"column":48}},"type":"binary-expr","locations":[{"start":{"line":180,"column":30},"end":{"line":180,"column":43}},{"start":{"line":180,"column":47},"end":{"line":180,"column":48}}]},"19":{"loc":{"start":{"line":196,"column":2},"end":{"line":196,"column":28}},"type":"default-arg","locations":[{"start":{"line":196,"column":20},"end":{"line":196,"column":28}}]},"20":{"loc":{"start":{"line":202,"column":2},"end":{"line":204,"column":3}},"type":"if","locations":[{"start":{"line":202,"column":2},"end":{"line":204,"column":3}}]},"21":{"loc":{"start":{"line":229,"column":4},"end":{"line":229,"column":34}},"type":"if","locations":[{"start":{"line":229,"column":4},"end":{"line":229,"column":34}}]},"22":{"loc":{"start":{"line":255,"column":4},"end":{"line":255,"column":34}},"type":"if","locations":[{"start":{"line":255,"column":4},"end":{"line":255,"column":34}}]},"23":{"loc":{"start":{"line":270,"column":6},"end":{"line":277,"column":7}},"type":"if","locations":[{"start":{"line":270,"column":6},"end":{"line":277,"column":7}}]},"24":{"loc":{"start":{"line":270,"column":10},"end":{"line":270,"column":34}},"type":"binary-expr","locations":[{"start":{"line":270,"column":10},"end":{"line":270,"column":21}},{"start":{"line":270,"column":25},"end":{"line":270,"column":34}}]},"25":{"loc":{"start":{"line":274,"column":21},"end":{"line":274,"column":45}},"type":"binary-expr","locations":[{"start":{"line":274,"column":21},"end":{"line":274,"column":40}},{"start":{"line":274,"column":44},"end":{"line":274,"column":45}}]},"26":{"loc":{"start":{"line":282,"column":6},"end":{"line":286,"column":7}},"type":"if","locations":[{"start":{"line":282,"column":6},"end":{"line":286,"column":7}}]},"27":{"loc":{"start":{"line":290,"column":4},"end":{"line":302,"column":5}},"type":"if","locations":[{"start":{"line":290,"column":4},"end":{"line":302,"column":5}}]},"28":{"loc":{"start":{"line":296,"column":8},"end":{"line":296,"column":47}},"type":"if","locations":[{"start":{"line":296,"column":8},"end":{"line":296,"column":47}}]},"29":{"loc":{"start":{"line":321,"column":4},"end":{"line":323,"column":5}},"type":"if","locations":[{"start":{"line":321,"column":4},"end":{"line":323,"column":5}}]},"30":{"loc":{"start":{"line":334,"column":6},"end":{"line":339,"column":7}},"type":"if","locations":[{"start":{"line":334,"column":6},"end":{"line":339,"column":7}}]},"31":{"loc":{"start":{"line":334,"column":10},"end":{"line":334,"column":34}},"type":"binary-expr","locations":[{"start":{"line":334,"column":10},"end":{"line":334,"column":21}},{"start":{"line":334,"column":25},"end":{"line":334,"column":34}}]},"32":{"loc":{"start":{"line":336,"column":8},"end":{"line":338,"column":9}},"type":"if","locations":[{"start":{"line":336,"column":8},"end":{"line":338,"column":9}}]},"33":{"loc":{"start":{"line":336,"column":12},"end":{"line":336,"column":60}},"type":"binary-expr","locations":[{"start":{"line":336,"column":12},"end":{"line":336,"column":20}},{"start":{"line":336,"column":24},"end":{"line":336,"column":60}}]},"34":{"loc":{"start":{"line":358,"column":2},"end":{"line":358,"column":51}},"type":"default-arg","locations":[{"start":{"line":358,"column":23},"end":{"line":358,"column":51}}]},"35":{"loc":{"start":{"line":386,"column":9},"end":{"line":386,"column":40}},"type":"cond-expr","locations":[{"start":{"line":386,"column":16},"end":{"line":386,"column":33}},{"start":{"line":386,"column":36},"end":{"line":386,"column":40}}]},"36":{"loc":{"start":{"line":402,"column":4},"end":{"line":402,"column":35}},"type":"if","locations":[{"start":{"line":402,"column":4},"end":{"line":402,"column":35}}]},"37":{"loc":{"start":{"line":405,"column":11},"end":{"line":405,"column":32}},"type":"binary-expr","locations":[{"start":{"line":405,"column":11},"end":{"line":405,"column":24}},{"start":{"line":405,"column":28},"end":{"line":405,"column":32}}]},"38":{"loc":{"start":{"line":414,"column":21},"end":{"line":414,"column":65}},"type":"cond-expr","locations":[{"start":{"line":414,"column":36},"end":{"line":414,"column":60}},{"start":{"line":414,"column":63},"end":{"line":414,"column":65}}]}},"s":{"0":1,"1":1,"2":1,"3":1,"4":1,"5":1,"6":1,"7":1,"8":1,"9":1,"10":1,"11":1,"12":1,"13":1,"14":1,"15":1,"16":1,"17":1,"18":1,"19":1,"20":1,"21":3,"22":3,"23":2,"24":1,"25":1,"26":8,"27":8,"28":8,"29":1,"30":7,"31":7,"32":2,"33":5,"34":5,"35":5,"36":5,"37":5,"38":4,"39":4,"40":1,"41":1,"42":11,"43":11,"44":11,"45":9,"46":11,"47":11,"48":8,"49":3,"50":3,"51":4,"52":9,"53":9,"54":9,"55":9,"56":6,"57":2,"58":2,"59":1,"60":5,"61":5,"62":5,"63":3,"64":3,"65":2,"66":2,"67":2,"68":1,"69":1,"70":2,"71":2,"72":3,"73":0,"74":3,"75":3,"76":2,"77":1,"78":1,"79":1,"80":1,"81":2,"82":2,"83":1,"84":1,"85":1,"86":1,"87":4,"88":4,"89":3,"90":1,"91":2,"92":2,"93":2,"94":2,"95":2,"96":2,"97":4,"98":4,"99":4,"100":4,"101":4,"102":4,"103":2,"104":4,"105":1,"106":1,"107":1,"108":2,"109":1,"110":2,"111":1,"112":1,"113":2,"114":1,"115":1,"116":1,"117":1,"118":2,"119":1,"120":1,"121":3,"122":3,"123":2,"124":1,"125":1,"126":1,"127":1,"128":1,"129":2,"130":2,"131":2,"132":2,"133":2,"134":2,"135":2,"136":1,"137":1,"138":1,"139":1,"140":3,"141":3,"142":3,"143":2,"144":4,"145":5,"146":5,"147":5,"148":5,"149":5,"150":117,"151":117,"152":117,"153":5,"154":8,"155":8,"156":8,"157":0,"158":8,"159":8,"160":0,"161":5,"162":5,"163":5,"164":5,"165":5,"166":0,"167":1},"f":{"0":3,"1":8,"2":5,"3":11,"4":4,"5":9,"6":2,"7":2,"8":3,"9":3,"10":4,"11":2,"12":1,"13":3,"14":1,"15":3,"16":2,"17":4,"18":5,"19":5,"20":8,"21":5},"b":{"0":[1,0],"1":[1],"2":[1],"3":[7,7],"4":[2],"5":[1],"6":[9],"7":[11,2],"8":[1,10],"9":[11,1],"10":[1,9],"11":[11,1],"12":[0],"13":[9,3],"14":[2],"15":[1],"16":[2,2],"17":[1,4],"18":[1,0],"19":[0],"20":[1],"21":[1],"22":[1],"23":[4],"24":[4,4],"25":[4,0],"26":[1],"27":[1],"28":[1],"29":[1],"30":[2],"31":[2,2],"32":[2],"33":[2,2],"34":[0],"35":[2,3],"36":[0],"37":[8,0],"38":[1,4]}}
,"/Users/rehanrizvi/perched-app/services/placeIntelligence.ts": {"path":"/Users/rehanrizvi/perched-app/services/placeIntelligence.ts","statementMap":{"0":{"start":{"line":436,"column":0},"end":{"line":436,"column":16}},"1":{"start":{"line":462,"column":0},"end":{"line":462,"column":7}},"2":{"start":{"line":1,"column":0},"end":{"line":1,"column":39}},"3":{"start":{"line":2,"column":0},"end":{"line":2,"column":51}},"4":{"start":{"line":3,"column":0},"end":{"line":3,"column":52}},"5":{"start":{"line":45,"column":28},"end":{"line":45,"column":42}},"6":{"start":{"line":46,"column":26},"end":{"line":46,"column":87}},"7":{"start":{"line":47,"column":25},"end":{"line":47,"column":90}},"8":{"start":{"line":48,"column":22},"end":{"line":48,"column":71}},"9":{"start":{"line":51,"column":2},"end":{"line":60,"column":4}},"10":{"start":{"line":64,"column":2},"end":{"line":64,"column":45}},"11":{"start":{"line":68,"column":2},"end":{"line":68,"column":32}},"12":{"start":{"line":68,"column":20},"end":{"line":68,"column":32}},"13":{"start":{"line":69,"column":2},"end":{"line":69,"column":59}},"14":{"start":{"line":69,"column":33},"end":{"line":69,"column":40}},"15":{"start":{"line":73,"column":2},"end":{"line":73,"column":46}},"16":{"start":{"line":73,"column":33},"end":{"line":73,"column":46}},"17":{"start":{"line":74,"column":2},"end":{"line":74,"column":34}},"18":{"start":{"line":74,"column":25},"end":{"line":74,"column":34}},"19":{"start":{"line":75,"column":2},"end":{"line":75,"column":37}},"20":{"start":{"line":75,"column":28},"end":{"line":75,"column":37}},"21":{"start":{"line":76,"column":2},"end":{"line":76,"column":35}},"22":{"start":{"line":76,"column":26},"end":{"line":76,"column":35}},"23":{"start":{"line":77,"column":2},"end":{"line":77,"column":14}},"24":{"start":{"line":81,"column":2},"end":{"line":81,"column":47}},"25":{"start":{"line":81,"column":30},"end":{"line":81,"column":47}},"26":{"start":{"line":82,"column":2},"end":{"line":82,"column":50}},"27":{"start":{"line":82,"column":31},"end":{"line":82,"column":50}},"28":{"start":{"line":83,"column":2},"end":{"line":83,"column":48}},"29":{"start":{"line":83,"column":31},"end":{"line":83,"column":48}},"30":{"start":{"line":84,"column":2},"end":{"line":84,"column":16}},"31":{"start":{"line":88,"column":2},"end":{"line":88,"column":31}},"32":{"start":{"line":88,"column":14},"end":{"line":88,"column":31}},"33":{"start":{"line":89,"column":21},"end":{"line":89,"column":33}},"34":{"start":{"line":90,"column":2},"end":{"line":90,"column":36}},"35":{"start":{"line":90,"column":19},"end":{"line":90,"column":36}},"36":{"start":{"line":91,"column":2},"end":{"line":91,"column":20}},"37":{"start":{"line":95,"column":2},"end":{"line":95,"column":77}},"38":{"start":{"line":99,"column":16},"end":{"line":99,"column":30}},"39":{"start":{"line":100,"column":2},"end":{"line":106,"column":4}},"40":{"start":{"line":110,"column":16},"end":{"line":110,"column":30}},"41":{"start":{"line":111,"column":2},"end":{"line":116,"column":4}},"42":{"start":{"line":120,"column":16},"end":{"line":120,"column":30}},"43":{"start":{"line":122,"column":5},"end":{"line":126,"column":6}},"44":{"start":{"line":127,"column":2},"end":{"line":127,"column":32}},"45":{"start":{"line":127,"column":16},"end":{"line":127,"column":32}},"46":{"start":{"line":128,"column":20},"end":{"line":128,"column":43}},"47":{"start":{"line":129,"column":2},"end":{"line":129,"column":28}},"48":{"start":{"line":129,"column":18},"end":{"line":129,"column":28}},"49":{"start":{"line":130,"column":17},"end":{"line":130,"column":37}},"50":{"start":{"line":131,"column":2},"end":{"line":131,"column":79}},"51":{"start":{"line":135,"column":42},"end":{"line":135,"column":44}},"52":{"start":{"line":136,"column":2},"end":{"line":144,"column":12}},"53":{"start":{"line":137,"column":31},"end":{"line":137,"column":63}},"54":{"start":{"line":138,"column":15},"end":{"line":138,"column":31}},"55":{"start":{"line":139,"column":17},"end":{"line":139,"column":42}},"56":{"start":{"line":140,"column":4},"end":{"line":143,"column":5}},"57":{"start":{"line":141,"column":22},"end":{"line":141,"column":45}},"58":{"start":{"line":142,"column":6},"end":{"line":142,"column":63}},"59":{"start":{"line":142,"column":19},"end":{"line":142,"column":63}},"60":{"start":{"line":146,"column":25},"end":{"line":146,"column":65}},"61":{"start":{"line":147,"column":2},"end":{"line":149,"column":3}},"62":{"start":{"line":148,"column":4},"end":{"line":148,"column":58}},"63":{"start":{"line":151,"column":2},"end":{"line":151,"column":17}},"64":{"start":{"line":155,"column":18},"end":{"line":155,"column":30}},"65":{"start":{"line":156,"column":2},"end":{"line":156,"column":30}},"66":{"start":{"line":156,"column":15},"end":{"line":156,"column":30}},"67":{"start":{"line":157,"column":15},"end":{"line":157,"column":50}},"68":{"start":{"line":157,"column":34},"end":{"line":157,"column":49}},"69":{"start":{"line":158,"column":2},"end":{"line":158,"column":21}},"70":{"start":{"line":159,"column":2},"end":{"line":159,"column":14}},"71":{"start":{"line":163,"column":21},"end":{"line":163,"column":90}},"72":{"start":{"line":164,"column":18},"end":{"line":164,"column":66}},"73":{"start":{"line":164,"column":35},"end":{"line":164,"column":54}},"74":{"start":{"line":165,"column":2},"end":{"line":173,"column":3}},"75":{"start":{"line":166,"column":16},"end":{"line":166,"column":73}},"76":{"start":{"line":167,"column":4},"end":{"line":167,"column":29}},"77":{"start":{"line":167,"column":17},"end":{"line":167,"column":29}},"78":{"start":{"line":168,"column":4},"end":{"line":168,"column":28}},"79":{"start":{"line":170,"column":4},"end":{"line":170,"column":16}},"80":{"start":{"line":172,"column":4},"end":{"line":172,"column":26}},"81":{"start":{"line":177,"column":2},"end":{"line":177,"column":39}},"82":{"start":{"line":177,"column":29},"end":{"line":177,"column":39}},"83":{"start":{"line":178,"column":2},"end":{"line":191,"column":46}},"84":{"start":{"line":180,"column":6},"end":{"line":180,"column":89}},"85":{"start":{"line":180,"column":77},"end":{"line":180,"column":89}},"86":{"start":{"line":181,"column":6},"end":{"line":189,"column":31}},"87":{"start":{"line":187,"column":47},"end":{"line":187,"column":91}},"88":{"start":{"line":195,"column":2},"end":{"line":195,"column":53}},"89":{"start":{"line":195,"column":43},"end":{"line":195,"column":53}},"90":{"start":{"line":196,"column":19},"end":{"line":196,"column":43}},"91":{"start":{"line":197,"column":2},"end":{"line":197,"column":27}},"92":{"start":{"line":197,"column":17},"end":{"line":197,"column":27}},"93":{"start":{"line":198,"column":19},"end":{"line":198,"column":128}},"94":{"start":{"line":199,"column":17},"end":{"line":199,"column":47}},"95":{"start":{"line":200,"column":2},"end":{"line":202,"column":3}},"96":{"start":{"line":201,"column":4},"end":{"line":201,"column":26}},"97":{"start":{"line":203,"column":2},"end":{"line":225,"column":5}},"98":{"start":{"line":204,"column":44},"end":{"line":208,"column":6}},"99":{"start":{"line":209,"column":20},"end":{"line":220,"column":null}},"100":{"start":{"line":222,"column":17},"end":{"line":222,"column":67}},"101":{"start":{"line":223,"column":4},"end":{"line":223,"column":70}},"102":{"start":{"line":224,"column":4},"end":{"line":224,"column":16}},"103":{"start":{"line":229,"column":2},"end":{"line":229,"column":45}},"104":{"start":{"line":229,"column":28},"end":{"line":229,"column":45}},"105":{"start":{"line":230,"column":2},"end":{"line":230,"column":39}},"106":{"start":{"line":230,"column":26},"end":{"line":230,"column":39}},"107":{"start":{"line":231,"column":2},"end":{"line":231,"column":40}},"108":{"start":{"line":231,"column":26},"end":{"line":231,"column":40}},"109":{"start":{"line":232,"column":2},"end":{"line":232,"column":20}},"110":{"start":{"line":236,"column":19},"end":{"line":236,"column":43}},"111":{"start":{"line":237,"column":21},"end":{"line":237,"column":36}},"112":{"start":{"line":238,"column":2},"end":{"line":238,"column":36}},"113":{"start":{"line":242,"column":2},"end":{"line":242,"column":34}},"114":{"start":{"line":242,"column":21},"end":{"line":242,"column":34}},"115":{"start":{"line":243,"column":2},"end":{"line":243,"column":35}},"116":{"start":{"line":243,"column":21},"end":{"line":243,"column":35}},"117":{"start":{"line":244,"column":2},"end":{"line":244,"column":20}},"118":{"start":{"line":248,"column":14},"end":{"line":248,"column":24}},"119":{"start":{"line":249,"column":22},"end":{"line":249,"column":36}},"120":{"start":{"line":251,"column":23},"end":{"line":251,"column":52}},"121":{"start":{"line":252,"column":29},"end":{"line":252,"column":58}},"122":{"start":{"line":253,"column":31},"end":{"line":253,"column":60}},"123":{"start":{"line":255,"column":2},"end":{"line":264,"column":5}},"124":{"start":{"line":256,"column":15},"end":{"line":256,"column":37}},"125":{"start":{"line":257,"column":4},"end":{"line":257,"column":20}},"126":{"start":{"line":257,"column":13},"end":{"line":257,"column":20}},"127":{"start":{"line":258,"column":17},"end":{"line":258,"column":40}},"128":{"start":{"line":259,"column":4},"end":{"line":259,"column":28}},"129":{"start":{"line":260,"column":4},"end":{"line":263,"column":5}},"130":{"start":{"line":261,"column":6},"end":{"line":261,"column":45}},"131":{"start":{"line":262,"column":6},"end":{"line":262,"column":38}},"132":{"start":{"line":266,"column":19},"end":{"line":266,"column":47}},"133":{"start":{"line":268,"column":4},"end":{"line":273,"column":10}},"134":{"start":{"line":270,"column":22},"end":{"line":270,"column":48}},"135":{"start":{"line":271,"column":8},"end":{"line":271,"column":42}},"136":{"start":{"line":272,"column":36},"end":{"line":272,"column":57}},"137":{"start":{"line":275,"column":39},"end":{"line":275,"column":41}},"138":{"start":{"line":276,"column":2},"end":{"line":294,"column":3}},"139":{"start":{"line":276,"column":20},"end":{"line":276,"column":21}},"140":{"start":{"line":277,"column":17},"end":{"line":277,"column":44}},"141":{"start":{"line":278,"column":22},"end":{"line":278,"column":64}},"142":{"start":{"line":279,"column":20},"end":{"line":281,"column":22}},"143":{"start":{"line":282,"column":21},"end":{"line":282,"column":45}},"144":{"start":{"line":283,"column":18},"end":{"line":283,"column":65}},"145":{"start":{"line":284,"column":28},"end":{"line":284,"column":84}},"146":{"start":{"line":286,"column":4},"end":{"line":293,"column":7}},"147":{"start":{"line":296,"column":2},"end":{"line":296,"column":16}},"148":{"start":{"line":308,"column":25},"end":{"line":308,"column":27}},"149":{"start":{"line":310,"column":2},"end":{"line":312,"column":3}},"150":{"start":{"line":311,"column":4},"end":{"line":311,"column":27}},"151":{"start":{"line":313,"column":2},"end":{"line":315,"column":3}},"152":{"start":{"line":314,"column":4},"end":{"line":314,"column":33}},"153":{"start":{"line":316,"column":2},"end":{"line":318,"column":3}},"154":{"start":{"line":317,"column":4},"end":{"line":317,"column":29}},"155":{"start":{"line":319,"column":2},"end":{"line":321,"column":3}},"156":{"start":{"line":320,"column":4},"end":{"line":320,"column":31}},"157":{"start":{"line":322,"column":22},"end":{"line":325,"column":null}},"158":{"start":{"line":324,"column":18},"end":{"line":324,"column":26}},"159":{"start":{"line":325,"column":34},"end":{"line":325,"column":55}},"160":{"start":{"line":327,"column":2},"end":{"line":329,"column":3}},"161":{"start":{"line":328,"column":4},"end":{"line":328,"column":32}},"162":{"start":{"line":330,"column":2},"end":{"line":332,"column":3}},"163":{"start":{"line":331,"column":4},"end":{"line":331,"column":31}},"164":{"start":{"line":333,"column":2},"end":{"line":335,"column":3}},"165":{"start":{"line":334,"column":4},"end":{"line":334,"column":34}},"166":{"start":{"line":337,"column":2},"end":{"line":337,"column":47}},"167":{"start":{"line":341,"column":19},"end":{"line":341,"column":150}},"168":{"start":{"line":342,"column":17},"end":{"line":342,"column":48}},"169":{"start":{"line":343,"column":2},"end":{"line":343,"column":84}},"170":{"start":{"line":343,"column":62},"end":{"line":343,"column":84}},"171":{"start":{"line":345,"column":19},"end":{"line":345,"column":70}},"172":{"start":{"line":346,"column":20},"end":{"line":346,"column":41}},"173":{"start":{"line":348,"column":18},"end":{"line":348,"column":103}},"174":{"start":{"line":348,"column":47},"end":{"line":348,"column":59}},"175":{"start":{"line":348,"column":80},"end":{"line":348,"column":101}},"176":{"start":{"line":349,"column":22},"end":{"line":349,"column":106}},"177":{"start":{"line":349,"column":51},"end":{"line":349,"column":62}},"178":{"start":{"line":349,"column":83},"end":{"line":349,"column":104}},"179":{"start":{"line":350,"column":19},"end":{"line":350,"column":119}},"180":{"start":{"line":350,"column":48},"end":{"line":350,"column":75}},"181":{"start":{"line":350,"column":96},"end":{"line":350,"column":117}},"182":{"start":{"line":351,"column":22},"end":{"line":353,"column":60}},"183":{"start":{"line":352,"column":21},"end":{"line":352,"column":38}},"184":{"start":{"line":353,"column":24},"end":{"line":353,"column":46}},"185":{"start":{"line":354,"column":20},"end":{"line":356,"column":10}},"186":{"start":{"line":358,"column":22},"end":{"line":358,"column":null}},"187":{"start":{"line":362,"column":2},"end":{"line":367,"column":5}},"188":{"start":{"line":363,"column":15},"end":{"line":363,"column":37}},"189":{"start":{"line":364,"column":4},"end":{"line":364,"column":20}},"190":{"start":{"line":364,"column":13},"end":{"line":364,"column":20}},"191":{"start":{"line":365,"column":19},"end":{"line":365,"column":54}},"192":{"start":{"line":366,"column":4},"end":{"line":366,"column":29}},"193":{"start":{"line":368,"column":22},"end":{"line":368,"column":77}},"194":{"start":{"line":368,"column":65},"end":{"line":368,"column":76}},"195":{"start":{"line":369,"column":19},"end":{"line":369,"column":105}},"196":{"start":{"line":371,"column":26},"end":{"line":371,"column":54}},"197":{"start":{"line":372,"column":28},"end":{"line":372,"column":119}},"198":{"start":{"line":372,"column":59},"end":{"line":372,"column":67}},"199":{"start":{"line":372,"column":96},"end":{"line":372,"column":117}},"200":{"start":{"line":375,"column":4},"end":{"line":378,"column":35}},"201":{"start":{"line":379,"column":19},"end":{"line":379,"column":92}},"202":{"start":{"line":381,"column":4},"end":{"line":381,"column":80}},"203":{"start":{"line":382,"column":22},"end":{"line":382,"column":68}},"204":{"start":{"line":383,"column":20},"end":{"line":383,"column":81}},"205":{"start":{"line":386,"column":4},"end":{"line":394,"column":15}},"206":{"start":{"line":395,"column":20},"end":{"line":395,"column":52}},"207":{"start":{"line":397,"column":25},"end":{"line":397,"column":73}},"208":{"start":{"line":398,"column":29},"end":{"line":398,"column":62}},"209":{"start":{"line":399,"column":21},"end":{"line":399,"column":95}},"210":{"start":{"line":401,"column":24},"end":{"line":401,"column":64}},"211":{"start":{"line":402,"column":19},"end":{"line":410,"column":4}},"212":{"start":{"line":412,"column":31},"end":{"line":412,"column":33}},"213":{"start":{"line":413,"column":2},"end":{"line":413,"column":56}},"214":{"start":{"line":413,"column":27},"end":{"line":413,"column":56}},"215":{"start":{"line":414,"column":2},"end":{"line":414,"column":65}},"216":{"start":{"line":414,"column":30},"end":{"line":414,"column":65}},"217":{"start":{"line":415,"column":2},"end":{"line":415,"column":72}},"218":{"start":{"line":415,"column":33},"end":{"line":415,"column":72}},"219":{"start":{"line":416,"column":2},"end":{"line":416,"column":65}},"220":{"start":{"line":416,"column":30},"end":{"line":416,"column":65}},"221":{"start":{"line":417,"column":2},"end":{"line":417,"column":74}},"222":{"start":{"line":417,"column":41},"end":{"line":417,"column":74}},"223":{"start":{"line":418,"column":2},"end":{"line":418,"column":107}},"224":{"start":{"line":418,"column":34},"end":{"line":418,"column":61}},"225":{"start":{"line":418,"column":64},"end":{"line":418,"column":107}},"226":{"start":{"line":419,"column":2},"end":{"line":419,"column":58}},"227":{"start":{"line":419,"column":30},"end":{"line":419,"column":58}},"228":{"start":{"line":421,"column":37},"end":{"line":430,"column":4}},"229":{"start":{"line":432,"column":2},"end":{"line":432,"column":63}},"230":{"start":{"line":433,"column":2},"end":{"line":433,"column":17}},"231":{"start":{"line":437,"column":2},"end":{"line":442,"column":3}},"232":{"start":{"line":438,"column":4},"end":{"line":438,"column":30}},"233":{"start":{"line":439,"column":4},"end":{"line":439,"column":29}},"234":{"start":{"line":440,"column":4},"end":{"line":440,"column":26}},"235":{"start":{"line":441,"column":4},"end":{"line":441,"column":11}},"236":{"start":{"line":444,"column":17},"end":{"line":444,"column":30}},"237":{"start":{"line":445,"column":2},"end":{"line":449,"column":3}},"238":{"start":{"line":446,"column":4},"end":{"line":448,"column":5}},"239":{"start":{"line":447,"column":6},"end":{"line":447,"column":36}},"240":{"start":{"line":450,"column":2},"end":{"line":454,"column":3}},"241":{"start":{"line":451,"column":4},"end":{"line":453,"column":5}},"242":{"start":{"line":452,"column":6},"end":{"line":452,"column":35}},"243":{"start":{"line":455,"column":2},"end":{"line":459,"column":3}},"244":{"start":{"line":456,"column":4},"end":{"line":458,"column":5}},"245":{"start":{"line":457,"column":6},"end":{"line":457,"column":32}},"246":{"start":{"line":463,"column":2},"end":{"line":467,"column":4}},"247":{"start":{"line":465,"column":16},"end":{"line":465,"column":49}}},"fnMap":{"0":{"name":"getFallbackPlaceIntelligence","decl":{"start":{"line":50,"column":9},"end":{"line":50,"column":37}},"loc":{"start":{"line":50,"column":37},"end":{"line":61,"column":1}}},"1":{"name":"clamp","decl":{"start":{"line":63,"column":9},"end":{"line":63,"column":14}},"loc":{"start":{"line":63,"column":54},"end":{"line":65,"column":1}}},"2":{"name":"avg","decl":{"start":{"line":67,"column":9},"end":{"line":67,"column":12}},"loc":{"start":{"line":67,"column":27},"end":{"line":70,"column":1}}},"3":{"name":"(anonymous_13)","decl":{"start":{"line":69,"column":21},"end":{"line":69,"column":22}},"loc":{"start":{"line":69,"column":33},"end":{"line":69,"column":40}}},"4":{"name":"toNoiseLevel","decl":{"start":{"line":72,"column":9},"end":{"line":72,"column":21}},"loc":{"start":{"line":72,"column":36},"end":{"line":78,"column":1}}},"5":{"name":"bucketHour","decl":{"start":{"line":80,"column":9},"end":{"line":80,"column":19}},"loc":{"start":{"line":80,"column":32},"end":{"line":85,"column":1}}},"6":{"name":"parsePriceLevel","decl":{"start":{"line":87,"column":9},"end":{"line":87,"column":24}},"loc":{"start":{"line":87,"column":39},"end":{"line":92,"column":1}}},"7":{"name":"getExpoExtra","decl":{"start":{"line":94,"column":9},"end":{"line":94,"column":21}},"loc":{"start":{"line":94,"column":21},"end":{"line":96,"column":1}}},"8":{"name":"getFunctionsProjectId","decl":{"start":{"line":98,"column":9},"end":{"line":98,"column":30}},"loc":{"start":{"line":98,"column":30},"end":{"line":107,"column":1}}},"9":{"name":"getFunctionsRegion","decl":{"start":{"line":109,"column":9},"end":{"line":109,"column":27}},"loc":{"start":{"line":109,"column":27},"end":{"line":117,"column":1}}},"10":{"name":"getPlaceSignalEndpoint","decl":{"start":{"line":119,"column":9},"end":{"line":119,"column":31}},"loc":{"start":{"line":119,"column":31},"end":{"line":132,"column":1}}},"11":{"name":"getProxyAuthHeaders","decl":{"start":{"line":134,"column":15},"end":{"line":134,"column":34}},"loc":{"start":{"line":134,"column":34},"end":{"line":152,"column":1}}},"12":{"name":"(anonymous_22)","decl":{"start":{"line":137,"column":31},"end":{"line":137,"column":44}},"loc":{"start":{"line":137,"column":31},"end":{"line":137,"column":63}}},"13":{"name":"withInflight","decl":{"start":{"line":154,"column":9},"end":{"line":154,"column":21}},"loc":{"start":{"line":154,"column":88},"end":{"line":160,"column":1}}},"14":{"name":"(anonymous_24)","decl":{"start":{"line":157,"column":28},"end":{"line":157,"column":31}},"loc":{"start":{"line":157,"column":34},"end":{"line":157,"column":49}}},"15":{"name":"fetchWithTimeout","decl":{"start":{"line":162,"column":15},"end":{"line":162,"column":31}},"loc":{"start":{"line":162,"column":80},"end":{"line":174,"column":1}}},"16":{"name":"(anonymous_26)","decl":{"start":{"line":164,"column":29},"end":{"line":164,"column":32}},"loc":{"start":{"line":164,"column":35},"end":{"line":164,"column":54}}},"17":{"name":"normalizeExternalSignals","decl":{"start":{"line":176,"column":9},"end":{"line":176,"column":33}},"loc":{"start":{"line":176,"column":48},"end":{"line":192,"column":1}}},"18":{"name":"(anonymous_28)","decl":{"start":{"line":179,"column":9},"end":{"line":179,"column":10}},"loc":{"start":{"line":179,"column":23},"end":{"line":190,"column":5}}},"19":{"name":"(anonymous_29)","decl":{"start":{"line":187,"column":35},"end":{"line":187,"column":36}},"loc":{"start":{"line":187,"column":47},"end":{"line":187,"column":91}}},"20":{"name":"getProxySignals","decl":{"start":{"line":194,"column":15},"end":{"line":194,"column":30}},"loc":{"start":{"line":194,"column":60},"end":{"line":226,"column":1}}},"21":{"name":"(anonymous_31)","decl":{"start":{"line":203,"column":47},"end":{"line":203,"column":52}},"loc":{"start":{"line":203,"column":58},"end":{"line":225,"column":3}}},"22":{"name":"deriveCrowdLevel","decl":{"start":{"line":228,"c
[...]
}}]},"109":{"loc":{"start":{"line":451,"column":4},"end":{"line":453,"column":5}},"type":"if","locations":[{"start":{"line":451,"column":4},"end":{"line":453,"column":5}}]},"110":{"loc":{"start":{"line":456,"column":4},"end":{"line":458,"column":5}},"type":"if","locations":[{"start":{"line":456,"column":4},"end":{"line":458,"column":5}}]}},"s":{"0":1,"1":1,"2":1,"3":1,"4":1,"5":1,"6":1,"7":1,"8":1,"9":29,"10":728,"11":168,"12":58,"13":110,"14":249,"15":72,"16":0,"17":72,"18":64,"19":8,"20":2,"21":6,"22":5,"23":1,"24":72,"25":2,"26":70,"27":2,"28":68,"29":1,"30":67,"31":4,"32":3,"33":1,"34":1,"35":0,"36":1,"37":16,"38":2,"39":2,"40":1,"41":1,"42":13,"43":13,"44":13,"45":11,"46":2,"47":2,"48":1,"49":1,"50":1,"51":11,"52":11,"53":22,"54":11,"55":11,"56":11,"57":7,"58":7,"59":7,"60":11,"61":11,"62":1,"63":11,"64":12,"65":12,"66":1,"67":11,"68":11,"69":11,"70":11,"71":11,"72":11,"73":0,"74":11,"75":11,"76":10,"77":1,"78":9,"79":1,"80":11,"81":11,"82":2,"83":9,"84":5,"85":1,"86":4,"87":4,"88":28,"89":15,"90":13,"91":13,"92":1,"93":12,"94":12,"95":12,"96":0,"97":12,"98":11,"99":11,"100":11,"101":11,"102":11,"103":56,"104":6,"105":50,"106":36,"107":14,"108":10,"109":4,"110":168,"111":168,"112":168,"113":168,"114":144,"115":24,"116":24,"117":0,"118":28,"119":28,"120":28,"121":28,"122":28,"123":28,"124":72,"125":72,"126":0,"127":72,"128":72,"129":72,"130":71,"131":71,"132":28,"133":28,"134":672,"135":672,"136":672,"137":28,"138":28,"139":28,"140":168,"141":168,"142":168,"143":168,"144":168,"145":168,"146":168,"147":28,"148":28,"149":28,"150":22,"151":28,"152":19,"153":28,"154":2,"155":28,"156":5,"157":28,"158":5,"159":5,"160":28,"161":3,"162":28,"163":24,"164":28,"165":3,"166":28,"167":29,"168":29,"169":29,"170":1,"171":28,"172":28,"173":28,"174":72,"175":72,"176":28,"177":72,"178":72,"179":28,"180":72,"181":72,"182":28,"183":72,"184":72,"185":28,"186":28,"187":28,"188":72,"189":72,"190":0,"191":72,"192":72,"193":28,"194":135,"195":28,"196":28,"197":28,"198":5,"199":5,"200":28,"201":28,"202":28,"203":28,"204":28,"205":28,"206":28,"207":28,"208":28,"209":28,"210":28,"211":28,"212":28,"213":28,"214":19,"215":28,"216":21,"217":28,"218":21,"219":28,"220":22,"221":28,"222":4,"223":28,"224":5,"225":2,"226":28,"227":4,"228":28,"229":28,"230":28,"231":0,"232":0,"233":0,"234":0,"235":0,"236":0,"237":0,"238":0,"239":0,"240":0,"241":0,"242":0,"243":0,"244":0,"245":0,"246":29,"247":29},"f":{"0":29,"1":728,"2":168,"3":249,"4":72,"5":72,"6":4,"7":16,"8":2,"9":1,"10":13,"11":11,"12":11,"13":12,"14":11,"15":11,"16":0,"17":11,"18":5,"19":4,"20":28,"21":11,"22":56,"23":168,"24":168,"25":28,"26":72,"27":672,"28":672,"29":28,"30":5,"31":5,"32":29,"33":72,"34":72,"35":72,"36":72,"37":72,"38":72,"39":72,"40":72,"41":72,"42":135,"43":5,"44":5,"45":5,"46":0,"47":29,"48":29},"b":{"0":[58],"1":[0],"2":[64],"3":[2],"4":[5],"5":[2],"6":[72,5],"7":[2],"8":[70,3],"9":[1],"10":[68,1],"11":[3],"12":[0],"13":[16,0],"14":[2,2,2,1,1],"15":[1,1,1,0],"16":[13,13,13,13,2],"17":[11],"18":[1],"19":[7],"20":[11,7],"21":[7],"22":[1],"23":[11,1],"24":[1],"25":[0],"26":[11,0],"27":[1],"28":[2],"29":[1],"30":[5,5,2],"31":[4,0],"32":[3,1],"33":[1,3],"34":[1,3],"35":[4,3],"36":[15],"37":[28,28],"38":[1],"39":[12,0],"40":[0],"41":[12,0],"42":[11,0],"43":[6],"44":[36],"45":[10],"46":[0,168],"47":[168,28],"48":[144],"49":[24],"50":[0],"51":[71],"52":[28,3],"53":[26,646],"54":[23,145],"55":[28,140],"56":[22],"57":[19],"58":[28,19],"59":[28,3],"60":[19,0],"61":[2],"62":[5],"63":[3],"64":[28,23],"65":[24],"66":[28,4],"67":[3],"68":[29,16],"69":[29,0],"70":[29,15],"71":[29,15],"72":[1],"73":[29,1],"74":[27,1],"75":[28,24],"76":[25,3],"77":[0],"78":[26,2],"79":[28,25],"80":[28,25],"81":[28,26],"82":[28,25],"83":[28,0],"84":[28,26],"85":[2,26],"86":[0,28],"87":[4,24],"88":[1,23],"89":[28,3],"90":[28,7],"91":[25,3],"92":[25,3],"93":[28,23],"94":[5,23],"95":[19],"96":[28,3],"97":[21],"98":[28,7],"99":[21],"100":[28,3],"101":[22],"102":[28,3],"103":[4],"104":[2],"105":[5,2],"106":[4],"107":[0],"108":[0],"109":[0],"110":[0]}}
,"/Users/rehanrizvi/perched-app/services/schemaHelpers.ts": {"path":"/Users/rehanrizvi/perched-app/services/schemaHelpers.ts","statementMap":{"0":{"start":{"line":27,"column":0},"end":{"line":27,"column":16}},"1":{"start":{"line":67,"column":0},"end":{"line":67,"column":7}},"2":{"start":{"line":130,"column":0},"end":{"line":130,"column":7}},"3":{"start":{"line":175,"column":0},"end":{"line":175,"column":7}},"4":{"start":{"line":217,"column":0},"end":{"line":217,"column":16}},"5":{"start":{"line":28,"column":13},"end":{"line":28,"column":49}},"6":{"start":{"line":29,"column":2},"end":{"line":29,"column":23}},"7":{"start":{"line":29,"column":11},"end":{"line":29,"column":23}},"8":{"start":{"line":32,"column":2},"end":{"line":38,"column":3}},"9":{"start":{"line":33,"column":4},"end":{"line":37,"column":5}},"10":{"start":{"line":34,"column":6},"end":{"line":34,"column":25}},"11":{"start":{"line":36,"column":6},"end":{"line":36,"column":18}},"12":{"start":{"line":41,"column":2},"end":{"line":43,"column":3}},"13":{"start":{"line":42,"column":4},"end":{"line":42,"column":39}},"14":{"start":{"line":46,"column":2},"end":{"line":48,"column":3}},"15":{"start":{"line":47,"column":4},"end":{"line":47,"column":24}},"16":{"start":{"line":51,"column":17},"end":{"line":51,"column":29}},"17":{"start":{"line":52,"column":2},"end":{"line":52,"column":56}},"18":{"start":{"line":78,"column":64},"end":{"line":78,"column":77}},"19":{"start":{"line":81,"column":40},"end":{"line":84,"column":34}},"20":{"start":{"line":86,"column":2},"end":{"line":88,"column":3}},"21":{"start":{"line":87,"column":4},"end":{"line":87,"column":87}},"22":{"start":{"line":89,"column":2},"end":{"line":91,"column":3}},"23":{"start":{"line":90,"column":4},"end":{"line":90,"column":84}},"24":{"start":{"line":92,"column":2},"end":{"line":94,"column":3}},"25":{"start":{"line":93,"column":4},"end":{"line":93,"column":31}},"26":{"start":{"line":96,"column":18},"end":{"line":96,"column":35}},"27":{"start":{"line":97,"column":2},"end":{"line":97,"column":37}},"28":{"start":{"line":97,"column":22},"end":{"line":97,"column":37}},"29":{"start":{"line":100,"column":46},"end":{"line":103,"column":34}},"30":{"start":{"line":105,"column":2},"end":{"line":107,"column":3}},"31":{"start":{"line":106,"column":4},"end":{"line":106,"column":99}},"32":{"start":{"line":108,"column":2},"end":{"line":110,"column":3}},"33":{"start":{"line":109,"column":4},"end":{"line":109,"column":96}},"34":{"start":{"line":111,"column":2},"end":{"line":113,"column":3}},"35":{"start":{"line":112,"column":4},"end":{"line":112,"column":43}},"36":{"start":{"line":115,"column":2},"end":{"line":115,"column":27}},"37":{"start":{"line":139,"column":37},"end":{"line":139,"column":50}},"38":{"start":{"line":142,"column":40},"end":{"line":145,"column":33}},"39":{"start":{"line":147,"column":2},"end":{"line":147,"column":55}},"40":{"start":{"line":147,"column":18},"end":{"line":147,"column":55}},"41":{"start":{"line":148,"column":2},"end":{"line":148,"column":29}},"42":{"start":{"line":150,"column":18},"end":{"line":150,"column":35}},"43":{"start":{"line":151,"column":2},"end":{"line":151,"column":37}},"44":{"start":{"line":151,"column":22},"end":{"line":151,"column":37}},"45":{"start":{"line":154,"column":46},"end":{"line":157,"column":33}},"46":{"start":{"line":159,"column":2},"end":{"line":159,"column":67}},"47":{"start":{"line":159,"column":18},"end":{"line":159,"column":67}},"48":{"start":{"line":160,"column":2},"end":{"line":160,"column":41}},"49":{"start":{"line":162,"column":2},"end":{"line":162,"column":27}},"50":{"start":{"line":183,"column":59},"end":{"line":183,"column":72}},"51":{"start":{"line":185,"column":40},"end":{"line":185,"column":65}},"52":{"start":{"line":187,"column":2},"end":{"line":189,"column":3}},"53":{"start":{"line":188,"column":4},"end":{"line":188,"column":48}},"54":{"start":{"line":192,"column":21},"end":{"line":192,"column":55}},"55":{"start":{"line":193,"column":2},"end":{"line":193,"column":69}},"56":{"start":{"line":193,"column":18},"end":{"line":193,"column":69}},"57":{"start":{"line":194,"column":2},"end":{"line":194,"column":43}},"58":{"start":{"line":196,"column":18},"end":{"line":196,"column":42}},"59":{"start":{"line":197,"column":2},"end":{"line":197,"column":37}},"60":{"start":{"line":197,"column":22},"end":{"line":197,"column":37}},"61":{"start":{"line":200,"column":20},"end":{"line":200,"column":54}},"62":{"start":{"line":201,"column":2},"end":{"line":201,"column":67}},"63":{"start":{"line":201,"column":18},"end":{"line":201,"column":67}},"64":{"start":{"line":202,"column":2},"end":{"line":202,"column":41}},"65":{"start":{"line":204,"column":2},"end":{"line":204,"column":27}},"66":{"start":{"line":223,"column":23},"end":{"line":227,"column":17}},"67":{"start":{"line":229,"column":48},"end":{"line":229,"column":52}},"68":{"start":{"line":230,"column":47},"end":{"line":230,"column":51}},"69":{"start":{"line":233,"column":2},"end":{"line":264,"column":4}},"70":{"start":{"line":236,"column":6},"end":{"line":259,"column":7}},"71":{"start":{"line":237,"column":29},"end":{"line":237,"column":31}},"72":{"start":{"line":238,"column":8},"end":{"line":238,"column":90}},"73":{"start":{"line":238,"column":39},"end":{"line":238,"column":88}},"74":{"start":{"line":239,"column":8},"end":{"line":239,"column":24}},"75":{"start":{"line":242,"column":8},"end":{"line":245,"column":9}},"76":{"start":{"line":243,"column":10},"end":{"line":243,"column":30}},"77":{"start":{"line":244,"column":10},"end":{"line":244,"column":35}},"78":{"start":{"line":248,"column":28},"end":{"line":252,"column":23}},"79":{"start":{"line":254,"column":8},"end":{"line":258,"column":11}},"80":{"start":{"line":255,"column":31},"end":{"line":255,"column":33}},"81":{"start":{"line":256,"column":10},"end":{"line":256,"column":98}},"82":{"start":{"line":256,"column":47},"end":{"line":256,"column":96}},"83":{"start":{"line":257,"column":10},"end":{"line":257,"column":26}},"84":{"start":{"line":262,"column":6},"end":{"line":262,"column":63}},"85":{"start":{"line":267,"column":2},"end":{"line":270,"column":4}},"86":{"start":{"line":268,"column":4},"end":{"line":268,"column":49}},"87":{"start":{"line":268,"column":28},"end":{"line":268,"column":49}},"88":{"start":{"line":269,"column":4},"end":{"line":269,"column":47}},"89":{"start":{"line":269,"column":27},"end":{"line":269,"column":47}},"90":{"start":{"line":273,"column":0},"end":{"line":279,"column":2}}},"fnMap":{"0":{"name":"parseCheckinTimestamp","decl":{"start":{"line":27,"column":16},"end":{"line":27,"column":37}},"loc":{"start":{"line":27,"column":48},"end":{"line":53,"column":1}}},"1":{"name":"queryCheckinsBySpot","decl":{"start":{"line":67,"column":22},"end":{"line":67,"column":41}},"loc":{"start":{"line":76,"column":3},"end":{"line":116,"column":1}}},"2":{"name":"queryCheckinsByUser","decl":{"start":{"line":130,"column":22},"end":{"line":130,"column":41}},"loc":{"start":{"line":137,"column":3},"end":{"line":163,"column":1}}},"3":{"name":"queryAllCheckins","decl":{"start":{"line":175,"column":22},"end":{"line":175,"column":38}},"loc":{"start":{"line":181,"column":3},"end":{"line":205,"column":1}}},"4":{"name":"subscribeApprovedCheckins","decl":{"start":{"line":217,"column":16},"end":{"line":217,"column":41}},"loc":{"start":{"line":220,"column":20},"end":{"line":271,"column":1}}},"5":{"name":"(anonymous_5)","decl":{"start":{"line":234,"column":4},"end":{"line":234,"column":5}},"loc":{"start":{"line":234,"column":22},"end":{"line":260,"column":5}}},"6":{"name":"(anonymous_6)","decl":{"start":{"line":238,"column":25},"end":{"line":238,"column":26}},"loc":{"start":{"line":238,"column":39},"end":{"line":238,"column":88}}},"7":{"name":"(anonymous_7)","decl":{"start":{"line":254,"column":51},"end":{"line":254,"column":52}},"loc":{"start":{"line":254,"column":75},"end":{"line":258,"column":9}}},"8":{"name":"(anonymous_8)","decl":{"start":{"line":256,"column":33},"end":{"line":256,"column":34}},"loc":{"start":{"line":256,"column":47},"end":{"line":256,"column":96}}},"9":{"name":"(anonymous_9)","decl":{"start":{"line":261,"column":4},"end":{"line":261,"column":5}},"loc":{"start":{"line":261,"column":21},"end":{"line":263,"column":5}}},"10":{"name":"(anonymous_10)","decl":{"start":{"line":267,"column":9},"end":{"line":267,"column":12}},"loc":{"start":{"line":267,"column":14},"end":{"line":270,"column":3}}}},"branchMap":{"0":{"loc":{"start":{"line":28,"column":13},"end":{"line":28,"column":49}},"type":"binary-expr","locations":[{"start":{"line":28,"column":13},"end":{"line":28,"column":29}},{"start":{"line":28,"column":33},"end":{"line":28,"column":49}}]},"1":{"loc":{"start":{"line":29,"column":2},"end":{"line":29,"column":23}},"type":"if","locations":[{"start":{"line":29,"column":2},"end":{"line":29,"column":23}}]},"2":{"loc":{"start":{"line":32,"column":2},"end":{"line":38,"column":3}},"type":"if","locations":[{"start":{"line":32,"column":2},"end":{"line":38,"column":3}}]},"3":{"loc":{"start":{"line":41,"column":2},"end":{"line":43,"column":3}},"type":"if","locations":[{"start":{"line":41,"column":2},"end":{"line":43,"column":3}}]},"4":{"loc":{"start":{"line":46,"column":2},"end":{"line":48,"column":3}},"type":"if","locations":[{"start":{"line":46,"column":2},"end":{"line":48,"column":3}}]},"5":{"loc":{"start":{"line":52,"column":9},"end":{"line":52,"column":55}},"type":"cond-expr","locations":[{"start":{"line":52,"column":42},"end":{"line":52,"column":46}},{"start":{"line":52,"column":49},"end":{"line":52,"column":55}}]},"6":{"loc":{"start":{"line":78,"column":30},"end":{"line":78,"column":41}},"type":"default-arg","locations":[{"start":{"line":78,"column":38},"end":{"line":78,"column":41}}]},"7":{"loc":{"start":{"line":78,"column":43},"end":{"line":78,"column":59}},"type":"default-arg","locations":[{"start":{"line":78,"column":53},"end":{"line":78,"column":59}}]},"8":{"loc":{"start":{"line":78,"column":64},"end":{"line":78,"column":77}},"type":"binary-expr","locations":[{"start":{"line":78,"column":64},"end":{"line":78,"column":71}},{"start":{"line":78,"column":75},"end":{"line":78,"column":77}}]},"9":{"loc":{"start":{"line":86,"column":2},"end":{"line":88,"column":3}},"type":"if","locations":[{"start":{"line":86,"column":2},"end":{"line":88,"column":3}}]},"10":{"loc":{"start":{"line":89,"column":2},"end":{"line":91,"column":3}},"type":"if","locations":[{"start":{"line":89,"column":2},"end":{"line":91,"column":3}}]},"11":{"loc":{"start":{"line":92,"column":2},"end":{"line":94,"column":3}},"type":"if","locations":[{"start":{"line":92,"column":2},"end":{"line":94,"column":3}}]},"12":{"loc":{"start":{"line":97,"column":2},"end":{"line":97,"column":37}},"type":"if","locations":[{"start":{"line":97,"column":2},"end":{"line":97,"column":37}}]},"13":{"loc":{"start":{"line":105,"column":2},"end":{"line":107,"column":3}},"type":"if","locations":[{"start":{"line":105,"column":2},"end":{"line":107,"column":3}}]},"14":{"loc":{"start":{"line":108,"column":2},"end":{"line":110,"column":3}},"type":"if","locations":[{"start":{"line":108,"column":2},"end":{"line":110,"column":3}}]},"15":{"loc":{"start":{"line":111,"column":2},"end":{"line":113,"column":3}},"type":"if","locations":[{"start":{"line":111,"column":2},"end":{"line":113,"column":3}}]},"16":{"loc":{"start":{"line":139,"column":10},"end":{"line":139,"column":20}},"type":"default-arg","locations":[{"start":{"line":139,"column":18},"end":{"line":139,"column":20}}]},"17":{"loc":{"start":{"line":139,"column":37},"end":{"line":139,"column":50}},"type":"binary-expr","locations":[{"start":{"line":139,"column":37},"end":{"line":139,"column":44}},{"start":{"line":139,"column":48},"end":{"line":139,"column":50}}]},"18":{"loc":{"start":{"line":147,"column":2},"end":{"line":147,"column":55}},"type":"if","locations":[{"start":{"line":147,"column":2},"end":{"line":147,"column":55}}]},"19":{"loc":{"start":{"line":151,"column":2},"end":{"line":151,"column":37}},"type":"if","locations":[{"start":{"line":151,"column":2},"end":{"line":151,"column":37}}]},"20":{"loc":{"start":{"line":159,"column":2},"end":{"line":159,"column":67}},"type":"if","locations":[{"start":{"line":159,"column":2},"end":{"line":159,"column":67}}]},"21":{"loc":{"start":{"line":183,"column":10},"end":{"line":183,"column":20}},"type":"default-arg","locations":[{"start":{"line":183,"column":18},"end":{"line":183,"column":20}}]},"22":{"loc":{"start":{"line":183,"column":34},"end":{"line":183,"column":54}},"type":"default-arg","locations":[{"start":{"line":183,"column":49},"end":{"line":183,"column":54}}]},"23":{"loc":{"start":{"line":183,"column":59},"end":{"line":183,"column":72}},"type":"binary-expr","locations":[{"start":{"line":183,"column":59},"end":{"line":183,"column":66}},{"start":{"line":183,"column":70},"end":{"line":183,"column":72}}]},"24":{"loc":{"start":{"line":187,"column":2},"end":{"line":189,"column":3}},"type":"if","locations":[{"start":{"line":187,"column":2},"end":{"line":189,"column":3}}]},"25":{"loc":{"start":{"line":193,"column":2},"end":{"line":193,"column":69}},"type":"if","locations":[{"start":{"line":193,"column":2},"end":{"line":193,"column":69}}]},"26":{"loc":{"start":{"line":197,"column":2},"end":{"line":197,"column":37}},"type":"if","locations":[{"start":{"line":197,"column":2},"end":{"line":197,"column":37}}]},"27":{"loc":{"start":{"line":201,"column":2},"end":{"line":201,"column":67}},"type":"if","locations":[{"start":{"line":201,"column":2},"end":{"line":201,"column":67}}]},"28":{"loc":{"start":{"line":220,"column":2},"end":{"line":220,"column":20}},"type":"default-arg","locations":[{"start":{"line":220,"column":18},"end":{"line":220,"column":20}}]},"29":{"loc":{"start":{"line":236,"column":6},"end":{"line":259,"column":7}},"type":"if","locations":[{"start":{"line":236,"column":6},"end":{"line":259,"column":7}},{"start":{"line":246,"column":13},"end":{"line":259,"column":7}}]},"30":{"loc":{"start":{"line":238,"column":68},"end":{"line":238,"column":84}},"type":"binary-expr","locations":[{"start":{"line":238,"column":68},"end":{"line":238,"column":78}},{"start":{"line":238,"column":82},"end":{"line":238,"column":84}}]},"31":{"loc":{"start":{"line":242,"column":8},"end":{"line":245,"column":9}},"type":"if","locations":[{"start":{"line":242,"column":8},"end":{"line":245,"column":9}}]},"32":{"loc":{"start":{"line":256,"column":76},"end":{"line":256,"column":92}},"type":"binary-expr","locations":[{"start":{"line":256,"column":76},"end":{"line":256,"column":86}},{"start":{"line":256,"column":90},"end":{"line":256,"column":92}}]},"33":{"loc":{"start":{"line":268,"column":4},"end":{"line":268,"column":49}},"type":"if","locations":[{"start":{"line":268,"column":4},"end":{"line":268,"column":49}}]},"34":{"loc":{"start":{"line":269,"column":4},"end":{"line":269,"column":47}},"type":"if","locations":[{"start":{"line":269,"column":4},"end":{"line":269,"column":47}}]}},"s":{"0":2,"1":2,"2":2,"3":2,"4":2,"5":18,"6":18,"7":5,"8":13,"9":4,"10":4,"11":1,"12":9,"13":1,"14":8,"15":4,"16":4,"17":4,"18":11,"19":11,"20":11,"21":3,"22":11,"23":2,"24":11,"25":11,"26":11,"27":10,"28":2,"29":8,"30":8,"31":3,"32":8,"33":2,"34":8,"35":8,"36":8,"37":6,"38":6,"39":6,"40":2,"41":6,"42":6,"43":6,"44":1,"45":5,"46":5,"47":2,"48":5,"49":5,"50":7,"51":7,"52":7,"53":2,"54":7,"55":7,"56":2,"57":7,"58":7,"59":7,"60":1,"61":6,"62":6,"63":2,"64":6,"65":6,"66":10,"67":10,"68":10,"69":10,"70":7,"71":3,"72":3,"73":5,"74":3,"75":3,"76":1,"77":1,"78":4,"79":4,"80":4,"81":4,"82":5,"83":4,"84":1,"85":10,"86":2,"87":2,"88":2,"89":1,"90":2},"f":{"0":18,"1":11,"2":6,"3":7,"4":10,"5":7,"6":5,"7":4,"8":5,"9":1,"10":2},"b":{"0":[18,9],"1":[5],"2":[4],"3":[1],"4":[4],"5":[2,2],"6":[7],"7":[11],"8":[11,3],"9":[3],"10":[2],"11":[11],"12":[2],"13":[3],"14":[2],"15":[8],"16":[4],"17":[6,2],"18":[2],"19":[1],"20":[2],"21":[5],"22":[5],"23":[7,2],"24":[2],"25":[2],"26":[1],"27":[2],"28":[9],"29":[3,4],"30":[5,1],"31":[1],"32":[5,1],"33":[2],"34":[1]}}
}
