TN:
SF:services/cacheLayer.ts
FN:40,ensureStatsHydrated
FN:59,getCacheEntryCount
FN:61,(anonymous_3)
FN:64,persistStats
FN:68,updateCacheStats
FN:132,cacheGet
FN:171,cacheDel
FN:186,cacheExists
FN:201,cacheGetOrSet
FN:220,cacheMGet
FN:221,(anonymous_12)
FN:227,cacheMSet
FN:231,(anonymous_14)
FN:238,cacheClear
FN:242,(anonymous_16)
FN:248,(anonymous_17)
FN:270,getCacheStats
FN:292,getCacheHitRate
FN:297,resetCacheLayerState
FN:305,cacheCleanup
FN:309,(anonymous_22)
FN:346,cacheLRUEvict
FN:350,(anonymous_24)
FN:376,(anonymous_25)
FN:383,(anonymous_26)
FN:402,cacheWarmup
FN:421,cacheTTL
FN:439,cacheExpire
FN:458,preloadCache
FN:487,initCache
FNF:30
FNH:30
FNDA:37,ensureStatsHydrated
FNDA:19,getCacheEntryCount
FNDA:21,(anonymous_3)
FNDA:37,persistStats
FNDA:34,updateCacheStats
FNDA:16,cacheGet
FNDA:2,cacheDel
FNDA:4,cacheExists
FNDA:3,cacheGetOrSet
FNDA:1,cacheMGet
FNDA:3,(anonymous_12)
FNDA:3,cacheMSet
FNDA:5,(anonymous_14)
FNDA:3,cacheClear
FNDA:6,(anonymous_16)
FNDA:3,(anonymous_17)
FNDA:3,getCacheStats
FNDA:1,getCacheHitRate
FNDA:42,resetCacheLayerState
FNDA:5,cacheCleanup
FNDA:105,(anonymous_22)
FNDA:6,cacheLRUEvict
FNDA:210,(anonymous_24)
FNDA:585,(anonymous_25)
FNDA:3,(anonymous_26)
FNDA:2,cacheWarmup
FNDA:4,cacheTTL
FNDA:3,cacheExpire
FNDA:1,preloadCache
FNDA:2,initCache
DA:7,1
DA:8,1
DA:25,1
DA:26,1
DA:27,1
DA:28,1
DA:35,1
DA:36,1
DA:41,37
DA:42,23
DA:43,23
DA:44,23
DA:45,22
DA:46,1
DA:47,1
DA:48,1
DA:55,1
DA:60,19
DA:61,21
DA:65,37
DA:69,34
DA:70,34
DA:71,34
DA:73,9
DA:74,9
DA:76,7
DA:77,7
DA:79,2
DA:80,2
DA:81,2
DA:84,7
DA:85,7
DA:87,9
DA:89,0
DA:92,34
DA:93,16
DA:96,34
DA:97,34
DA:99,0
DA:106,1
DA:111,9
DA:112,9
DA:113,9
DA:120,9
DA:121,9
DA:122,9
DA:124,0
DA:125,0
DA:132,1
DA:133,16
DA:134,16
DA:135,16
DA:137,15
DA:138,5
DA:139,5
DA:140,5
DA:143,10
DA:146,10
DA:147,1
DA:148,1
DA:149,1
DA:150,1
DA:154,9
DA:155,9
DA:156,9
DA:157,9
DA:159,9
DA:161,1
DA:162,1
DA:163,1
DA:164,1
DA:171,1
DA:172,2
DA:173,2
DA:174,2
DA:175,2
DA:176,2
DA:178,0
DA:179,0
DA:186,1
DA:187,4
DA:188,4
DA:189,4
DA:191,3
DA:192,2
DA:194,1
DA:201,1
DA:206,3
DA:208,3
DA:209,1
DA:212,2
DA:213,1
DA:214,1
DA:220,1
DA:221,3
DA:227,1
DA:230,3
DA:231,5
DA:238,1
DA:239,3
DA:240,3
DA:241,3
DA:242,6
DA:244,2
DA:246,2
DA:247,1
DA:248,1
DA:249,3
DA:253,2
DA:254,2
DA:255,2
DA:258,2
DA:259,2
DA:261,1
DA:262,1
DA:263,1
DA:270,1
DA:271,3
DA:272,3
DA:273,3
DA:274,3
DA:275,3
DA:276,3
DA:277,3
DA:278,3
DA:286,0
DA:287,0
DA:288,0
DA:292,1
DA:293,1
DA:294,1
DA:297,1
DA:298,42
DA:299,42
DA:305,1
DA:306,5
DA:307,5
DA:308,5
DA:309,105
DA:311,3
DA:313,3
DA:314,105
DA:315,105
DA:317,105
DA:318,105
DA:320,104
DA:321,103
DA:322,103
DA:326,1
DA:327,1
DA:331,3
DA:332,3
DA:334,3
DA:335,3
DA:337,2
DA:338,2
DA:339,2
DA:346,1
DA:347,6
DA:348,6
DA:349,6
DA:350,210
DA:352,5
DA:353,3
DA:357,2
DA:359,2
DA:360,204
DA:361,204
DA:363,204
DA:364,204
DA:365,203
DA:371,1
DA:376,2
DA:377,585
DA:378,347
DA:382,2
DA:383,3
DA:385,2
DA:386,2
DA:387,2
DA:390,2
DA:391,2
DA:393,1
DA:394,1
DA:395,1
DA:402,1
DA:405,2
DA:406,2
DA:407,2
DA:408,1
DA:409,1
DA:410,1
DA:412,1
DA:413,1
DA:414,1
DA:421,1
DA:422,4
DA:423,4
DA:424,4
DA:426,3
DA:427,2
DA:428,2
DA:430,2
DA:432,1
DA:439,1
DA:440,3
DA:441,3
DA:442,3
DA:444,2
DA:445,1
DA:446,1
DA:448,1
DA:449,1
DA:451,1
DA:458,1
DA:459,1
DA:460,1
DA:464,1
DA:474,1
DA:475,0
DA:477,1
DA:479,0
DA:480,0
DA:487,1
DA:488,2
DA:489,2
DA:491,2
DA:494,2
DA:496,2
DA:497,2
DA:499,0
DA:500,0
DA:504,1
LF:233
LH:219
BRDA:41,0,0,14
BRDA:45,1,0,21
BRDA:47,2,0,0
BRDA:47,3,0,1
BRDA:47,3,1,1
BRDA:49,4,0,1
BRDA:49,4,1,0
BRDA:50,5,0,1
BRDA:50,5,1,0
BRDA:51,6,0,0
BRDA:51,6,1,1
BRDA:52,7,0,0
BRDA:52,7,1,1
BRDA:61,8,0,21
BRDA:61,8,1,20
BRDA:68,9,0,27
BRDA:71,10,0,9
BRDA:71,10,1,7
BRDA:71,10,2,2
BRDA:71,10,3,5
BRDA:71,10,4,7
BRDA:71,10,5,9
BRDA:71,10,6,0
BRDA:92,11,0,16
BRDA:92,12,0,34
BRDA:92,12,1,25
BRDA:92,12,2,23
BRDA:109,13,0,2
BRDA:137,14,0,5
BRDA:146,15,0,1
BRDA:189,16,0,1
BRDA:204,17,0,2
BRDA:208,18,0,1
BRDA:242,19,0,6
BRDA:242,19,1,5
BRDA:246,20,0,1
BRDA:253,21,0,2
BRDA:283,22,0,1
BRDA:283,22,1,2
BRDA:294,23,0,1
BRDA:294,23,1,0
BRDA:309,24,0,105
BRDA:309,24,1,105
BRDA:315,25,0,0
BRDA:320,26,0,103
BRDA:331,27,0,3
BRDA:350,28,0,210
BRDA:350,28,1,210
BRDA:352,29,0,3
BRDA:361,30,0,0
BRDA:377,31,0,238
BRDA:385,32,0,2
BRDA:424,33,0,1
BRDA:430,34,0,1
BRDA:430,34,1,1
BRDA:442,35,0,1
BRDA:474,36,0,0
BRF:57
BRH:47
end_of_record
TN:
SF:services/imageCDN.ts
FN:45,initImageCache
FN:59,uploadImage
FN:79,(anonymous_12)
FN:94,optimizeImage
FN:137,getOptimizedImageURL
FN:156,cacheImage
FN:194,getCachedImage
FN:213,preloadImages
FN:216,(anonymous_18)
FN:226,clearImageCache
FN:252,cleanupImageCache
FN:292,(anonymous_21)
FN:293,(anonymous_22)
FN:314,getImageCacheStats
FN:356,generateImageSrcSet
FN:361,(anonymous_25)
FN:372,batchUploadImages
FN:376,(anonymous_27)
FN:384,generateCacheKey
FN:389,simpleHash
FN:399,getCacheMetadata
FN:411,saveCacheMetadata
FNF:22
FNH:22
FNDA:3,initImageCache
FNDA:8,uploadImage
FNDA:5,(anonymous_12)
FNDA:11,optimizeImage
FNDA:4,getOptimizedImageURL
FNDA:9,cacheImage
FNDA:2,getCachedImage
FNDA:2,preloadImages
FNDA:3,(anonymous_18)
FNDA:3,clearImageCache
FNDA:4,cleanupImageCache
FNDA:2,(anonymous_21)
FNDA:1,(anonymous_22)
FNDA:3,getImageCacheStats
FNDA:1,generateImageSrcSet
FNDA:3,(anonymous_25)
FNDA:2,batchUploadImages
FNDA:4,(anonymous_27)
FNDA:5,generateCacheKey
FNDA:5,simpleHash
FNDA:8,getCacheMetadata
FNDA:5,saveCacheMetadata
DA:7,1
DA:8,1
DA:9,1
DA:10,1
DA:11,1
DA:30,1
DA:31,1
DA:32,1
DA:34,1
DA:45,1
DA:46,3
DA:47,3
DA:48,2
DA:49,1
DA:52,1
DA:59,1
DA:64,8
DA:65,8
DA:66,8
DA:69,7
DA:71,7
DA:72,2
DA:76,5
DA:77,5
DA:79,5
DA:80,5
DA:82,4
DA:84,4
DA:86,1
DA:87,1
DA:94,1
DA:98,11
DA:99,11
DA:102,11
DA:103,9
DA:112,11
DA:118,11
DA:127,8
DA:129,3
DA:130,3
DA:137,1
DA:150,4
DA:156,1
DA:160,9
DA:161,9
DA:162,9
DA:165,9
DA:166,6
DA:168,2
DA:169,2
DA:170,1
DA:175,5
DA:178,5
DA:184,5
DA:186,3
DA:187,3
DA:194,1
DA:199,2
DA:200,2
DA:202,2
DA:203,1
DA:207,1
DA:213,1
DA:214,2
DA:215,2
DA:216,3
DA:219,0
DA:226,1
DA:227,3
DA:228,3
DA:229,2
DA:231,1
DA:232,1
DA:234,1
DA:235,2
DA:236,2
DA:240,1
DA:242,1
DA:244,1
DA:245,1
DA:252,1
DA:253,4
DA:254,4
DA:255,3
DA:257,2
DA:258,2
DA:259,2
DA:260,2
DA:262,2
DA:265,2
DA:266,4
DA:267,4
DA:268,4
DA:270,4
DA:271,4
DA:276,4
DA:281,2
DA:282,4
DA:283,1
DA:284,1
DA:285,1
DA:290,2
DA:291,1
DA:292,2
DA:293,1
DA:295,1
DA:296,2
DA:298,1
DA:299,1
DA:300,1
DA:304,2
DA:306,1
DA:307,1
DA:314,1
DA:319,3
DA:320,3
DA:321,2
DA:322,1
DA:325,1
DA:326,1
DA:327,1
DA:329,1
DA:330,2
DA:331,2
DA:332,2
DA:334,2
DA:335,2
DA:336,2
DA:337,2
DA:342,1
DA:348,1
DA:349,1
DA:356,1
DA:360,1
DA:362,3
DA:363,3
DA:364,3
DA:372,1
DA:375,2
DA:377,4
DA:385,5
DA:386,5
DA:390,5
DA:391,5
DA:392,117
DA:393,117
DA:394,117
DA:396,5
DA:400,8
DA:401,8
DA:402,8
DA:404,8
DA:405,8
DA:407,0
DA:412,5
DA:413,5
DA:414,5
DA:416,5
DA:418,5
DA:420,0
DA:424,1
LF:161
LH:158
BRDA:30,0,0,1
BRDA:30,0,1,0
BRDA:48,1,0,1
BRDA:66,2,0,1
BRDA:69,3,0,7
BRDA:69,3,1,7
BRDA:71,4,0,2
BRDA:96,5,0,1
BRDA:102,6,0,9
BRDA:102,7,0,11
BRDA:102,7,1,2
BRDA:112,8,0,1
BRDA:112,8,1,10
BRDA:112,9,0,11
BRDA:112,9,1,1
BRDA:114,10,0,1
BRDA:114,10,1,9
BRDA:122,11,0,11
BRDA:122,11,1,1
BRDA:139,12,0,0
BRDA:161,13,0,9
BRDA:161,13,1,3
BRDA:166,14,0,2
BRDA:169,15,0,1
BRDA:169,16,0,2
BRDA:169,16,1,2
BRDA:180,17,0,1
BRDA:180,17,1,4
BRDA:180,18,0,1
BRDA:180,18,1,0
BRDA:196,19,0,0
BRDA:202,20,0,1
BRDA:229,21,0,1
BRDA:255,22,0,1
BRDA:270,23,0,4
BRDA:270,24,0,4
BRDA:270,24,1,4
BRDA:274,25,0,4
BRDA:274,25,1,0
BRDA:282,26,0,1
BRDA:290,27,0,1
BRDA:296,28,0,1
BRDA:321,29,0,1
BRDA:334,30,0,2
BRDA:334,31,0,2
BRDA:334,31,1,2
BRDA:336,32,0,2
BRDA:336,33,0,2
BRDA:336,33,1,2
BRDA:358,34,0,0
BRDA:386,35,0,2
BRDA:386,35,1,3
BRDA:402,36,0,0
BRDA:405,37,0,8
BRDA:405,37,1,0
BRDA:414,38,0,1
BRDA:414,38,1,4
BRF:57
BRH:49
end_of_record
TN:
SF:services/placeIntelligence.ts
FN:50,getFallbackPlaceIntelligence
FN:63,clamp
FN:67,avg
FN:69,(anonymous_13)
FN:72,toNoiseLevel
FN:80,bucketHour
FN:87,parsePriceLevel
FN:94,getExpoExtra
FN:98,getFunctionsProjectId
FN:109,getFunctionsRegion
FN:119,getPlaceSignalEndpoint
FN:134,getProxyAuthHeaders
FN:137,(anonymous_22)
FN:154,withInflight
FN:157,(anonymous_24)
FN:162,fetchWithTimeout
FN:164,(anonymous_26)
FN:176,normalizeExternalSignals
FN:179,(anonymous_28)
FN:187,(anonymous_29)
FN:194,getProxySignals
FN:203,(anonymous_31)
FN:228,deriveCrowdLevel
FN:235,to12HourLabel
FN:241,toForecastLevel
FN:247,buildCrowdForecast
FN:255,(anonymous_36)
FN:269,(anonymous_37)
FN:272,(anonymous_38)
FN:299,deriveUseCases
FN:324,(anonymous_40)
FN:325,(anonymous_41)
FN:340,buildPlaceIntelligenceCore
FN:348,(anonymous_43)
FN:348,(anonymous_44)
FN:349,(anonymous_45)
FN:349,(anonymous_46)
FN:350,(anonymous_47)
FN:350,(anonymous_48)
FN:352,(anonymous_49)
FN:353,(anonymous_50)
FN:362,(anonymous_51)
FN:368,(anonymous_52)
FN:372,(anonymous_53)
FN:372,(anonymous_54)
FN:418,(anonymous_55)
FN:436,invalidatePlaceIntelligenceCache
FN:462,buildPlaceIntelligence
FN:465,(anonymous_58)
FNF:49
FNH:47
FNDA:29,getFallbackPlaceIntelligence
FNDA:728,clamp
FNDA:168,avg
FNDA:249,(anonymous_13)
FNDA:72,toNoiseLevel
FNDA:72,bucketHour
FNDA:4,parsePriceLevel
FNDA:16,getExpoExtra
FNDA:2,getFunctionsProjectId
FNDA:1,getFunctionsRegion
FNDA:13,getPlaceSignalEndpoint
FNDA:11,getProxyAuthHeaders
FNDA:11,(anonymous_22)
FNDA:12,withInflight
FNDA:11,(anonymous_24)
FNDA:11,fetchWithTimeout
FNDA:0,(anonymous_26)
FNDA:11,normalizeExternalSignals
FNDA:5,(anonymous_28)
FNDA:4,(anonymous_29)
FNDA:28,getProxySignals
FNDA:11,(anonymous_31)
FNDA:56,deriveCrowdLevel
FNDA:168,to12HourLabel
FNDA:168,toForecastLevel
FNDA:28,buildCrowdForecast
FNDA:72,(anonymous_36)
FNDA:672,(anonymous_37)
FNDA:672,(anonymous_38)
FNDA:28,deriveUseCases
FNDA:5,(anonymous_40)
FNDA:5,(anonymous_41)
FNDA:29,buildPlaceIntelligenceCore
FNDA:72,(anonymous_43)
FNDA:72,(anonymous_44)
FNDA:72,(anonymous_45)
FNDA:72,(anonymous_46)
FNDA:72,(anonymous_47)
FNDA:72,(anonymous_48)
FNDA:72,(anonymous_49)
FNDA:72,(anonymous_50)
FNDA:72,(anonymous_51)
FNDA:135,(anonymous_52)
FNDA:5,(anonymous_53)
FNDA:5,(anonymous_54)
FNDA:5,(anonymous_55)
FNDA:0,invalidatePlaceIntelligenceCache
FNDA:29,buildPlaceIntelligence
FNDA:29,(anonymous_58)
DA:1,1
DA:2,1
DA:3,1
DA:45,1
DA:46,1
DA:47,1
DA:48,1
DA:51,29
DA:64,728
DA:68,168
DA:69,249
DA:73,72
DA:74,72
DA:75,8
DA:76,6
DA:77,1
DA:81,72
DA:82,70
DA:83,68
DA:84,67
DA:88,4
DA:89,1
DA:90,1
DA:91,1
DA:95,16
DA:99,2
DA:100,2
DA:110,1
DA:111,1
DA:120,13
DA:122,13
DA:127,13
DA:128,2
DA:129,2
DA:130,1
DA:131,1
DA:135,11
DA:136,11
DA:137,22
DA:138,11
DA:139,11
DA:140,11
DA:141,7
DA:142,7
DA:146,11
DA:147,11
DA:148,1
DA:151,11
DA:155,12
DA:156,12
DA:157,11
DA:158,11
DA:159,11
DA:163,11
DA:164,11
DA:165,11
DA:166,11
DA:167,10
DA:168,9
DA:170,1
DA:172,11
DA:177,11
DA:178,9
DA:180,5
DA:181,4
DA:187,4
DA:195,28
DA:196,13
DA:197,13
DA:198,12
DA:199,12
DA:200,12
DA:201,0
DA:203,12
DA:204,11
DA:209,11
DA:222,11
DA:223,11
DA:224,11
DA:229,56
DA:230,50
DA:231,14
DA:232,4
DA:236,168
DA:237,168
DA:238,168
DA:242,168
DA:243,24
DA:244,0
DA:248,28
DA:249,28
DA:251,28
DA:252,28
DA:253,28
DA:255,28
DA:256,72
DA:257,72
DA:258,72
DA:259,72
DA:260,72
DA:261,71
DA:262,71
DA:266,28
DA:268,28
DA:270,672
DA:271,672
DA:272,672
DA:275,28
DA:276,28
DA:277,168
DA:278,168
DA:279,168
DA:282,168
DA:283,168
DA:284,168
DA:286,168
DA:296,28
DA:308,28
DA:310,28
DA:311,22
DA:313,28
DA:314,19
DA:316,28
DA:317,2
DA:319,28
DA:320,5
DA:322,28
DA:324,5
DA:325,5
DA:327,28
DA:328,3
DA:330,28
DA:331,24
DA:333,28
DA:334,3
DA:337,28
DA:341,29
DA:342,29
DA:343,29
DA:345,28
DA:346,28
DA:348,72
DA:349,72
DA:350,72
DA:351,28
DA:352,72
DA:353,72
DA:354,28
DA:358,28
DA:362,28
DA:363,72
DA:364,72
DA:365,72
DA:366,72
DA:368,135
DA:369,28
DA:371,28
DA:372,28
DA:375,28
DA:379,28
DA:381,28
DA:382,28
DA:383,28
DA:386,28
DA:395,28
DA:397,28
DA:398,28
DA:399,28
DA:401,28
DA:402,28
DA:412,28
DA:413,28
DA:414,28
DA:415,28
DA:416,28
DA:417,28
DA:418,28
DA:419,28
DA:421,28
DA:432,28
DA:433,28
DA:436,1
DA:437,0
DA:438,0
DA:439,0
DA:440,0
DA:441,0
DA:444,0
DA:445,0
DA:446,0
DA:447,0
DA:450,0
DA:451,0
DA:452,0
DA:455,0
DA:456,0
DA:457,0
DA:462,1
DA:463,29
DA:465,29
LF:200
LH:183
BRDA:68,0,0,58
BRDA:73,1,0,0
BRDA:74,2,0,64
BRDA:75,3,0,2
BRDA:76,4,0,5
BRDA:81,5,0,2
BRDA:81,6,0,72
BRDA:81,6,1,5
BRDA:82,7,0,2
BRDA:82,8,0,70
BRDA:82,8,1,3
BRDA:83,9,0,1
BRDA:83,10,0,68
BRDA:83,10,1,1
BRDA:88,11,0,3
BRDA:90,12,0,0
BRDA:95,13,0,16
BRDA:95,13,1,0
BRDA:101,14,0,2
BRDA:101,14,1,2
BRDA:101,14,2,2
BRDA:101,14,3,1
BRDA:101,14,4,1
BRDA:112,15,0,1
BRDA:112,15,1,1
BRDA:112,15,2,1
BRDA:112,15,3,0
BRDA:122,16,0,13
BRDA:122,16,1,13
BRDA:122,16,2,13
BRDA:122,16,3,13
BRDA:122,16,4,2
BRDA:127,17,0,11
BRDA:129,18,0,1
BRDA:140,19,0,7
BRDA:140,20,0,11
BRDA:140,20,1,7
BRDA:142,21,0,7
BRDA:147,22,0,1
BRDA:147,23,0,11
BRDA:147,23,1,1
BRDA:156,24,0,1
BRDA:162,25,0,0
BRDA:163,26,0,11
BRDA:163,26,1,0
BRDA:167,27,0,1
BRDA:177,28,0,2
BRDA:180,29,0,1
BRDA:180,30,0,5
BRDA:180,30,1,5
BRDA:180,30,2,2
BRDA:183,31,0,4
BRDA:183,31,1,0
BRDA:184,32,0,3
BRDA:184,32,1,1
BRDA:185,33,0,1
BRDA:185,33,1,3
BRDA:186,34,0,1
BRDA:186,34,1,3
BRDA:187,35,0,4
BRDA:187,35,1,3
BRDA:195,36,0,15
BRDA:195,37,0,28
BRDA:195,37,1,28
BRDA:197,38,0,1
BRDA:198,39,0,12
BRDA:198,39,1,0
BRDA:200,40,0,0
BRDA:200,41,0,12
BRDA:200,41,1,0
BRDA:216,42,0,11
BRDA:216,42,1,0
BRDA:229,43,0,6
BRDA:230,44,0,36
BRDA:231,45,0,10
BRDA:236,46,0,0
BRDA:236,46,1,168
BRDA:237,47,0,168
BRDA:237,47,1,28
BRDA:242,48,0,144
BRDA:243,49,0,24
BRDA:257,50,0,0
BRDA:260,51,0,71
BRDA:268,52,0,28
BRDA:268,52,1,3
BRDA:271,53,0,26
BRDA:271,53,1,646
BRDA:279,54,0,23
BRDA:279,54,1,145
BRDA:288,55,0,28
BRDA:288,55,1,140
BRDA:310,56,0,22
BRDA:313,57,0,19
BRDA:313,58,0,28
BRDA:313,58,1,19
BRDA:313,59,0,28
BRDA:313,59,1,3
BRDA:313,60,0,19
BRDA:313,60,1,0
BRDA:316,61,0,2
BRDA:319,62,0,5
BRDA:327,63,0,3
BRDA:327,64,0,28
BRDA:327,64,1,23
BRDA:330,65,0,24
BRDA:330,66,0,28
BRDA:330,66,1,4
BRDA:333,67,0,3
BRDA:341,68,0,29
BRDA:341,68,1,16
BRDA:341,69,0,29
BRDA:341,69,1,0
BRDA:341,70,0,29
BRDA:341,70,1,15
BRDA:341,71,0,29
BRDA:341,71,1,15
BRDA:343,72,0,1
BRDA:343,73,0,29
BRDA:343,73,1,1
BRDA:345,74,0,27
BRDA:345,74,1,1
BRDA:346,75,0,28
BRDA:346,75,1,24
BRDA:354,76,0,25
BRDA:354,76,1,3
BRDA:364,77,0,0
BRDA:369,78,0,26
BRDA:369,78,1,2
BRDA:375,79,0,28
BRDA:375,79,1,25
BRDA:376,80,0,28
BRDA:376,80,1,25
BRDA:377,81,0,28
BRDA:377,81,1,26
BRDA:378,82,0,28
BRDA:378,82,1,25
BRDA:379,83,0,28
BRDA:379,83,1,0
BRDA:379,84,0,28
BRDA:379,84,1,26
BRDA:381,85,0,2
BRDA:381,85,1,26
BRDA:382,86,0,0
BRDA:382,86,1,28
BRDA:383,87,0,4
BRDA:383,87,1,24
BRDA:383,88,0,1
BRDA:383,88,1,23
BRDA:386,89,0,28
BRDA:386,89,1,3
BRDA:387,90,0,28
BRDA:387,90,1,7
BRDA:388,91,0,25
BRDA:388,91,1,3
BRDA:389,92,0,25
BRDA:389,92,1,3
BRDA:391,93,0,28
BRDA:391,93,1,23
BRDA:398,94,0,5
BRDA:398,94,1,23
BRDA:413,95,0,19
BRDA:413,96,0,28
BRDA:413,96,1,3
BRDA:414,97,0,21
BRDA:414,98,0,28
BRDA:414,98,1,7
BRDA:415,99,0,21
BRDA:415,100,0,28
BRDA:415,100,1,3
BRDA:416,101,0,22
BRDA:416,102,0,28
BRDA:416,102,1,3
BRDA:417,103,0,4
BRDA:418,104,0,2
BRDA:418,105,0,5
BRDA:418,105,1,2
BRDA:419,106,0,4
BRDA:437,107,0,0
BRDA:446,108,0,0
BRDA:451,109,0,0
BRDA:456,110,0,0
BRF:181
BRH:159
end_of_record
TN:
SF:services/schemaHelpers.ts
FN:27,parseCheckinTimestamp
FN:67,queryCheckinsBySpot
FN:130,queryCheckinsByUser
FN:175,queryAllCheckins
FN:217,subscribeApprovedCheckins
FN:234,(anonymous_5)
FN:238,(anonymous_6)
FN:254,(anonymous_7)
FN:256,(anonymous_8)
FN:261,(anonymous_9)
FN:267,(anonymous_10)
FNF:11
FNH:11
FNDA:18,parseCheckinTimestamp
FNDA:11,queryCheckinsBySpot
FNDA:6,queryCheckinsByUser
FNDA:7,queryAllCheckins
FNDA:10,subscribeApprovedCheckins
FNDA:7,(anonymous_5)
FNDA:5,(anonymous_6)
FNDA:4,(anonymous_7)
FNDA:5,(anonymous_8)
FNDA:1,(anonymous_9)
FNDA:2,(anonymous_10)
DA:27,2
DA:28,18
DA:29,18
DA:32,13
DA:33,4
DA:34,4
DA:36,1
DA:41,9
DA:42,1
DA:46,8
DA:47,4
DA:51,4
DA:52,4
DA:67,2
DA:78,11
DA:81,11
DA:86,11
DA:87,3
DA:89,11
DA:90,2
DA:92,11
DA:93,11
DA:96,11
DA:97,10
DA:100,8
DA:105,8
DA:106,3
DA:108,8
DA:109,2
DA:111,8
DA:112,8
DA:115,8
DA:130,2
DA:139,6
DA:142,6
DA:147,6
DA:148,6
DA:150,6
DA:151,6
DA:154,5
DA:159,5
DA:160,5
DA:162,5
DA:175,2
DA:183,7
DA:185,7
DA:187,7
DA:188,2
DA:192,7
DA:193,7
DA:194,7
DA:196,7
DA:197,7
DA:200,6
DA:201,6
DA:202,6
DA:204,6
DA:217,2
DA:223,10
DA:229,10
DA:230,10
DA:233,10
DA:236,7
DA:237,3
DA:238,5
DA:239,3
DA:242,3
DA:243,1
DA:244,1
DA:248,4
DA:254,4
DA:255,4
DA:256,5
DA:257,4
DA:262,1
DA:267,10
DA:268,2
DA:269,2
DA:273,2
LF:79
LH:79
BRDA:28,0,0,18
BRDA:28,0,1,9
BRDA:29,1,0,5
BRDA:32,2,0,4
BRDA:41,3,0,1
BRDA:46,4,0,4
BRDA:52,5,0,2
BRDA:52,5,1,2
BRDA:78,6,0,7
BRDA:78,7,0,11
BRDA:78,8,0,11
BRDA:78,8,1,3
BRDA:86,9,0,3
BRDA:89,10,0,2
BRDA:92,11,0,11
BRDA:97,12,0,2
BRDA:105,13,0,3
BRDA:108,14,0,2
BRDA:111,15,0,8
BRDA:139,16,0,4
BRDA:139,17,0,6
BRDA:139,17,1,2
BRDA:147,18,0,2
BRDA:151,19,0,1
BRDA:159,20,0,2
BRDA:183,21,0,5
BRDA:183,22,0,5
BRDA:183,23,0,7
BRDA:183,23,1,2
BRDA:187,24,0,2
BRDA:193,25,0,2
BRDA:197,26,0,1
BRDA:201,27,0,2
BRDA:220,28,0,9
BRDA:236,29,0,3
BRDA:236,29,1,4
BRDA:238,30,0,5
BRDA:238,30,1,1
BRDA:242,31,0,1
BRDA:256,32,0,5
BRDA:256,32,1,1
BRDA:268,33,0,2
BRDA:269,34,0,1
BRF:43
BRH:43
end_of_record
